#
# There is insufficient memory for the Java Runtime Environment to continue.
# Native memory allocation (malloc) failed to allocate 54704 bytes for Chunk::new
# Possible reasons:
#   The system is out of physical RAM or swap space
#   The process is running with CompressedOops enabled, and the Java Heap may be blocking the growth of the native heap
# Possible solutions:
#   Reduce memory load on the system
#   Increase physical memory or swap space
#   Check if swap backing store is full
#   Decrease Java heap size (-Xmx/-Xms)
#   Decrease number of Java threads
#   Decrease Java thread stack sizes (-Xss)
#   Set larger code cache with -XX:ReservedCodeCacheSize=
#   JVM is running with Unscaled Compressed Oops mode in which the Java heap is
#     placed in the first 4GB address space. The Java Heap base address is the
#     maximum limit for the native heap growth. Please use -XX:HeapBaseMinAddress
#     to set the Java Heap base and to place the Java Heap above 4GB virtual address.
# This output file may be truncated or incomplete.
#
#  Out of Memory Error (allocation.cpp:389), pid=19092, tid=0x0000000000003c40
#
# JRE version: Java(TM) SE Runtime Environment (8.0_241-b07) (build 1.8.0_241-b07)
# Java VM: Java HotSpot(TM) 64-Bit Server VM (25.241-b07 mixed mode windows-amd64 compressed oops)
# Failed to write core dump. Minidumps are not enabled by default on client versions of Windows
#

---------------  T H R E A D  ---------------

Current thread (0x000000001397a800):  JavaThread "C2 CompilerThread0" daemon [_thread_in_native, id=15424, stack(0x0000000014fd0000,0x00000000150d0000)]

Stack: [0x0000000014fd0000,0x00000000150d0000]
[error occurred during error reporting (printing stack bounds), id 0xc0000005]

Native frames: (J=compiled Java code, j=interpreted, Vv=VM code, C=native code)


Current CompileTask:
C2:14863294 8653       4       com.sun.jmx.mbeanserver.Repository::retrieveNamedObject (63 bytes)


---------------  P R O C E S S  ---------------

Java Threads: ( => current thread )
  0x000000001c585800 JavaThread "Memory manager" [_thread_in_vm, id=9564, stack(0x00000000289c0000,0x0000000028ac0000)]
  0x000000001757a800 JavaThread "Cache worker for file content cache (C:\Users\ann\.gradle\caches\6.5\fileContent)" [_thread_blocked, id=6888, stack(0x000000001dd20000,0x000000001de20000)]
  0x000000001757e800 JavaThread "Cache worker for execution history cache (C:\Users\ann\.gradle\caches\6.5\executionHistory)" [_thread_blocked, id=12448, stack(0x000000001d3f0000,0x000000001d4f0000)]
  0x0000000017580000 JavaThread "Cache worker for file hash cache (C:\Users\ann\.gradle\caches\6.5\fileHashes)" [_thread_blocked, id=17580, stack(0x00000000199f0000,0x0000000019af0000)]
  0x000000001757d000 JavaThread "File lock request listener" [_thread_in_native, id=820, stack(0x00000000198f0000,0x00000000199f0000)]
  0x000000001757c000 JavaThread "Cache worker for journal cache (C:\Users\ann\.gradle\caches\journal-1)" [_thread_blocked, id=16540, stack(0x00000000194f0000,0x00000000195f0000)]
  0x00000000175c9800 JavaThread "Stdin handler" [_thread_blocked, id=11328, stack(0x00000000192f0000,0x00000000193f0000)]
  0x0000000017508800 JavaThread "Asynchronous log dispatcher for DefaultDaemonConnection: socket connection from /127.0.0.1:49538 to /127.0.0.1:49539" [_thread_blocked, id=20100, stack(0x00000000191f0000,0x00000000192f0000)]
  0x0000000017511800 JavaThread "Daemon worker" [_thread_blocked, id=18068, stack(0x00000000190f0000,0x00000000191f0000)]
  0x00000000174f1000 JavaThread "Daemon" [_thread_blocked, id=21856, stack(0x0000000018df0000,0x0000000018ef0000)]
  0x0000000017439000 JavaThread "Daemon health stats" [_thread_blocked, id=12824, stack(0x0000000018070000,0x0000000018170000)]
  0x0000000015300800 JavaThread "Service Thread" daemon [_thread_blocked, id=17796, stack(0x00000000156d0000,0x00000000157d0000)]
  0x000000001398c800 JavaThread "C1 CompilerThread2" daemon [_thread_blocked, id=21816, stack(0x00000000151d0000,0x00000000152d0000)]
  0x000000001397e800 JavaThread "C2 CompilerThread1" daemon [_thread_in_native, id=14292, stack(0x00000000150d0000,0x00000000151d0000)]
=>0x000000001397a800 JavaThread "C2 CompilerThread0" daemon [_thread_in_native, id=15424, stack(0x0000000014fd0000,0x00000000150d0000)]
  0x0000000013978800 JavaThread "Attach Listener" daemon [_thread_blocked, id=16600, stack(0x0000000014ed0000,0x0000000014fd0000)]
  0x0000000013977800 JavaThread "Signal Dispatcher" daemon [_thread_blocked, id=21980, stack(0x0000000014dd0000,0x0000000014ed0000)]
  0x00000000025fc800 JavaThread "Finalizer" daemon [_thread_blocked, id=11420, stack(0x0000000014bd0000,0x0000000014cd0000)]
  0x00000000025f3800 JavaThread "Reference Handler" daemon [_thread_blocked, id=3568, stack(0x0000000014ad0000,0x0000000014bd0000)]
  0x0000000002502800 JavaThread "main" [_thread_blocked, id=21864, stack(0x0000000002400000,0x0000000002500000)]

Other Threads:
  0x0000000013937800 VMThread [stack: 0x00000000149d0000,0x0000000014ad0000] [id=15752]
  0x0000000015301800 WatcherThread [stack: 0x00000000157d0000,0x00000000158d0000] [id=22164]

VM state:not at safepoint (normal execution)

VM Mutex/Monitor currently owned by a thread: None

heap address: 0x00000000e0000000, size: 512 MB, Compressed Oops mode: 32-bit
Narrow klass base: 0x0000000000000000, Narrow klass shift: 3
Compressed class space size: 1073741824 Address: 0x0000000100000000

Heap:
 PSYoungGen      total 151552K, used 114984K [0x00000000f5580000, 0x0000000100000000, 0x0000000100000000)
  eden space 128512K, 71% used [0x00000000f5580000,0x00000000faf852f0,0x00000000fd300000)
  from space 23040K, 98% used [0x00000000fd300000,0x00000000fe944df8,0x00000000fe980000)
  to   space 23040K, 0% used [0x00000000fe980000,0x00000000fe980000,0x0000000100000000)
 ParOldGen       total 215040K, used 37395K [0x00000000e0000000, 0x00000000ed200000, 0x00000000f5580000)
  object space 215040K, 17% used [0x00000000e0000000,0x00000000e2484e80,0x00000000ed200000)
 Metaspace       used 73726K, capacity 77316K, committed 77568K, reserved 1116160K
  class space    used 10210K, capacity 10940K, committed 11008K, reserved 1048576K

Card table byte_map: [0x00000000119c0000,0x0000000011ad0000] byte_map_base: 0x00000000112c0000

Marking Bits: (ParMarkBitMap*) 0x000000006203be30
 Begin Bits: [0x0000000011ed0000, 0x00000000126d0000)
 End Bits:   [0x00000000126d0000, 0x0000000012ed0000)

Polling page: 0x00000000001f0000

CodeCache: size=245760Kb used=23599Kb max_used=23611Kb free=222160Kb
 bounds [0x0000000002600000, 0x0000000003d30000, 0x0000000011600000]
 total_blobs=8355 nmethods=7539 adapters=728
 compilation: enabled

Compilation events (10 events):
Event: 14863.246 Thread 0x000000001397e800 nmethod 8650 0x0000000003d00d50 code [0x0000000003d00e80, 0x0000000003d00f18]
Event: 14863.254 Thread 0x000000001397a800 nmethod 8649 0x0000000003cfaa10 code [0x0000000003cfab80, 0x0000000003cfaff8]
Event: 14863.262 Thread 0x000000001397e800 8651       4       com.sun.jmx.interceptor.DefaultMBeanServerInterceptor::nonDefaultDomain (43 bytes)
Event: 14863.266 Thread 0x000000001397a800 8652       4       java.util.concurrent.locks.ReentrantReadWriteLock$Sync::tryAcquireShared (177 bytes)
Event: 14863.269 Thread 0x000000001397a800 nmethod 8652 0x0000000003d1ced0 code [0x0000000003d1d020, 0x0000000003d1d1f8]
Event: 14863.269 Thread 0x000000001397a800 8653       4       com.sun.jmx.mbeanserver.Repository::retrieveNamedObject (63 bytes)
Event: 14863.270 Thread 0x000000001397e800 nmethod 8651 0x0000000003cf9fd0 code [0x0000000003cfa140, 0x0000000003cfa578]
Event: 14863.271 Thread 0x000000001397e800 8654       4       java.util.concurrent.locks.ReentrantReadWriteLock$Sync::tryReleaseShared (147 bytes)
Event: 14863.272 Thread 0x000000001397e800 nmethod 8654 0x0000000003cf9c90 code [0x0000000003cf9de0, 0x0000000003cf9ed8]
Event: 14863.275 Thread 0x000000001397e800 8655   !   4       org.gradle.process.internal.health.memory.MBeanAttributeProvider::getMbeanAttribute (105 bytes)

GC Heap History (10 events):
Event: 13.404 GC heap before
{Heap before GC invocations=10 (full 2):
 PSYoungGen      total 158720K, used 154627K [0x00000000f5580000, 0x00000000fff00000, 0x0000000100000000)
  eden space 143872K, 100% used [0x00000000f5580000,0x00000000fe200000,0x00000000fe200000)
  from space 14848K, 72% used [0x00000000fe200000,0x00000000fec80d00,0x00000000ff080000)
  to   space 14848K, 0% used [0x00000000ff080000,0x00000000ff080000,0x00000000fff00000)
 ParOldGen       total 175104K, used 15404K [0x00000000e0000000, 0x00000000eab00000, 0x00000000f5580000)
  object space 175104K, 8% used [0x00000000e0000000,0x00000000e0f0b1f0,0x00000000eab00000)
 Metaspace       used 51256K, capacity 53296K, committed 53632K, reserved 1095680K
  class space    used 6977K, capacity 7429K, committed 7552K, reserved 1048576K
Event: 13.434 GC heap after
Heap after GC invocations=10 (full 2):
 PSYoungGen      total 150528K, used 14827K [0x00000000f5580000, 0x0000000100000000, 0x0000000100000000)
  eden space 135680K, 0% used [0x00000000f5580000,0x00000000f5580000,0x00000000fda00000)
  from space 14848K, 99% used [0x00000000ff080000,0x00000000ffefaf40,0x00000000fff00000)
  to   space 19456K, 0% used [0x00000000fda00000,0x00000000fda00000,0x00000000fed00000)
 ParOldGen       total 175104K, used 22185K [0x00000000e0000000, 0x00000000eab00000, 0x00000000f5580000)
  object space 175104K, 12% used [0x00000000e0000000,0x00000000e15aa660,0x00000000eab00000)
 Metaspace       used 51256K, capacity 53296K, committed 53632K, reserved 1095680K
  class space    used 6977K, capacity 7429K, committed 7552K, reserved 1048576K
}
Event: 15.934 GC heap before
{Heap before GC invocations=11 (full 2):
 PSYoungGen      total 150528K, used 123689K [0x00000000f5580000, 0x0000000100000000, 0x0000000100000000)
  eden space 135680K, 80% used [0x00000000f5580000,0x00000000fbfcf4f8,0x00000000fda00000)
  from space 14848K, 99% used [0x00000000ff080000,0x00000000ffefaf40,0x00000000fff00000)
  to   space 19456K, 0% used [0x00000000fda00000,0x00000000fda00000,0x00000000fed00000)
 ParOldGen       total 175104K, used 22185K [0x00000000e0000000, 0x00000000eab00000, 0x00000000f5580000)
  object space 175104K, 12% used [0x00000000e0000000,0x00000000e15aa660,0x00000000eab00000)
 Metaspace       used 56557K, capacity 59070K, committed 59160K, reserved 1099776K
  class space    used 7809K, capacity 8290K, committed 8320K, reserved 1048576K
Event: 15.965 GC heap after
Heap after GC invocations=11 (full 2):
 PSYoungGen      total 155136K, used 19451K [0x00000000f5580000, 0x0000000100000000, 0x0000000100000000)
  eden space 135680K, 0% used [0x00000000f5580000,0x00000000f5580000,0x00000000fda00000)
  from space 19456K, 99% used [0x00000000fda00000,0x00000000fecfef30,0x00000000fed00000)
  to   space 19456K, 0% used [0x00000000fed00000,0x00000000fed00000,0x0000000100000000)
 ParOldGen       total 175104K, used 27388K [0x00000000e0000000, 0x00000000eab00000, 0x00000000f5580000)
  object space 175104K, 15% used [0x00000000e0000000,0x00000000e1abf358,0x00000000eab00000)
 Metaspace       used 56557K, capacity 59070K, committed 59160K, reserved 1099776K
  class space    used 7809K, capacity 8290K, committed 8320K, reserved 1048576K
}
Event: 15.965 GC heap before
{Heap before GC invocations=12 (full 3):
 PSYoungGen      total 155136K, used 19451K [0x00000000f5580000, 0x0000000100000000, 0x0000000100000000)
  eden space 135680K, 0% used [0x00000000f5580000,0x00000000f5580000,0x00000000fda00000)
  from space 19456K, 99% used [0x00000000fda00000,0x00000000fecfef30,0x00000000fed00000)
  to   space 19456K, 0% used [0x00000000fed00000,0x00000000fed00000,0x0000000100000000)
 ParOldGen       total 175104K, used 27388K [0x00000000e0000000, 0x00000000eab00000, 0x00000000f5580000)
  object space 175104K, 15% used [0x00000000e0000000,0x00000000e1abf358,0x00000000eab00000)
 Metaspace       used 56557K, capacity 59070K, committed 59160K, reserved 1099776K
  class space    used 7809K, capacity 8290K, committed 8320K, reserved 1048576K
Event: 16.256 GC heap after
Heap after GC invocations=12 (full 3):
 PSYoungGen      total 155136K, used 0K [0x00000000f5580000, 0x0000000100000000, 0x0000000100000000)
  eden space 135680K, 0% used [0x00000000f5580000,0x00000000f5580000,0x00000000fda00000)
  from space 19456K, 0% used [0x00000000fda00000,0x00000000fda00000,0x00000000fed00000)
  to   space 19456K, 0% used [0x00000000fed00000,0x00000000fed00000,0x0000000100000000)
 ParOldGen       total 215040K, used 37387K [0x00000000e0000000, 0x00000000ed200000, 0x00000000f5580000)
  object space 215040K, 17% used [0x00000000e0000000,0x00000000e2482e80,0x00000000ed200000)
 Metaspace       used 56543K, capacity 59022K, committed 59160K, reserved 1099776K
  class space    used 7805K, capacity 8282K, committed 8320K, reserved 1048576K
}
Event: 18.564 GC heap before
{Heap before GC invocations=13 (full 3):
 PSYoungGen      total 155136K, used 135680K [0x00000000f5580000, 0x0000000100000000, 0x0000000100000000)
  eden space 135680K, 100% used [0x00000000f5580000,0x00000000fda00000,0x00000000fda00000)
  from space 19456K, 0% used [0x00000000fda00000,0x00000000fda00000,0x00000000fed00000)
  to   space 19456K, 0% used [0x00000000fed00000,0x00000000fed00000,0x0000000100000000)
 ParOldGen       total 215040K, used 37387K [0x00000000e0000000, 0x00000000ed200000, 0x00000000f5580000)
  object space 215040K, 17% used [0x00000000e0000000,0x00000000e2482e80,0x00000000ed200000)
 Metaspace       used 62313K, capacity 65146K, committed 65280K, reserved 1105920K
  class space    used 8766K, capacity 9365K, committed 9472K, reserved 1048576K
Event: 18.593 GC heap after
Heap after GC invocations=13 (full 3):
 PSYoungGen      total 147968K, used 12432K [0x00000000f5580000, 0x0000000100000000, 0x0000000100000000)
  eden space 128512K, 0% used [0x00000000f5580000,0x00000000f5580000,0x00000000fd300000)
  from space 19456K, 63% used [0x00000000fed00000,0x00000000ff9242d8,0x0000000100000000)
  to   space 23040K, 0% used [0x00000000fd300000,0x00000000fd300000,0x00000000fe980000)
 ParOldGen       total 215040K, used 37387K [0x00000000e0000000, 0x00000000ed200000, 0x00000000f5580000)
  object space 215040K, 17% used [0x00000000e0000000,0x00000000e2482e80,0x00000000ed200000)
 Metaspace       used 62313K, capacity 65146K, committed 65280K, reserved 1105920K
  class space    used 8766K, capacity 9365K, committed 9472K, reserved 1048576K
}
Event: 21.186 GC heap before
{Heap before GC invocations=14 (full 3):
 PSYoungGen      total 147968K, used 140944K [0x00000000f5580000, 0x0000000100000000, 0x0000000100000000)
  eden space 128512K, 100% used [0x00000000f5580000,0x00000000fd300000,0x00000000fd300000)
  from space 19456K, 63% used [0x00000000fed00000,0x00000000ff9242d8,0x0000000100000000)
  to   space 23040K, 0% used [0x00000000fd300000,0x00000000fd300000,0x00000000fe980000)
 ParOldGen       total 215040K, used 37387K [0x00000000e0000000, 0x00000000ed200000, 0x00000000f5580000)
  object space 215040K, 17% used [0x00000000e0000000,0x00000000e2482e80,0x00000000ed200000)
 Metaspace       used 66786K, capacity 70204K, committed 70400K, reserved 1110016K
  class space    used 9481K, capacity 10136K, committed 10240K, reserved 1048576K
Event: 21.213 GC heap after
Heap after GC invocations=14 (full 3):
 PSYoungGen      total 151552K, used 22803K [0x00000000f5580000, 0x0000000100000000, 0x0000000100000000)
  eden space 128512K, 0% used [0x00000000f5580000,0x00000000f5580000,0x00000000fd300000)
  from space 23040K, 98% used [0x00000000fd300000,0x00000000fe944df8,0x00000000fe980000)
  to   space 23040K, 0% used [0x00000000fe980000,0x00000000fe980000,0x0000000100000000)
 ParOldGen       total 215040K, used 37395K [0x00000000e0000000, 0x00000000ed200000, 0x00000000f5580000)
  object space 215040K, 17% used [0x00000000e0000000,0x00000000e2484e80,0x00000000ed200000)
 Metaspace       used 66786K, capacity 70204K, committed 70400K, reserved 1110016K
  class space    used 9481K, capacity 10136K, committed 10240K, reserved 1048576K
}

Deoptimization events (10 events):
Event: 22.053 Thread 0x0000000017511800 Uncommon trap: reason=unstable_if action=reinterpret pc=0x0000000002a918cc method=org.gradle.internal.logging.text.AbstractLineChoppingStyledTextOutput$2.execute(Lorg/gradle/internal/logging/text/AbstractLineChoppingStyledTextOutput$StateContext;)V @ 30
Event: 22.053 Thread 0x0000000017511800 Uncommon trap: reason=unstable_if action=reinterpret pc=0x0000000002a4178c method=org.gradle.internal.logging.text.AbstractLineChoppingStyledTextOutput$2.execute(Lorg/gradle/internal/logging/text/AbstractLineChoppingStyledTextOutput$StateContext;)V @ 30
Event: 22.061 Thread 0x000000001757d800 Uncommon trap: reason=class_check action=maybe_recompile pc=0x00000000032514b4 method=java.util.concurrent.locks.ReentrantLock.lock()V @ 4
Event: 22.068 Thread 0x000000001c589000 Uncommon trap: reason=class_check action=maybe_recompile pc=0x00000000032514b4 method=java.util.concurrent.locks.ReentrantLock.lock()V @ 4
Event: 22.069 Thread 0x000000001551b800 Uncommon trap: reason=class_check action=maybe_recompile pc=0x00000000032514b4 method=java.util.concurrent.locks.ReentrantLock.lock()V @ 4
Event: 22.074 Thread 0x000000001c58d000 Uncommon trap: reason=class_check action=maybe_recompile pc=0x00000000032514b4 method=java.util.concurrent.locks.ReentrantLock.lock()V @ 4
Event: 22.095 Thread 0x0000000017511800 Uncommon trap: reason=unstable_if action=reinterpret pc=0x0000000002f9c7b8 method=java.util.HashMap$HashIterator.<init>(Ljava/util/HashMap;)V @ 45
Event: 75.571 Thread 0x000000001c587800 Uncommon trap: reason=unstable_if action=reinterpret pc=0x0000000002b6f724 method=java.util.concurrent.SynchronousQueue$TransferStack.awaitFulfill(Ljava/util/concurrent/SynchronousQueue$TransferStack$SNode;ZJ)Ljava/util/concurrent/SynchronousQueue$Transfe
Event: 258.083 Thread 0x000000001b3b0000 Uncommon trap: reason=unstable_if action=reinterpret pc=0x000000000278f6a0 method=com.esotericsoftware.kryo.io.Input.require(I)I @ 180
Event: 258.148 Thread 0x00000000174f7800 Uncommon trap: reason=unstable_if action=reinterpret pc=0x0000000003848e88 method=com.esotericsoftware.kryo.io.Input.require(I)I @ 180

Classes redefined (0 events):
No events

Internal exceptions (10 events):
Event: 21.652 Thread 0x000000001c58d800 Exception <a 'java/lang/NoSuchMethodError': java.lang.Object.newSystemTemporaryDirectory()Lcom/android/tools/build/apkzlib/bytestorage/TemporaryDirectory;> (0x00000000f81c7458) thrown at [C:\ade\jenkins\workspace\8-2-build-windows-amd64-cygwin\jdk8u241\33
Event: 21.717 Thread 0x000000001c58d800 Exception <a 'java/lang/NoSuchMethodError': java.lang.Object.lambda$static$0(Lcom/android/apksig/util/RunnablesProvider;)V> (0x00000000f846ed40) thrown at [C:\ade\jenkins\workspace\8-2-build-windows-amd64-cygwin\jdk8u241\331\hotspot\src\share\vm\interpret
Event: 22.037 Thread 0x0000000017511800 Exception <a 'sun/nio/fs/WindowsException'> (0x00000000f8bbe5a8) thrown at [C:\ade\jenkins\workspace\8-2-build-windows-amd64-cygwin\jdk8u241\331\hotspot\src\share\vm\prims\jni.cpp, line 710]
Event: 22.050 Thread 0x0000000017511800 Exception <a 'sun/nio/fs/WindowsException'> (0x00000000f8c680f8) thrown at [C:\ade\jenkins\workspace\8-2-build-windows-amd64-cygwin\jdk8u241\331\hotspot\src\share\vm\prims\jni.cpp, line 710]
Event: 258.069 Thread 0x000000001b3b0000 Exception <a 'java/lang/NoSuchMethodError': <clinit>> (0x00000000fa1697d8) thrown at [C:\ade\jenkins\workspace\8-2-build-windows-amd64-cygwin\jdk8u241\331\hotspot\src\share\vm\prims\jni.cpp, line 1614]
Event: 258.069 Thread 0x000000001b3b0000 Exception <a 'java/lang/NoSuchMethodError': <clinit>> (0x00000000fa170f80) thrown at [C:\ade\jenkins\workspace\8-2-build-windows-amd64-cygwin\jdk8u241\331\hotspot\src\share\vm\prims\jni.cpp, line 1614]
Event: 258.094 Thread 0x00000000174f1000 Exception <a 'java/lang/NoSuchMethodError': <clinit>> (0x00000000fa3f0a60) thrown at [C:\ade\jenkins\workspace\8-2-build-windows-amd64-cygwin\jdk8u241\331\hotspot\src\share\vm\prims\jni.cpp, line 1614]
Event: 258.095 Thread 0x00000000174f1000 Exception <a 'java/lang/NoSuchMethodError': <clinit>> (0x00000000fa3f23a8) thrown at [C:\ade\jenkins\workspace\8-2-build-windows-amd64-cygwin\jdk8u241\331\hotspot\src\share\vm\prims\jni.cpp, line 1614]
Event: 258.103 Thread 0x00000000174f1000 Exception <a 'java/lang/NoSuchMethodError': <clinit>> (0x00000000fa41f2c0) thrown at [C:\ade\jenkins\workspace\8-2-build-windows-amd64-cygwin\jdk8u241\331\hotspot\src\share\vm\prims\jni.cpp, line 1614]
Event: 258.218 Thread 0x000000001747a800 Exception <a 'java/io/IOException'> (0x00000000fa0b3cb0) thrown at [C:\ade\jenkins\workspace\8-2-build-windows-amd64-cygwin\jdk8u241\331\hotspot\src\share\vm\prims\jni.cpp, line 710]

Events (10 events):
Event: 1287.770 Thread 0x000000001398c800 flushing nmethod 0x0000000003352410
Event: 1287.770 Thread 0x000000001398c800 flushing nmethod 0x00000000033b82d0
Event: 1287.773 Thread 0x000000001398c800 flushing nmethod 0x000000000360e9d0
Event: 1297.755 Thread 0x000000001398c800 flushing nmethod 0x0000000003a75590
Event: 1297.756 Thread 0x000000001398c800 flushing nmethod 0x0000000003b75a10
Event: 1297.757 Thread 0x000000001398c800 flushing nmethod 0x0000000003bd7050
Event: 1297.757 Thread 0x000000001398c800 flushing nmethod 0x0000000003bd7650
Event: 1297.757 Thread 0x000000001398c800 flushing nmethod 0x0000000003bd7c50
Event: 1297.757 Thread 0x000000001398c800 flushing nmethod 0x0000000003bd9b90
Event: 1297.757 Thread 0x000000001398c800 flushing nmethod 0x0000000003be4610


Dynamic libraries:
0x00007ff72c410000 - 0x00007ff72c447000 	C:\Program Files\Java\jdk1.8.0_241\bin\java.exe
0x00007ff8b49e0000 - 0x00007ff8b4bd0000 	C:\Windows\SYSTEM32\ntdll.dll
0x00007ff8b3ea0000 - 0x00007ff8b3f52000 	C:\Windows\System32\KERNEL32.DLL
0x00007ff8b1db0000 - 0x00007ff8b2054000 	C:\Windows\System32\KERNELBASE.dll
0x00007ff8b2b80000 - 0x00007ff8b2c23000 	C:\Windows\System32\ADVAPI32.dll
0x00007ff8b4100000 - 0x00007ff8b419e000 	C:\Windows\System32\msvcrt.dll
0x00007ff8b47d0000 - 0x00007ff8b4867000 	C:\Windows\System32\sechost.dll
0x00007ff8b4880000 - 0x00007ff8b49a0000 	C:\Windows\System32\RPCRT4.dll
0x00007ff8b3f60000 - 0x00007ff8b40f4000 	C:\Windows\System32\USER32.dll
0x00007ff8b2a60000 - 0x00007ff8b2a81000 	C:\Windows\System32\win32u.dll
0x00007ff8b3250000 - 0x00007ff8b3276000 	C:\Windows\System32\GDI32.dll
0x00007ff8b1ab0000 - 0x00007ff8b1c46000 	C:\Windows\System32\gdi32full.dll
0x00007ff8b2060000 - 0x00007ff8b20fe000 	C:\Windows\System32\msvcp_win.dll
0x00007ff8b1cb0000 - 0x00007ff8b1daa000 	C:\Windows\System32\ucrtbase.dll
0x00007ff8a7ca0000 - 0x00007ff8a7f24000 	C:\Windows\WinSxS\amd64_microsoft.windows.common-controls_6595b64144ccf1df_6.0.18362.959_none_e6c7bbbf130c62bb\COMCTL32.dll
0x00007ff8b2db0000 - 0x00007ff8b30e5000 	C:\Windows\System32\combase.dll
0x00007ff8b21b0000 - 0x00007ff8b2230000 	C:\Windows\System32\bcryptPrimitives.dll
0x00007ff8b35c0000 - 0x00007ff8b35ee000 	C:\Windows\System32\IMM32.DLL
0x00000000620c0000 - 0x0000000062192000 	C:\Program Files\Java\jdk1.8.0_241\jre\bin\msvcr100.dll
0x0000000061810000 - 0x00000000620bc000 	C:\Program Files\Java\jdk1.8.0_241\jre\bin\server\jvm.dll
0x00007ff8b41a0000 - 0x00007ff8b41a8000 	C:\Windows\System32\PSAPI.DLL
0x00007ff8a7f70000 - 0x00007ff8a7f94000 	C:\Windows\SYSTEM32\WINMM.dll
0x00007ff8ab300000 - 0x00007ff8ab30a000 	C:\Windows\SYSTEM32\VERSION.dll
0x00007ff8a7f40000 - 0x00007ff8a7f6d000 	C:\Windows\SYSTEM32\winmmbase.dll
0x00007ff8b2a10000 - 0x00007ff8b2a5a000 	C:\Windows\System32\cfgmgr32.dll
0x00007ff89c1a0000 - 0x00007ff89c1a9000 	C:\Windows\SYSTEM32\WSOCK32.dll
0x00007ff8b35f0000 - 0x00007ff8b365f000 	C:\Windows\System32\WS2_32.dll
0x00007ff885b70000 - 0x00007ff885b7f000 	C:\Program Files\Java\jdk1.8.0_241\jre\bin\verify.dll
0x00007ff885b40000 - 0x00007ff885b69000 	C:\Program Files\Java\jdk1.8.0_241\jre\bin\java.dll
0x00007ff87b860000 - 0x00007ff87b876000 	C:\Program Files\Java\jdk1.8.0_241\jre\bin\zip.dll
0x00007ff8b36c0000 - 0x00007ff8b3da6000 	C:\Windows\System32\SHELL32.dll
0x00007ff8b2c30000 - 0x00007ff8b2cd9000 	C:\Windows\System32\shcore.dll
0x00007ff8b2230000 - 0x00007ff8b29b2000 	C:\Windows\System32\windows.storage.dll
0x00007ff8b1930000 - 0x00007ff8b1953000 	C:\Windows\System32\profapi.dll
0x00007ff8b18c0000 - 0x00007ff8b190a000 	C:\Windows\System32\powrprof.dll
0x00007ff8b1890000 - 0x00007ff8b18a0000 	C:\Windows\System32\UMPDC.dll
0x00007ff8b2d50000 - 0x00007ff8b2da2000 	C:\Windows\System32\shlwapi.dll
0x00007ff8b1910000 - 0x00007ff8b1921000 	C:\Windows\System32\kernel.appcore.dll
0x00007ff8b29c0000 - 0x00007ff8b29d7000 	C:\Windows\System32\cryptsp.dll
0x00007ff879800000 - 0x00007ff87981a000 	C:\Program Files\Java\jdk1.8.0_241\jre\bin\net.dll
0x00007ff8b10a0000 - 0x00007ff8b1107000 	C:\Windows\system32\mswsock.dll
0x00007ff875120000 - 0x00007ff875132000 	C:\Program Files\Java\jdk1.8.0_241\jre\bin\nio.dll
0x00007ff868190000 - 0x00007ff8681b7000 	C:\Users\ann\.gradle\native\f6784746aeab05261644944871eae4fe03e0ef1612fff0a4a95f87b438bc6780\windows-amd64\native-platform.dll
0x00007ff885af0000 - 0x00007ff885afd000 	C:\Program Files\Java\jdk1.8.0_241\jre\bin\management.dll
0x00007ff8b0c10000 - 0x00007ff8b0c43000 	C:\Windows\system32\rsaenh.dll
0x00007ff8b29e0000 - 0x00007ff8b2a06000 	C:\Windows\System32\bcrypt.dll
0x00007ff8b17b0000 - 0x00007ff8b17d5000 	C:\Windows\SYSTEM32\USERENV.dll
0x00007ff8b1270000 - 0x00007ff8b127c000 	C:\Windows\SYSTEM32\CRYPTBASE.dll
0x00007ff8b0db0000 - 0x00007ff8b0dea000 	C:\Windows\SYSTEM32\IPHLPAPI.DLL
0x00007ff8b4870000 - 0x00007ff8b4878000 	C:\Windows\System32\NSI.dll
0x00007ff8ac0b0000 - 0x00007ff8ac0c6000 	C:\Windows\SYSTEM32\dhcpcsvc6.DLL
0x00007ff8ac390000 - 0x00007ff8ac3ac000 	C:\Windows\SYSTEM32\dhcpcsvc.DLL
0x00007ff8b0df0000 - 0x00007ff8b0ebb000 	C:\Windows\SYSTEM32\DNSAPI.dll
0x00007ff8ac8f0000 - 0x00007ff8ac8fb000 	C:\Windows\SYSTEM32\WINNSI.DLL
0x00007ff8b08f0000 - 0x00007ff8b0921000 	C:\Windows\SYSTEM32\ntmarta.dll

VM Arguments:
jvm_args: -XX:MaxMetaspaceSize=256m -XX:+HeapDumpOnOutOfMemoryError -Xms256m -Xmx512m -Dfile.encoding=windows-1252 -Duser.country=US -Duser.language=en -Duser.variant 
java_command: org.gradle.launcher.daemon.bootstrap.GradleDaemon 6.5
java_class_path (initial): C:\Users\ann\.gradle\wrapper\dists\gradle-6.5-all\2oz4ud9k3tuxjg84bbf55q0tn\gradle-6.5\lib\gradle-launcher-6.5.jar
Launcher Type: SUN_STANDARD

Environment Variables:
JAVA_HOME=C:\Program Files\Java\jdk1.8.0_241
CLASSPATH=C:\Users\ann\eclipse-workspace-cordova\Z Sensor\platforms\android\\gradle\wrapper\gradle-wrapper.jar
PATH=C:/Program Files/Java/jre1.8.0_241/bin/server;C:/Program Files/Java/jre1.8.0_241/bin;C:/Program Files/Java/jre1.8.0_241/lib/amd64;C:\Python38\Scripts\;C:\Python38\;C:\Program Files (x86)\Intel\iCLS Client\;C:\Program Files\Intel\iCLS Client\;C:\Windows\system32;C:\Windows;C:\Windows\System32\Wbem;C:\Windows\System32\WindowsPowerShell\v1.0\;C:\Windows\System32\OpenSSH\;C:\Program Files (x86)\Common Files\Acronis\VirtualFile\;C:\Program Files (x86)\Common Files\Acronis\VirtualFile64\;C:\Program Files (x86)\Common Files\Acronis\FileProtector\;C:\Program Files (x86)\Common Files\Acronis\FileProtector64\;C:\Program Files (x86)\Common Files\Acronis\SnapAPI\;C:\Program Files (x86)\Common Files\Oracle\Java\javapath;C:\Program Files\Git\cmd;C:\Program Files (x86)\Intel\Intel(R) Management Engine Components\DAL;C:\Program Files\Intel\Intel(R) Management Engine Components\DAL;C:\Program Files (x86)\Intel\Intel(R) Management Engine Components\IPT;C:\Program Files\Intel\Intel(R) Management Engine Components\IPT;C:\Program Files\Intel\WiFi\bin\;C:\Program Files\Common Files\Intel\WirelessCommon\;C:\Users\ann\AppData\Local\Android\Sdk\tools;C:\Users\ann\AppData\Local\Android\Sdk\platform-tools;C:\Users\ann\AppData\Local\Android\Sdk\tools\bin;C:\Program Files\nodejs\;C:\ProgramData\chocolatey\bin;C:\Gradle\gradle-6.5\bin;C:\Program Files\MySQL\MySQL Shell 8.0\bin\;C:\Users\ann\AppData\Local\Microsoft\WindowsApps;C:\Users\ann\AppData\Roaming\npm;C:\software\eclipse;;C:\Program Files\Java\jdk1.8.0_241\bin
USERNAME=ann
OS=Windows_NT
PROCESSOR_IDENTIFIER=Intel64 Family 6 Model 69 Stepping 1, GenuineIntel



---------------  S Y S T E M  ---------------

OS: Windows 10.0 , 64 bit Build 18362 (10.0.18362.959)

CPU:total 4 (initial active 4) (2 cores per cpu, 2 threads per core) family 6 model 69 stepping 1, cmov, cx8, fxsr, mmx, sse, sse2, sse3, ssse3, sse4.1, sse4.2, popcnt, avx, avx2, aes, clmul, erms, lzcnt, ht, tsc, tscinvbit, bmi1, bmi2

Memory: 4k page, physical 8291728k(869132k free), swap 23856780k(0k free)

vm_info: Java HotSpot(TM) 64-Bit Server VM (25.241-b07) for windows-amd64 JRE (1.8.0_241-b07), built on Dec 11 2019 10:21:40 by "rejava" with MS VC++ 10.0 (VS2010)

time: Fri Jul 17 08:10:09 2020
timezone: W. Europe Daylight Time
elapsed time: 14863 seconds (0d 4h 7m 43s)

