#
# There is insufficient memory for the Java Runtime Environment to continue.
# Native memory allocation (malloc) failed to allocate 32744 bytes for ChunkPool::allocate
# Possible reasons:
#   The system is out of physical RAM or swap space
#   The process is running with CompressedOops enabled, and the Java Heap may be blocking the growth of the native heap
# Possible solutions:
#   Reduce memory load on the system
#   Increase physical memory or swap space
#   Check if swap backing store is full
#   Decrease Java heap size (-Xmx/-Xms)
#   Decrease number of Java threads
#   Decrease Java thread stack sizes (-Xss)
#   Set larger code cache with -XX:ReservedCodeCacheSize=
#   JVM is running with Unscaled Compressed Oops mode in which the Java heap is
#     placed in the first 4GB address space. The Java Heap base address is the
#     maximum limit for the native heap growth. Please use -XX:HeapBaseMinAddress
#     to set the Java Heap base and to place the Java Heap above 4GB virtual address.
# This output file may be truncated or incomplete.
#
#  Out of Memory Error (allocation.cpp:272), pid=18704, tid=0x00000000000046dc
#
# JRE version: Java(TM) SE Runtime Environment (8.0_241-b07) (build 1.8.0_241-b07)
# Java VM: Java HotSpot(TM) 64-Bit Server VM (25.241-b07 mixed mode windows-amd64 compressed oops)
# Failed to write core dump. Minidumps are not enabled by default on client versions of Windows
#

---------------  T H R E A D  ---------------

Current thread (0x0000000013b0c800):  JavaThread "C2 CompilerThread1" daemon [_thread_in_native, id=18140, stack(0x0000000015250000,0x0000000015350000)]

Stack: [0x0000000015250000,0x0000000015350000]
[error occurred during error reporting (printing stack bounds), id 0xc0000005]

Native frames: (J=compiled Java code, j=interpreted, Vv=VM code, C=native code)


Current CompileTask:
C2:19640439 9008   !   4       sun.reflect.GeneratedMethodAccessor41::invoke (68 bytes)


---------------  P R O C E S S  ---------------

Java Threads: ( => current thread )
  0x000000001aad4000 JavaThread "Memory manager" [_thread_blocked, id=21540, stack(0x0000000029890000,0x0000000029990000)]
  0x0000000017659800 JavaThread "Cache worker for file content cache (C:\Users\ann\.gradle\caches\6.5\fileContent)" [_thread_blocked, id=19884, stack(0x000000001de80000,0x000000001df80000)]
  0x000000001765b000 JavaThread "Cache worker for execution history cache (C:\Users\ann\.gradle\caches\6.5\executionHistory)" [_thread_blocked, id=19140, stack(0x000000001d470000,0x000000001d570000)]
  0x0000000017654800 JavaThread "Cache worker for file hash cache (C:\Users\ann\.gradle\caches\6.5\fileHashes)" [_thread_blocked, id=9408, stack(0x0000000019b70000,0x0000000019c70000)]
  0x0000000017656000 JavaThread "File lock request listener" [_thread_in_native, id=12456, stack(0x0000000019a70000,0x0000000019b70000)]
  0x0000000017655800 JavaThread "Cache worker for journal cache (C:\Users\ann\.gradle\caches\journal-1)" [_thread_blocked, id=22324, stack(0x0000000019870000,0x0000000019970000)]
  0x0000000017622000 JavaThread "Stdin handler" [_thread_blocked, id=7436, stack(0x0000000019470000,0x0000000019570000)]
  0x0000000017626800 JavaThread "Asynchronous log dispatcher for DefaultDaemonConnection: socket connection from /127.0.0.1:57102 to /127.0.0.1:57103" [_thread_blocked, id=11704, stack(0x0000000019370000,0x0000000019470000)]
  0x00000000175c6800 JavaThread "Daemon worker" [_thread_blocked, id=20228, stack(0x0000000019270000,0x0000000019370000)]
  0x00000000175a7000 JavaThread "Daemon" [_thread_blocked, id=18548, stack(0x0000000018f70000,0x0000000019070000)]
  0x00000000174c6800 JavaThread "Daemon health stats" [_thread_in_vm, id=20240, stack(0x00000000181f0000,0x00000000182f0000)]
  0x0000000015468800 JavaThread "Service Thread" daemon [_thread_blocked, id=19492, stack(0x0000000015850000,0x0000000015950000)]
  0x0000000013b0f800 JavaThread "C1 CompilerThread2" daemon [_thread_blocked, id=2140, stack(0x0000000015350000,0x0000000015450000)]
=>0x0000000013b0c800 JavaThread "C2 CompilerThread1" daemon [_thread_in_native, id=18140, stack(0x0000000015250000,0x0000000015350000)]
  0x0000000013b08800 JavaThread "C2 CompilerThread0" daemon [_thread_blocked, id=6972, stack(0x0000000015150000,0x0000000015250000)]
  0x0000000013b06800 JavaThread "Attach Listener" daemon [_thread_blocked, id=3988, stack(0x0000000015050000,0x0000000015150000)]
  0x0000000013b05000 JavaThread "Signal Dispatcher" daemon [_thread_blocked, id=20944, stack(0x0000000014f50000,0x0000000015050000)]
  0x00000000026db000 JavaThread "Finalizer" daemon [_thread_blocked, id=6552, stack(0x0000000014d50000,0x0000000014e50000)]
  0x0000000013ae9800 JavaThread "Reference Handler" daemon [_thread_blocked, id=5724, stack(0x0000000014c50000,0x0000000014d50000)]
  0x00000000025e2800 JavaThread "main" [_thread_blocked, id=8820, stack(0x00000000024e0000,0x00000000025e0000)]

Other Threads:
  0x0000000013ac7800 VMThread [stack: 0x0000000014b50000,0x0000000014c50000] [id=19944]
  0x000000001546a000 WatcherThread [stack: 0x0000000015950000,0x0000000015a50000] [id=4768]

VM state:not at safepoint (normal execution)

VM Mutex/Monitor currently owned by a thread: None

heap address: 0x00000000e0000000, size: 512 MB, Compressed Oops mode: 32-bit
Narrow klass base: 0x0000000000000000, Narrow klass shift: 3
Compressed class space size: 1073741824 Address: 0x0000000100000000

Heap:
 PSYoungGen      total 138240K, used 65879K [0x00000000f5580000, 0x0000000100000000, 0x0000000100000000)
  eden space 115200K, 37% used [0x00000000f5580000,0x00000000f7f59980,0x00000000fc600000)
  from space 23040K, 99% used [0x00000000fe980000,0x00000000ffffc540,0x0000000100000000)
  to   space 29696K, 0% used [0x00000000fc600000,0x00000000fc600000,0x00000000fe300000)
 ParOldGen       total 213504K, used 42511K [0x00000000e0000000, 0x00000000ed080000, 0x00000000f5580000)
  object space 213504K, 19% used [0x00000000e0000000,0x00000000e2983f58,0x00000000ed080000)
 Metaspace       used 73874K, capacity 77520K, committed 77824K, reserved 1116160K
  class space    used 10218K, capacity 10944K, committed 11008K, reserved 1048576K

Card table byte_map: [0x0000000011aa0000,0x0000000011bb0000] byte_map_base: 0x00000000113a0000

Marking Bits: (ParMarkBitMap*) 0x000000006203be30
 Begin Bits: [0x0000000012060000, 0x0000000012860000)
 End Bits:   [0x0000000012860000, 0x0000000013060000)

Polling page: 0x0000000000c50000

CodeCache: size=245760Kb used=24680Kb max_used=24708Kb free=221079Kb
 bounds [0x00000000026e0000, 0x0000000003f20000, 0x00000000116e0000]
 total_blobs=8612 nmethods=7796 adapters=728
 compilation: enabled

Compilation events (10 events):
Event: 19639.544 Thread 0x0000000013b0c800 nmethod 9002 0x0000000003f12850 code [0x0000000003f12c60, 0x0000000003f15e28]
Event: 19639.547 Thread 0x0000000013b0c800 9004       4       com.sun.jmx.mbeanserver.DefaultMXBeanMappingFactory$NonNullMXBeanMapping::toOpenValue (12 bytes)
Event: 19639.548 Thread 0x0000000013b0c800 nmethod 9004 0x0000000003e5abd0 code [0x0000000003e5ad20, 0x0000000003e5adb8]
Event: 19639.571 Thread 0x0000000013b0c800 9005   !   4       sun.reflect.misc.MethodUtil::invoke (111 bytes)
Event: 19639.577 Thread 0x0000000013b08800 9006   !   4       sun.reflect.GeneratedMethodAccessor40::invoke (65 bytes)
Event: 19639.601 Thread 0x0000000013b0c800 nmethod 9005 0x0000000003f02c90 code [0x0000000003f02ea0, 0x0000000003f03768]
Event: 19639.607 Thread 0x0000000013b08800 nmethod 9006 0x0000000003f0eb10 code [0x0000000003f0ed00, 0x0000000003f0f810]
Event: 19639.857 Thread 0x0000000013b08800 9007       4       sun.reflect.misc.Trampoline::ensureInvocableMethod (53 bytes)
Event: 19639.875 Thread 0x0000000013b08800 nmethod 9007 0x0000000003f10950 code [0x0000000003f10ac0, 0x0000000003f10cc8]
Event: 19640.254 Thread 0x0000000013b0c800 9008   !   4       sun.reflect.GeneratedMethodAccessor41::invoke (68 bytes)

GC Heap History (10 events):
Event: 13.368 GC heap before
{Heap before GC invocations=11 (full 2):
 PSYoungGen      total 150528K, used 119603K [0x00000000f5580000, 0x0000000100000000, 0x0000000100000000)
  eden space 135680K, 77% used [0x00000000f5580000,0x00000000fbbcdf28,0x00000000fda00000)
  from space 14848K, 99% used [0x00000000ff080000,0x00000000ffefef30,0x00000000fff00000)
  to   space 19456K, 0% used [0x00000000fda00000,0x00000000fda00000,0x00000000fed00000)
 ParOldGen       total 175104K, used 22480K [0x00000000e0000000, 0x00000000eab00000, 0x00000000f5580000)
  object space 175104K, 12% used [0x00000000e0000000,0x00000000e15f4280,0x00000000eab00000)
 Metaspace       used 56488K, capacity 59088K, committed 59160K, reserved 1099776K
  class space    used 7803K, capacity 8320K, committed 8320K, reserved 1048576K
Event: 13.407 GC heap after
Heap after GC invocations=11 (full 2):
 PSYoungGen      total 155136K, used 19435K [0x00000000f5580000, 0x0000000100000000, 0x0000000100000000)
  eden space 135680K, 0% used [0x00000000f5580000,0x00000000f5580000,0x00000000fda00000)
  from space 19456K, 99% used [0x00000000fda00000,0x00000000fecfaf20,0x00000000fed00000)
  to   space 19456K, 0% used [0x00000000fed00000,0x00000000fed00000,0x0000000100000000)
 ParOldGen       total 175104K, used 27173K [0x00000000e0000000, 0x00000000eab00000, 0x00000000f5580000)
  object space 175104K, 15% used [0x00000000e0000000,0x00000000e1a89568,0x00000000eab00000)
 Metaspace       used 56488K, capacity 59088K, committed 59160K, reserved 1099776K
  class space    used 7803K, capacity 8320K, committed 8320K, reserved 1048576K
}
Event: 13.407 GC heap before
{Heap before GC invocations=12 (full 3):
 PSYoungGen      total 155136K, used 19435K [0x00000000f5580000, 0x0000000100000000, 0x0000000100000000)
  eden space 135680K, 0% used [0x00000000f5580000,0x00000000f5580000,0x00000000fda00000)
  from space 19456K, 99% used [0x00000000fda00000,0x00000000fecfaf20,0x00000000fed00000)
  to   space 19456K, 0% used [0x00000000fed00000,0x00000000fed00000,0x0000000100000000)
 ParOldGen       total 175104K, used 27173K [0x00000000e0000000, 0x00000000eab00000, 0x00000000f5580000)
  object space 175104K, 15% used [0x00000000e0000000,0x00000000e1a89568,0x00000000eab00000)
 Metaspace       used 56488K, capacity 59088K, committed 59160K, reserved 1099776K
  class space    used 7803K, capacity 8320K, committed 8320K, reserved 1048576K
Event: 13.717 GC heap after
Heap after GC invocations=12 (full 3):
 PSYoungGen      total 155136K, used 0K [0x00000000f5580000, 0x0000000100000000, 0x0000000100000000)
  eden space 135680K, 0% used [0x00000000f5580000,0x00000000f5580000,0x00000000fda00000)
  from space 19456K, 0% used [0x00000000fda00000,0x00000000fda00000,0x00000000fed00000)
  to   space 19456K, 0% used [0x00000000fed00000,0x00000000fed00000,0x0000000100000000)
 ParOldGen       total 213504K, used 37147K [0x00000000e0000000, 0x00000000ed080000, 0x00000000f5580000)
  object space 213504K, 17% used [0x00000000e0000000,0x00000000e2446ee8,0x00000000ed080000)
 Metaspace       used 56473K, capacity 59040K, committed 59160K, reserved 1099776K
  class space    used 7799K, capacity 8312K, committed 8320K, reserved 1048576K
}
Event: 15.517 GC heap before
{Heap before GC invocations=13 (full 3):
 PSYoungGen      total 155136K, used 135680K [0x00000000f5580000, 0x0000000100000000, 0x0000000100000000)
  eden space 135680K, 100% used [0x00000000f5580000,0x00000000fda00000,0x00000000fda00000)
  from space 19456K, 0% used [0x00000000fda00000,0x00000000fda00000,0x00000000fed00000)
  to   space 19456K, 0% used [0x00000000fed00000,0x00000000fed00000,0x0000000100000000)
 ParOldGen       total 213504K, used 37147K [0x00000000e0000000, 0x00000000ed080000, 0x00000000f5580000)
  object space 213504K, 17% used [0x00000000e0000000,0x00000000e2446ee8,0x00000000ed080000)
 Metaspace       used 62268K, capacity 65106K, committed 65152K, reserved 1105920K
  class space    used 8766K, capacity 9333K, committed 9344K, reserved 1048576K
Event: 15.547 GC heap after
Heap after GC invocations=13 (full 3):
 PSYoungGen      total 147968K, used 12568K [0x00000000f5580000, 0x0000000100000000, 0x0000000100000000)
  eden space 128512K, 0% used [0x00000000f5580000,0x00000000f5580000,0x00000000fd300000)
  from space 19456K, 64% used [0x00000000fed00000,0x00000000ff946178,0x0000000100000000)
  to   space 23040K, 0% used [0x00000000fd300000,0x00000000fd300000,0x00000000fe980000)
 ParOldGen       total 213504K, used 37147K [0x00000000e0000000, 0x00000000ed080000, 0x00000000f5580000)
  object space 213504K, 17% used [0x00000000e0000000,0x00000000e2446ee8,0x00000000ed080000)
 Metaspace       used 62268K, capacity 65106K, committed 65152K, reserved 1105920K
  class space    used 8766K, capacity 9333K, committed 9344K, reserved 1048576K
}
Event: 17.514 GC heap before
{Heap before GC invocations=14 (full 3):
 PSYoungGen      total 147968K, used 141080K [0x00000000f5580000, 0x0000000100000000, 0x0000000100000000)
  eden space 128512K, 100% used [0x00000000f5580000,0x00000000fd300000,0x00000000fd300000)
  from space 19456K, 64% used [0x00000000fed00000,0x00000000ff946178,0x0000000100000000)
  to   space 23040K, 0% used [0x00000000fd300000,0x00000000fd300000,0x00000000fe980000)
 ParOldGen       total 213504K, used 37147K [0x00000000e0000000, 0x00000000ed080000, 0x00000000f5580000)
  object space 213504K, 17% used [0x00000000e0000000,0x00000000e2446ee8,0x00000000ed080000)
 Metaspace       used 66750K, capacity 70140K, committed 70400K, reserved 1110016K
  class space    used 9485K, capacity 10138K, committed 10240K, reserved 1048576K
Event: 17.538 GC heap after
Heap after GC invocations=14 (full 3):
 PSYoungGen      total 151552K, used 22791K [0x00000000f5580000, 0x0000000100000000, 0x0000000100000000)
  eden space 128512K, 0% used [0x00000000f5580000,0x00000000f5580000,0x00000000fd300000)
  from space 23040K, 98% used [0x00000000fd300000,0x00000000fe941e28,0x00000000fe980000)
  to   space 23040K, 0% used [0x00000000fe980000,0x00000000fe980000,0x0000000100000000)
 ParOldGen       total 213504K, used 37155K [0x00000000e0000000, 0x00000000ed080000, 0x00000000f5580000)
  object space 213504K, 17% used [0x00000000e0000000,0x00000000e2448ee8,0x00000000ed080000)
 Metaspace       used 66750K, capacity 70140K, committed 70400K, reserved 1110016K
  class space    used 9485K, capacity 10138K, committed 10240K, reserved 1048576K
}
Event: 2859.729 GC heap before
{Heap before GC invocations=15 (full 3):
 PSYoungGen      total 151552K, used 151303K [0x00000000f5580000, 0x0000000100000000, 0x0000000100000000)
  eden space 128512K, 100% used [0x00000000f5580000,0x00000000fd300000,0x00000000fd300000)
  from space 23040K, 98% used [0x00000000fd300000,0x00000000fe941e28,0x00000000fe980000)
  to   space 23040K, 0% used [0x00000000fe980000,0x00000000fe980000,0x0000000100000000)
 ParOldGen       total 213504K, used 37155K [0x00000000e0000000, 0x00000000ed080000, 0x00000000f5580000)
  object space 213504K, 17% used [0x00000000e0000000,0x00000000e2448ee8,0x00000000ed080000)
 Metaspace       used 73738K, capacity 77314K, committed 77568K, reserved 1116160K
  class space    used 10203K, capacity 10931K, committed 11008K, reserved 1048576K
Event: 2860.443 GC heap after
Heap after GC invocations=15 (full 3):
 PSYoungGen      total 138240K, used 23025K [0x00000000f5580000, 0x0000000100000000, 0x0000000100000000)
  eden space 115200K, 0% used [0x00000000f5580000,0x00000000f5580000,0x00000000fc600000)
  from space 23040K, 99% used [0x00000000fe980000,0x00000000ffffc540,0x0000000100000000)
  to   space 29696K, 0% used [0x00000000fc600000,0x00000000fc600000,0x00000000fe300000)
 ParOldGen       total 213504K, used 42511K [0x00000000e0000000, 0x00000000ed080000, 0x00000000f5580000)
  object space 213504K, 19% used [0x00000000e0000000,0x00000000e2983f58,0x00000000ed080000)
 Metaspace       used 73738K, capacity 77314K, committed 77568K, reserved 1116160K
  class space    used 10203K, capacity 10931K, committed 11008K, reserved 1048576K
}

Deoptimization events (10 events):
Event: 22.444 Thread 0x000000001759b000 Uncommon trap: reason=unstable_if action=reinterpret pc=0x0000000002966328 method=org.gradle.internal.logging.slf4j.OutputEventListenerBackedLogger.isLevelAtMost(Lorg/gradle/api/logging/LogLevel;)Z @ 11
Event: 981.097 Thread 0x00000000160bd000 Uncommon trap: reason=unstable_if action=reinterpret pc=0x0000000003d6500c method=java.lang.Long.getChars(JI[C)V @ 9
Event: 2860.444 Thread 0x0000000013ae9800 Uncommon trap: reason=unstable_if action=reinterpret pc=0x00000000036eb7fc method=java.lang.ref.Reference.tryHandlePending(Z)Z @ 20
Event: 2860.495 Thread 0x00000000026db000 Uncommon trap: reason=unstable_if action=reinterpret pc=0x000000000384becc method=java.util.HashMap$HashIterator.<init>(Ljava/util/HashMap;)V @ 45
Event: 4262.494 Thread 0x000000001759b000 Uncommon trap: reason=unstable_if action=reinterpret pc=0x0000000003dba178 method=java.io.DataInputStream.readBoolean()Z @ 21
Event: 4277.132 Thread 0x00000000175a7000 Uncommon trap: reason=unstable_if action=reinterpret pc=0x0000000003edf7d8 method=org.slf4j.helpers.MessageFormatter.deeplyAppendParameter(Ljava/lang/StringBuilder;Ljava/lang/Object;Ljava/util/Map;)V @ 1
Event: 4277.134 Thread 0x00000000160bc000 Uncommon trap: reason=unstable_if action=reinterpret pc=0x00000000032bae60 method=com.esotericsoftware.kryo.io.Input.require(I)I @ 180
Event: 4277.134 Thread 0x0000000017626800 Uncommon trap: reason=unstable_if action=reinterpret pc=0x00000000030cc8bc method=org.gradle.launcher.daemon.server.exec.LogToClient$AsynchronousLogDispatcher.run()V @ 21
Event: 4277.138 Thread 0x000000001759b000 Uncommon trap: reason=unstable_if action=reinterpret pc=0x0000000003e9b59c method=java.util.concurrent.locks.AbstractQueuedSynchronizer$ConditionObject.awaitNanos(J)J @ 89
Event: 4277.448 Thread 0x00000000175ae000 Uncommon trap: reason=unstable_if action=reinterpret pc=0x0000000003a4a5c8 method=com.esotericsoftware.kryo.io.Input.require(I)I @ 180

Classes redefined (0 events):
No events

Internal exceptions (10 events):
Event: 18.011 Thread 0x000000001aad7800 Exception <a 'java/lang/NoSuchMethodError': java.lang.Object.lambda$static$0(Lcom/android/apksig/util/RunnablesProvider;)V> (0x00000000f86ace28) thrown at [C:\ade\jenkins\workspace\8-2-build-windows-amd64-cygwin\jdk8u241\331\hotspot\src\share\vm\interpret
Event: 18.270 Thread 0x00000000175c6800 Exception <a 'sun/nio/fs/WindowsException'> (0x00000000f8dff6a0) thrown at [C:\ade\jenkins\workspace\8-2-build-windows-amd64-cygwin\jdk8u241\331\hotspot\src\share\vm\prims\jni.cpp, line 710]
Event: 18.281 Thread 0x00000000175c6800 Exception <a 'sun/nio/fs/WindowsException'> (0x00000000f8ea91f0) thrown at [C:\ade\jenkins\workspace\8-2-build-windows-amd64-cygwin\jdk8u241\331\hotspot\src\share\vm\prims\jni.cpp, line 710]
Event: 4277.093 Thread 0x00000000160bc000 Exception <a 'java/lang/NoSuchMethodError': <clinit>> (0x00000000f6ff6188) thrown at [C:\ade\jenkins\workspace\8-2-build-windows-amd64-cygwin\jdk8u241\331\hotspot\src\share\vm\prims\jni.cpp, line 1614]
Event: 4277.099 Thread 0x00000000160bc000 Exception <a 'java/lang/NoSuchMethodError': <clinit>> (0x00000000f6ffd930) thrown at [C:\ade\jenkins\workspace\8-2-build-windows-amd64-cygwin\jdk8u241\331\hotspot\src\share\vm\prims\jni.cpp, line 1614]
Event: 4277.131 Thread 0x00000000175a7000 Implicit null exception at 0x0000000003edd39a to 0x0000000003edf791
Event: 4277.153 Thread 0x000000001753f000 Exception <a 'java/io/IOException'> (0x00000000f6f4d5c0) thrown at [C:\ade\jenkins\workspace\8-2-build-windows-amd64-cygwin\jdk8u241\331\hotspot\src\share\vm\prims\jni.cpp, line 710]
Event: 4277.188 Thread 0x00000000175a7000 Exception <a 'java/lang/NoSuchMethodError': <clinit>> (0x00000000f70914a0) thrown at [C:\ade\jenkins\workspace\8-2-build-windows-amd64-cygwin\jdk8u241\331\hotspot\src\share\vm\prims\jni.cpp, line 1614]
Event: 4277.190 Thread 0x00000000175a7000 Exception <a 'java/lang/NoSuchMethodError': <clinit>> (0x00000000f7092de8) thrown at [C:\ade\jenkins\workspace\8-2-build-windows-amd64-cygwin\jdk8u241\331\hotspot\src\share\vm\prims\jni.cpp, line 1614]
Event: 4277.210 Thread 0x00000000175a7000 Exception <a 'java/lang/NoSuchMethodError': <clinit>> (0x00000000f72e1108) thrown at [C:\ade\jenkins\workspace\8-2-build-windows-amd64-cygwin\jdk8u241\331\hotspot\src\share\vm\prims\jni.cpp, line 1614]

Events (10 events):
Event: 4337.173 Executing VM operation: RevokeBias
Event: 4337.173 Executing VM operation: RevokeBias done
Event: 4337.173 Thread 0x00000000160be800 Thread exited: 0x00000000160be800
Event: 4894.498 Thread 0x0000000017626800 DEOPT PACKING pc=0x0000000002b1cd5f sp=0x000000001946f1b0
Event: 4894.498 Thread 0x0000000017626800 DEOPT UNPACKING pc=0x0000000002727890 sp=0x000000001946ef58 mode 0
Event: 19639.569 Thread 0x0000000013b08800 flushing nmethod 0x0000000002880650
Event: 19639.608 Thread 0x0000000013b0c800 flushing nmethod 0x00000000028eb950
Event: 19639.925 Thread 0x0000000013b08800 flushing nmethod 0x0000000002aa8990
Event: 19639.935 Thread 0x0000000013b08800 flushing nmethod 0x0000000002b4c2d0
Event: 19639.935 Thread 0x0000000013b08800 flushing nmethod 0x0000000002b51290


Dynamic libraries:
0x00007ff72c410000 - 0x00007ff72c447000 	C:\Program Files\Java\jdk1.8.0_241\bin\java.exe
0x00007ff8b49e0000 - 0x00007ff8b4bd0000 	C:\Windows\SYSTEM32\ntdll.dll
0x00007ff8b3ea0000 - 0x00007ff8b3f52000 	C:\Windows\System32\KERNEL32.DLL
0x00007ff8b1db0000 - 0x00007ff8b2054000 	C:\Windows\System32\KERNELBASE.dll
0x00007ff8b2b80000 - 0x00007ff8b2c23000 	C:\Windows\System32\ADVAPI32.dll
0x00007ff8b4100000 - 0x00007ff8b419e000 	C:\Windows\System32\msvcrt.dll
0x00007ff8b47d0000 - 0x00007ff8b4867000 	C:\Windows\System32\sechost.dll
0x00007ff8b4880000 - 0x00007ff8b49a0000 	C:\Windows\System32\RPCRT4.dll
0x00007ff8b3f60000 - 0x00007ff8b40f4000 	C:\Windows\System32\USER32.dll
0x00007ff8b2a60000 - 0x00007ff8b2a81000 	C:\Windows\System32\win32u.dll
0x00007ff8b3250000 - 0x00007ff8b3276000 	C:\Windows\System32\GDI32.dll
0x00007ff8b1ab0000 - 0x00007ff8b1c46000 	C:\Windows\System32\gdi32full.dll
0x00007ff8b2060000 - 0x00007ff8b20fe000 	C:\Windows\System32\msvcp_win.dll
0x00007ff8b1cb0000 - 0x00007ff8b1daa000 	C:\Windows\System32\ucrtbase.dll
0x00007ff8a7ca0000 - 0x00007ff8a7f24000 	C:\Windows\WinSxS\amd64_microsoft.windows.common-controls_6595b64144ccf1df_6.0.18362.959_none_e6c7bbbf130c62bb\COMCTL32.dll
0x00007ff8b2db0000 - 0x00007ff8b30e5000 	C:\Windows\System32\combase.dll
0x00007ff8b21b0000 - 0x00007ff8b2230000 	C:\Windows\System32\bcryptPrimitives.dll
0x00007ff8b35c0000 - 0x00007ff8b35ee000 	C:\Windows\System32\IMM32.DLL
0x00000000620c0000 - 0x0000000062192000 	C:\Program Files\Java\jdk1.8.0_241\jre\bin\msvcr100.dll
0x0000000061810000 - 0x00000000620bc000 	C:\Program Files\Java\jdk1.8.0_241\jre\bin\server\jvm.dll
0x00007ff8b41a0000 - 0x00007ff8b41a8000 	C:\Windows\System32\PSAPI.DLL
0x00007ff89c1a0000 - 0x00007ff89c1a9000 	C:\Windows\SYSTEM32\WSOCK32.dll
0x00007ff8a7f70000 - 0x00007ff8a7f94000 	C:\Windows\SYSTEM32\WINMM.dll
0x00007ff8b35f0000 - 0x00007ff8b365f000 	C:\Windows\System32\WS2_32.dll
0x00007ff8a7f40000 - 0x00007ff8a7f6d000 	C:\Windows\SYSTEM32\WINMMBASE.dll
0x00007ff8ab300000 - 0x00007ff8ab30a000 	C:\Windows\SYSTEM32\VERSION.dll
0x00007ff8b2a10000 - 0x00007ff8b2a5a000 	C:\Windows\System32\cfgmgr32.dll
0x00007ff885b70000 - 0x00007ff885b7f000 	C:\Program Files\Java\jdk1.8.0_241\jre\bin\verify.dll
0x00007ff885b40000 - 0x00007ff885b69000 	C:\Program Files\Java\jdk1.8.0_241\jre\bin\java.dll
0x00007ff87b860000 - 0x00007ff87b876000 	C:\Program Files\Java\jdk1.8.0_241\jre\bin\zip.dll
0x00007ff8b36c0000 - 0x00007ff8b3da6000 	C:\Windows\System32\SHELL32.dll
0x00007ff8b2c30000 - 0x00007ff8b2cd9000 	C:\Windows\System32\shcore.dll
0x00007ff8b2230000 - 0x00007ff8b29b2000 	C:\Windows\System32\windows.storage.dll
0x00007ff8b1930000 - 0x00007ff8b1953000 	C:\Windows\System32\profapi.dll
0x00007ff8b18c0000 - 0x00007ff8b190a000 	C:\Windows\System32\powrprof.dll
0x00007ff8b1890000 - 0x00007ff8b18a0000 	C:\Windows\System32\UMPDC.dll
0x00007ff8b2d50000 - 0x00007ff8b2da2000 	C:\Windows\System32\shlwapi.dll
0x00007ff8b1910000 - 0x00007ff8b1921000 	C:\Windows\System32\kernel.appcore.dll
0x00007ff8b29c0000 - 0x00007ff8b29d7000 	C:\Windows\System32\cryptsp.dll
0x00007ff879800000 - 0x00007ff87981a000 	C:\Program Files\Java\jdk1.8.0_241\jre\bin\net.dll
0x00007ff8b10a0000 - 0x00007ff8b1107000 	C:\Windows\system32\mswsock.dll
0x00007ff875120000 - 0x00007ff875132000 	C:\Program Files\Java\jdk1.8.0_241\jre\bin\nio.dll
0x00007ff868190000 - 0x00007ff8681b7000 	C:\Users\ann\.gradle\native\f6784746aeab05261644944871eae4fe03e0ef1612fff0a4a95f87b438bc6780\windows-amd64\native-platform.dll
0x00007ff885af0000 - 0x00007ff885afd000 	C:\Program Files\Java\jdk1.8.0_241\jre\bin\management.dll
0x00007ff8b0c10000 - 0x00007ff8b0c43000 	C:\Windows\system32\rsaenh.dll
0x00007ff8b29e0000 - 0x00007ff8b2a06000 	C:\Windows\System32\bcrypt.dll
0x00007ff8b17b0000 - 0x00007ff8b17d5000 	C:\Windows\SYSTEM32\USERENV.dll
0x00007ff8b1270000 - 0x00007ff8b127c000 	C:\Windows\SYSTEM32\CRYPTBASE.dll
0x00007ff8b0db0000 - 0x00007ff8b0dea000 	C:\Windows\SYSTEM32\IPHLPAPI.DLL
0x00007ff8b4870000 - 0x00007ff8b4878000 	C:\Windows\System32\NSI.dll
0x00007ff8ac0b0000 - 0x00007ff8ac0c6000 	C:\Windows\SYSTEM32\dhcpcsvc6.DLL
0x00007ff8ac390000 - 0x00007ff8ac3ac000 	C:\Windows\SYSTEM32\dhcpcsvc.DLL
0x00007ff8b0df0000 - 0x00007ff8b0ebb000 	C:\Windows\SYSTEM32\DNSAPI.dll
0x00007ff8ac8f0000 - 0x00007ff8ac8fb000 	C:\Windows\SYSTEM32\WINNSI.DLL
0x00007ff8b08f0000 - 0x00007ff8b0921000 	C:\Windows\SYSTEM32\ntmarta.dll

VM Arguments:
jvm_args: -XX:MaxMetaspaceSize=256m -XX:+HeapDumpOnOutOfMemoryError -Xms256m -Xmx512m -Dfile.encoding=windows-1252 -Duser.country=US -Duser.language=en -Duser.variant 
java_command: org.gradle.launcher.daemon.bootstrap.GradleDaemon 6.5
java_class_path (initial): C:\Users\ann\.gradle\wrapper\dists\gradle-6.5-all\2oz4ud9k3tuxjg84bbf55q0tn\gradle-6.5\lib\gradle-launcher-6.5.jar
Launcher Type: SUN_STANDARD

Environment Variables:
JAVA_HOME=C:\Program Files\Java\jdk1.8.0_241
CLASSPATH=C:\Users\ann\eclipse-workspace-cordova\Z Sensor\platforms\android\\gradle\wrapper\gradle-wrapper.jar
PATH=C:/Program Files/Java/jre1.8.0_241/bin/server;C:/Program Files/Java/jre1.8.0_241/bin;C:/Program Files/Java/jre1.8.0_241/lib/amd64;C:\Python38\Scripts\;C:\Python38\;C:\Program Files (x86)\Intel\iCLS Client\;C:\Program Files\Intel\iCLS Client\;C:\Windows\system32;C:\Windows;C:\Windows\System32\Wbem;C:\Windows\System32\WindowsPowerShell\v1.0\;C:\Windows\System32\OpenSSH\;C:\Program Files (x86)\Common Files\Acronis\VirtualFile\;C:\Program Files (x86)\Common Files\Acronis\VirtualFile64\;C:\Program Files (x86)\Common Files\Acronis\FileProtector\;C:\Program Files (x86)\Common Files\Acronis\FileProtector64\;C:\Program Files (x86)\Common Files\Acronis\SnapAPI\;C:\Program Files (x86)\Common Files\Oracle\Java\javapath;C:\Program Files\Git\cmd;C:\Program Files (x86)\Intel\Intel(R) Management Engine Components\DAL;C:\Program Files\Intel\Intel(R) Management Engine Components\DAL;C:\Program Files (x86)\Intel\Intel(R) Management Engine Components\IPT;C:\Program Files\Intel\Intel(R) Management Engine Components\IPT;C:\Program Files\Intel\WiFi\bin\;C:\Program Files\Common Files\Intel\WirelessCommon\;C:\Users\ann\AppData\Local\Android\Sdk\tools;C:\Users\ann\AppData\Local\Android\Sdk\platform-tools;C:\Users\ann\AppData\Local\Android\Sdk\tools\bin;C:\Program Files\nodejs\;C:\ProgramData\chocolatey\bin;C:\Gradle\gradle-6.5\bin;C:\Program Files\MySQL\MySQL Shell 8.0\bin\;C:\Users\ann\AppData\Local\Microsoft\WindowsApps;C:\Users\ann\AppData\Roaming\npm;C:\software\eclipse;;C:\Program Files\Java\jdk1.8.0_241\bin
USERNAME=ann
OS=Windows_NT
PROCESSOR_IDENTIFIER=Intel64 Family 6 Model 69 Stepping 1, GenuineIntel



---------------  S Y S T E M  ---------------

OS: Windows 10.0 , 64 bit Build 18362 (10.0.18362.959)

CPU:total 4 (initial active 4) (2 cores per cpu, 2 threads per core) family 6 model 69 stepping 1, cmov, cx8, fxsr, mmx, sse, sse2, sse3, ssse3, sse4.1, sse4.2, popcnt, avx, avx2, aes, clmul, erms, lzcnt, ht, tsc, tscinvbit, bmi1, bmi2

Memory: 4k page, physical 8291728k(943776k free), swap 23856780k(652k free)

vm_info: Java HotSpot(TM) 64-Bit Server VM (25.241-b07) for windows-amd64 JRE (1.8.0_241-b07), built on Dec 11 2019 10:21:40 by "rejava" with MS VC++ 10.0 (VS2010)

time: Fri Jul 17 08:10:08 2020
timezone: W. Europe Daylight Time
elapsed time: 19640 seconds (0d 5h 27m 20s)

