#
# There is insufficient memory for the Java Runtime Environment to continue.
# Native memory allocation (malloc) failed to allocate 287776 bytes for Chunk::new
# Possible reasons:
#   The system is out of physical RAM or swap space
#   The process is running with CompressedOops enabled, and the Java Heap may be blocking the growth of the native heap
# Possible solutions:
#   Reduce memory load on the system
#   Increase physical memory or swap space
#   Check if swap backing store is full
#   Decrease Java heap size (-Xmx/-Xms)
#   Decrease number of Java threads
#   Decrease Java thread stack sizes (-Xss)
#   Set larger code cache with -XX:ReservedCodeCacheSize=
#   JVM is running with Unscaled Compressed Oops mode in which the Java heap is
#     placed in the first 4GB address space. The Java Heap base address is the
#     maximum limit for the native heap growth. Please use -XX:HeapBaseMinAddress
#     to set the Java Heap base and to place the Java Heap above 4GB virtual address.
# This output file may be truncated or incomplete.
#
#  Out of Memory Error (allocation.cpp:389), pid=9144, tid=0x0000000000001a3c
#
# JRE version: Java(TM) SE Runtime Environment (8.0_241-b07) (build 1.8.0_241-b07)
# Java VM: Java HotSpot(TM) 64-Bit Server VM (25.241-b07 mixed mode windows-amd64 compressed oops)
# Failed to write core dump. Minidumps are not enabled by default on client versions of Windows
#

---------------  T H R E A D  ---------------

Current thread (0x0000000014305000):  JavaThread "C2 CompilerThread0" daemon [_thread_in_native, id=6716, stack(0x0000000015950000,0x0000000015a50000)]

Stack: [0x0000000015950000,0x0000000015a50000]
[error occurred during error reporting (printing stack bounds), id 0xc0000005]

Native frames: (J=compiled Java code, j=interpreted, Vv=VM code, C=native code)


Current CompileTask:
C2:15586295 8784       4       com.sun.jmx.mbeanserver.Repository::retrieveNamedObject (63 bytes)


---------------  P R O C E S S  ---------------

Java Threads: ( => current thread )
  0x000000001aff1000 JavaThread "Memory manager" [_thread_in_Java, id=10556, stack(0x00000000272f0000,0x00000000273f0000)]
  0x000000001a6ff000 JavaThread "Cache worker for file content cache (C:\Users\ann\.gradle\caches\6.5\fileContent)" [_thread_blocked, id=11688, stack(0x000000001e720000,0x000000001e820000)]
  0x0000000016253800 JavaThread "Cache worker for execution history cache (C:\Users\ann\.gradle\caches\6.5\executionHistory)" [_thread_blocked, id=9448, stack(0x000000001df20000,0x000000001e020000)]
  0x0000000016255800 JavaThread "Cache worker for file hash cache (C:\Users\ann\.gradle\caches\6.5\fileHashes)" [_thread_blocked, id=496, stack(0x000000001a370000,0x000000001a470000)]
  0x0000000016256800 JavaThread "File lock request listener" [_thread_in_native, id=11216, stack(0x000000001a270000,0x000000001a370000)]
  0x0000000016257000 JavaThread "Cache worker for journal cache (C:\Users\ann\.gradle\caches\journal-1)" [_thread_blocked, id=20164, stack(0x0000000019e70000,0x0000000019f70000)]
  0x0000000017d2e000 JavaThread "Stdin handler" [_thread_blocked, id=22056, stack(0x0000000019c70000,0x0000000019d70000)]
  0x0000000017d65800 JavaThread "Asynchronous log dispatcher for DefaultDaemonConnection: socket connection from /127.0.0.1:64282 to /127.0.0.1:64283" [_thread_blocked, id=2104, stack(0x0000000019b70000,0x0000000019c70000)]
  0x0000000017d2c000 JavaThread "Daemon worker" [_thread_blocked, id=6680, stack(0x0000000019a70000,0x0000000019b70000)]
  0x0000000017d18000 JavaThread "Daemon" [_thread_blocked, id=2520, stack(0x0000000019570000,0x0000000019670000)]
  0x0000000017c49800 JavaThread "Daemon health stats" [_thread_blocked, id=10032, stack(0x00000000189f0000,0x0000000018af0000)]
  0x000000001435e800 JavaThread "Service Thread" daemon [_thread_blocked, id=15220, stack(0x0000000016050000,0x0000000016150000)]
  0x000000001431c800 JavaThread "C1 CompilerThread2" daemon [_thread_blocked, id=19972, stack(0x0000000015b50000,0x0000000015c50000)]
  0x0000000014310800 JavaThread "C2 CompilerThread1" daemon [_thread_in_native, id=212, stack(0x0000000015a50000,0x0000000015b50000)]
=>0x0000000014305000 JavaThread "C2 CompilerThread0" daemon [_thread_in_native, id=6716, stack(0x0000000015950000,0x0000000015a50000)]
  0x0000000014303000 JavaThread "Attach Listener" daemon [_thread_blocked, id=21888, stack(0x0000000015850000,0x0000000015950000)]
  0x0000000014309000 JavaThread "Signal Dispatcher" daemon [_thread_blocked, id=1476, stack(0x0000000015750000,0x0000000015850000)]
  0x0000000002f8b000 JavaThread "Finalizer" daemon [_thread_blocked, id=11868, stack(0x0000000015550000,0x0000000015650000)]
  0x00000000142e9800 JavaThread "Reference Handler" daemon [_thread_blocked, id=21780, stack(0x0000000015450000,0x0000000015550000)]
  0x0000000002e92800 JavaThread "main" [_thread_blocked, id=19436, stack(0x0000000002cb0000,0x0000000002db0000)]

Other Threads:
  0x00000000142c7800 VMThread [stack: 0x0000000015350000,0x0000000015450000] [id=15708]
  0x0000000015c7c800 WatcherThread [stack: 0x0000000016150000,0x0000000016250000] [id=7320]

VM state:not at safepoint (normal execution)

VM Mutex/Monitor currently owned by a thread: None

heap address: 0x00000000e0000000, size: 512 MB, Compressed Oops mode: 32-bit
Narrow klass base: 0x0000000000000000, Narrow klass shift: 3
Compressed class space size: 1073741824 Address: 0x0000000100000000

Heap:
 PSYoungGen      total 146944K, used 123522K [0x00000000f5580000, 0x0000000100000000, 0x0000000100000000)
  eden space 126464K, 81% used [0x00000000f5580000,0x00000000fba24d60,0x00000000fd100000)
  from space 20480K, 99% used [0x00000000fec00000,0x00000000ffffbcf0,0x0000000100000000)
  to   space 24064K, 0% used [0x00000000fd100000,0x00000000fd100000,0x00000000fe880000)
 ParOldGen       total 228864K, used 48310K [0x00000000e0000000, 0x00000000edf80000, 0x00000000f5580000)
  object space 228864K, 21% used [0x00000000e0000000,0x00000000e2f2da88,0x00000000edf80000)
 Metaspace       used 73776K, capacity 77448K, committed 77568K, reserved 1116160K
  class space    used 10213K, capacity 10940K, committed 11008K, reserved 1048576K

Card table byte_map: [0x0000000012350000,0x0000000012460000] byte_map_base: 0x0000000011c50000

Marking Bits: (ParMarkBitMap*) 0x000000006203be30
 Begin Bits: [0x0000000012860000, 0x0000000013060000)
 End Bits:   [0x0000000013060000, 0x0000000013860000)

Polling page: 0x0000000001400000

CodeCache: size=245760Kb used=24803Kb max_used=24814Kb free=220956Kb
 bounds [0x0000000002f90000, 0x00000000047f0000, 0x0000000011f90000]
 total_blobs=8404 nmethods=7588 adapters=728
 compilation: enabled

Compilation events (10 events):
Event: 15586.244 Thread 0x0000000014310800 8780       4       javax.management.ObjectName::getCanonicalKeyPropertyListString (44 bytes)
Event: 15586.246 Thread 0x0000000014305000 8781       4       java.util.concurrent.locks.AbstractQueuedSynchronizer::doReleaseShared (79 bytes)
Event: 15586.248 Thread 0x0000000014305000 nmethod 8781 0x000000000375e6d0 code [0x000000000375e800, 0x000000000375e898]
Event: 15586.254 Thread 0x0000000014310800 nmethod 8780 0x00000000047e5690 code [0x00000000047e5800, 0x00000000047e5c78]
Event: 15586.266 Thread 0x0000000014305000 8782       4       com.sun.jmx.interceptor.DefaultMBeanServerInterceptor::nonDefaultDomain (43 bytes)
Event: 15586.274 Thread 0x0000000014305000 nmethod 8782 0x00000000047e6050 code [0x00000000047e61c0, 0x00000000047e65f8]
Event: 15586.275 Thread 0x0000000014310800 8783       4       java.util.concurrent.locks.ReentrantReadWriteLock$Sync::tryAcquireShared (177 bytes)
Event: 15586.275 Thread 0x0000000014305000 8784       4       com.sun.jmx.mbeanserver.Repository::retrieveNamedObject (63 bytes)
Event: 15586.278 Thread 0x0000000014310800 nmethod 8783 0x00000000047ddd50 code [0x00000000047ddea0, 0x00000000047de078]
Event: 15586.278 Thread 0x0000000014310800 8785   !   4       com.sun.jmx.mbeanserver.Repository::retrieve (113 bytes)

GC Heap History (10 events):
Event: 11.454 GC heap before
{Heap before GC invocations=11 (full 2):
 PSYoungGen      total 162816K, used 158549K [0x00000000f5580000, 0x0000000100000000, 0x0000000100000000)
  eden space 151040K, 100% used [0x00000000f5580000,0x00000000fe900000,0x00000000fe900000)
  from space 11776K, 63% used [0x00000000ff480000,0x00000000ffbd56b0,0x0000000100000000)
  to   space 11776K, 0% used [0x00000000fe900000,0x00000000fe900000,0x00000000ff480000)
 ParOldGen       total 175104K, used 15300K [0x00000000e0000000, 0x00000000eab00000, 0x00000000f5580000)
  object space 175104K, 8% used [0x00000000e0000000,0x00000000e0ef1290,0x00000000eab00000)
 Metaspace       used 51066K, capacity 53162K, committed 53248K, reserved 1095680K
  class space    used 6949K, capacity 7399K, committed 7424K, reserved 1048576K
Event: 11.503 GC heap after
Heap after GC invocations=11 (full 2):
 PSYoungGen      total 162816K, used 11755K [0x00000000f5580000, 0x0000000100000000, 0x0000000100000000)
  eden space 151040K, 0% used [0x00000000f5580000,0x00000000f5580000,0x00000000fe900000)
  from space 11776K, 99% used [0x00000000fe900000,0x00000000ff47af20,0x00000000ff480000)
  to   space 11776K, 0% used [0x00000000ff480000,0x00000000ff480000,0x0000000100000000)
 ParOldGen       total 175104K, used 26536K [0x00000000e0000000, 0x00000000eab00000, 0x00000000f5580000)
  object space 175104K, 15% used [0x00000000e0000000,0x00000000e19ea1b0,0x00000000eab00000)
 Metaspace       used 51066K, capacity 53162K, committed 53248K, reserved 1095680K
  class space    used 6949K, capacity 7399K, committed 7424K, reserved 1048576K
}
Event: 13.563 GC heap before
{Heap before GC invocations=12 (full 2):
 PSYoungGen      total 162816K, used 138156K [0x00000000f5580000, 0x0000000100000000, 0x0000000100000000)
  eden space 151040K, 83% used [0x00000000f5580000,0x00000000fd0f0100,0x00000000fe900000)
  from space 11776K, 99% used [0x00000000fe900000,0x00000000ff47af20,0x00000000ff480000)
  to   space 11776K, 0% used [0x00000000ff480000,0x00000000ff480000,0x0000000100000000)
 ParOldGen       total 175104K, used 26536K [0x00000000e0000000, 0x00000000eab00000, 0x00000000f5580000)
  object space 175104K, 15% used [0x00000000e0000000,0x00000000e19ea1b0,0x00000000eab00000)
 Metaspace       used 56460K, capacity 59028K, committed 59160K, reserved 1099776K
  class space    used 7795K, capacity 8292K, committed 8320K, reserved 1048576K
Event: 13.646 GC heap after
Heap after GC invocations=12 (full 2):
 PSYoungGen      total 144384K, used 11747K [0x00000000f5580000, 0x0000000100000000, 0x0000000100000000)
  eden space 132608K, 0% used [0x00000000f5580000,0x00000000f5580000,0x00000000fd700000)
  from space 11776K, 99% used [0x00000000ff480000,0x00000000ffff8f00,0x0000000100000000)
  to   space 20992K, 0% used [0x00000000fd700000,0x00000000fd700000,0x00000000feb80000)
 ParOldGen       total 175104K, used 37489K [0x00000000e0000000, 0x00000000eab00000, 0x00000000f5580000)
  object space 175104K, 21% used [0x00000000e0000000,0x00000000e249c580,0x00000000eab00000)
 Metaspace       used 56460K, capacity 59028K, committed 59160K, reserved 1099776K
  class space    used 7795K, capacity 8292K, committed 8320K, reserved 1048576K
}
Event: 13.646 GC heap before
{Heap before GC invocations=13 (full 3):
 PSYoungGen      total 144384K, used 11747K [0x00000000f5580000, 0x0000000100000000, 0x0000000100000000)
  eden space 132608K, 0% used [0x00000000f5580000,0x00000000f5580000,0x00000000fd700000)
  from space 11776K, 99% used [0x00000000ff480000,0x00000000ffff8f00,0x0000000100000000)
  to   space 20992K, 0% used [0x00000000fd700000,0x00000000fd700000,0x00000000feb80000)
 ParOldGen       total 175104K, used 37489K [0x00000000e0000000, 0x00000000eab00000, 0x00000000f5580000)
  object space 175104K, 21% used [0x00000000e0000000,0x00000000e249c580,0x00000000eab00000)
 Metaspace       used 56460K, capacity 59028K, committed 59160K, reserved 1099776K
  class space    used 7795K, capacity 8292K, committed 8320K, reserved 1048576K
Event: 14.036 GC heap after
Heap after GC invocations=13 (full 3):
 PSYoungGen      total 144384K, used 0K [0x00000000f5580000, 0x0000000100000000, 0x0000000100000000)
  eden space 132608K, 0% used [0x00000000f5580000,0x00000000f5580000,0x00000000fd700000)
  from space 11776K, 0% used [0x00000000ff480000,0x00000000ff480000,0x0000000100000000)
  to   space 20992K, 0% used [0x00000000fd700000,0x00000000fd700000,0x00000000feb80000)
 ParOldGen       total 228864K, used 45823K [0x00000000e0000000, 0x00000000edf80000, 0x00000000f5580000)
  object space 228864K, 20% used [0x00000000e0000000,0x00000000e2cbfd60,0x00000000edf80000)
 Metaspace       used 56438K, capacity 58956K, committed 59160K, reserved 1099776K
  class space    used 7788K, capacity 8280K, committed 8320K, reserved 1048576K
}
Event: 17.433 GC heap before
{Heap before GC invocations=14 (full 3):
 PSYoungGen      total 144384K, used 132608K [0x00000000f5580000, 0x0000000100000000, 0x0000000100000000)
  eden space 132608K, 100% used [0x00000000f5580000,0x00000000fd700000,0x00000000fd700000)
  from space 11776K, 0% used [0x00000000ff480000,0x00000000ff480000,0x0000000100000000)
  to   space 20992K, 0% used [0x00000000fd700000,0x00000000fd700000,0x00000000feb80000)
 ParOldGen       total 228864K, used 45823K [0x00000000e0000000, 0x00000000edf80000, 0x00000000f5580000)
  object space 228864K, 20% used [0x00000000e0000000,0x00000000e2cbfd60,0x00000000edf80000)
 Metaspace       used 62058K, capacity 64828K, committed 64896K, reserved 1105920K
  class space    used 8720K, capacity 9292K, committed 9344K, reserved 1048576K
Event: 17.457 GC heap after
Heap after GC invocations=14 (full 3):
 PSYoungGen      total 153600K, used 11857K [0x00000000f5580000, 0x0000000100000000, 0x0000000100000000)
  eden space 132608K, 0% used [0x00000000f5580000,0x00000000f5580000,0x00000000fd700000)
  from space 20992K, 56% used [0x00000000fd700000,0x00000000fe294700,0x00000000feb80000)
  to   space 20480K, 0% used [0x00000000fec00000,0x00000000fec00000,0x0000000100000000)
 ParOldGen       total 228864K, used 45831K [0x00000000e0000000, 0x00000000edf80000, 0x00000000f5580000)
  object space 228864K, 20% used [0x00000000e0000000,0x00000000e2cc1d60,0x00000000edf80000)
 Metaspace       used 62058K, capacity 64828K, committed 64896K, reserved 1105920K
  class space    used 8720K, capacity 9292K, committed 9344K, reserved 1048576K
}
Event: 21.409 GC heap before
{Heap before GC invocations=15 (full 3):
 PSYoungGen      total 153600K, used 144465K [0x00000000f5580000, 0x0000000100000000, 0x0000000100000000)
  eden space 132608K, 100% used [0x00000000f5580000,0x00000000fd700000,0x00000000fd700000)
  from space 20992K, 56% used [0x00000000fd700000,0x00000000fe294700,0x00000000feb80000)
  to   space 20480K, 0% used [0x00000000fec00000,0x00000000fec00000,0x0000000100000000)
 ParOldGen       total 228864K, used 45831K [0x00000000e0000000, 0x00000000edf80000, 0x00000000f5580000)
  object space 228864K, 20% used [0x00000000e0000000,0x00000000e2cc1d60,0x00000000edf80000)
 Metaspace       used 66767K, capacity 70114K, committed 70272K, reserved 1110016K
  class space    used 9473K, capacity 10105K, committed 10112K, reserved 1048576K
Event: 21.450 GC heap after
Heap after GC invocations=15 (full 3):
 PSYoungGen      total 146944K, used 20463K [0x00000000f5580000, 0x0000000100000000, 0x0000000100000000)
  eden space 126464K, 0% used [0x00000000f5580000,0x00000000f5580000,0x00000000fd100000)
  from space 20480K, 99% used [0x00000000fec00000,0x00000000ffffbcf0,0x0000000100000000)
  to   space 24064K, 0% used [0x00000000fd100000,0x00000000fd100000,0x00000000fe880000)
 ParOldGen       total 228864K, used 48310K [0x00000000e0000000, 0x00000000edf80000, 0x00000000f5580000)
  object space 228864K, 21% used [0x00000000e0000000,0x00000000e2f2da88,0x00000000edf80000)
 Metaspace       used 66767K, capacity 70114K, committed 70272K, reserved 1110016K
  class space    used 9473K, capacity 10105K, committed 10112K, reserved 1048576K
}

Deoptimization events (10 events):
Event: 73.049 Thread 0x000000001aff4000 Uncommon trap: reason=unstable_if action=reinterpret pc=0x000000000421bc3c method=java.util.concurrent.SynchronousQueue$TransferStack.awaitFulfill(Ljava/util/concurrent/SynchronousQueue$TransferStack$SNode;ZJ)Ljava/util/concurrent/SynchronousQueue$Transfe
Event: 73.049 Thread 0x000000001aff2800 Uncommon trap: reason=unstable_if action=reinterpret pc=0x000000000421bc3c method=java.util.concurrent.SynchronousQueue$TransferStack.awaitFulfill(Ljava/util/concurrent/SynchronousQueue$TransferStack$SNode;ZJ)Ljava/util/concurrent/SynchronousQueue$Transfe
Event: 73.096 Thread 0x000000001aff3800 Uncommon trap: reason=unstable_if action=reinterpret pc=0x000000000421bc3c method=java.util.concurrent.SynchronousQueue$TransferStack.awaitFulfill(Ljava/util/concurrent/SynchronousQueue$TransferStack$SNode;ZJ)Ljava/util/concurrent/SynchronousQueue$Transfe
Event: 102.365 Thread 0x0000000017cc1800 Uncommon trap: reason=bimorphic action=maybe_recompile pc=0x0000000003ea0150 method=java.util.HashMap.removeNode(ILjava/lang/Object;Ljava/lang/Object;ZZ)Ljava/util/HashMap$Node; @ 283
Event: 102.365 Thread 0x0000000017cc1800 Uncommon trap: reason=bimorphic action=maybe_recompile pc=0x0000000003ea0150 method=java.util.HashMap.removeNode(ILjava/lang/Object;Ljava/lang/Object;ZZ)Ljava/util/HashMap$Node; @ 283
Event: 212.368 Thread 0x0000000017cc1800 Uncommon trap: reason=unstable_if action=reinterpret pc=0x000000000366bf78 method=java.io.DataInputStream.readBoolean()Z @ 21
Event: 215.958 Thread 0x0000000027936000 Uncommon trap: reason=class_check action=maybe_recompile pc=0x0000000003355ee0 method=java.lang.reflect.Array.newInstance(Ljava/lang/Class;I)Ljava/lang/Object; @ 2
Event: 215.998 Thread 0x0000000027936000 Uncommon trap: reason=unstable_if action=reinterpret pc=0x00000000043c4b24 method=com.esotericsoftware.kryo.io.Input.require(I)I @ 180
Event: 215.998 Thread 0x0000000017d18000 Uncommon trap: reason=unstable_if action=reinterpret pc=0x000000000472f0e0 method=org.slf4j.helpers.MessageFormatter.deeplyAppendParameter(Ljava/lang/StringBuilder;Ljava/lang/Object;Ljava/util/Map;)V @ 1
Event: 260.811 Thread 0x0000000027931800 Uncommon trap: reason=unstable_if action=reinterpret pc=0x0000000003a2d9dc method=java.lang.Long.getChars(JI[C)V @ 9

Classes redefined (0 events):
No events

Internal exceptions (10 events):
Event: 22.260 Thread 0x000000001aff8000 Exception <a 'java/lang/NoSuchMethodError': java.lang.Object.lambda$static$0(Lcom/android/apksig/util/RunnablesProvider;)V> (0x00000000f85e7a00) thrown at [C:\ade\jenkins\workspace\8-2-build-windows-amd64-cygwin\jdk8u241\331\hotspot\src\share\vm\interpret
Event: 22.649 Thread 0x0000000017d2c000 Exception <a 'sun/nio/fs/WindowsException'> (0x00000000f8da9160) thrown at [C:\ade\jenkins\workspace\8-2-build-windows-amd64-cygwin\jdk8u241\331\hotspot\src\share\vm\prims\jni.cpp, line 710]
Event: 22.667 Thread 0x0000000017d2c000 Exception <a 'sun/nio/fs/WindowsException'> (0x00000000f8e52cb0) thrown at [C:\ade\jenkins\workspace\8-2-build-windows-amd64-cygwin\jdk8u241\331\hotspot\src\share\vm\prims\jni.cpp, line 710]
Event: 215.957 Thread 0x0000000027936000 Exception <a 'java/lang/NoSuchMethodError': <clinit>> (0x00000000faa75c00) thrown at [C:\ade\jenkins\workspace\8-2-build-windows-amd64-cygwin\jdk8u241\331\hotspot\src\share\vm\prims\jni.cpp, line 1614]
Event: 215.957 Thread 0x0000000027936000 Exception <a 'java/lang/NoSuchMethodError': <clinit>> (0x00000000faa7d3a8) thrown at [C:\ade\jenkins\workspace\8-2-build-windows-amd64-cygwin\jdk8u241\331\hotspot\src\share\vm\prims\jni.cpp, line 1614]
Event: 215.998 Thread 0x0000000017d18000 Implicit null exception at 0x000000000472ebf9 to 0x000000000472f0c5
Event: 216.013 Thread 0x0000000017cbd800 Exception <a 'java/io/IOException'> (0x00000000fa9c3640) thrown at [C:\ade\jenkins\workspace\8-2-build-windows-amd64-cygwin\jdk8u241\331\hotspot\src\share\vm\prims\jni.cpp, line 710]
Event: 216.016 Thread 0x0000000017d18000 Exception <a 'java/lang/NoSuchMethodError': <clinit>> (0x00000000fad05670) thrown at [C:\ade\jenkins\workspace\8-2-build-windows-amd64-cygwin\jdk8u241\331\hotspot\src\share\vm\prims\jni.cpp, line 1614]
Event: 216.017 Thread 0x0000000017d18000 Exception <a 'java/lang/NoSuchMethodError': <clinit>> (0x00000000fad06fb8) thrown at [C:\ade\jenkins\workspace\8-2-build-windows-amd64-cygwin\jdk8u241\331\hotspot\src\share\vm\prims\jni.cpp, line 1614]
Event: 216.026 Thread 0x0000000017d18000 Exception <a 'java/lang/NoSuchMethodError': <clinit>> (0x00000000fad33ed0) thrown at [C:\ade\jenkins\workspace\8-2-build-windows-amd64-cygwin\jdk8u241\331\hotspot\src\share\vm\prims\jni.cpp, line 1614]

Events (10 events):
Event: 306.029 Thread 0x000000001431c800 flushing nmethod 0x0000000003d4ac90
Event: 306.029 Thread 0x000000001431c800 flushing nmethod 0x0000000003d81c90
Event: 326.030 Thread 0x000000001431c800 flushing nmethod 0x00000000043fb950
Event: 333.722 Executing VM operation: RevokeBias
Event: 333.723 Executing VM operation: RevokeBias done
Event: 333.723 Thread 0x0000000027931800 Thread exited: 0x0000000027931800
Event: 381.027 Thread 0x000000001431c800 flushing nmethod 0x00000000045bc2d0
Event: 381.027 Thread 0x000000001431c800 flushing nmethod 0x00000000045c8010
Event: 1202.534 Thread 0x0000000017d65800 DEOPT PACKING pc=0x000000000477b62f sp=0x0000000019c6eed0
Event: 1202.535 Thread 0x0000000017d65800 DEOPT UNPACKING pc=0x0000000002fd7890 sp=0x0000000019c6ec78 mode 0


Dynamic libraries:
0x00007ff72c410000 - 0x00007ff72c447000 	C:\Program Files\Java\jdk1.8.0_241\bin\java.exe
0x00007ff8b49e0000 - 0x00007ff8b4bd0000 	C:\Windows\SYSTEM32\ntdll.dll
0x00007ff8b3ea0000 - 0x00007ff8b3f52000 	C:\Windows\System32\KERNEL32.DLL
0x00007ff8b1db0000 - 0x00007ff8b2054000 	C:\Windows\System32\KERNELBASE.dll
0x00007ff8b2b80000 - 0x00007ff8b2c23000 	C:\Windows\System32\ADVAPI32.dll
0x00007ff8b4100000 - 0x00007ff8b419e000 	C:\Windows\System32\msvcrt.dll
0x00007ff8b47d0000 - 0x00007ff8b4867000 	C:\Windows\System32\sechost.dll
0x00007ff8b4880000 - 0x00007ff8b49a0000 	C:\Windows\System32\RPCRT4.dll
0x00007ff8b3f60000 - 0x00007ff8b40f4000 	C:\Windows\System32\USER32.dll
0x00007ff8b2a60000 - 0x00007ff8b2a81000 	C:\Windows\System32\win32u.dll
0x00007ff8b3250000 - 0x00007ff8b3276000 	C:\Windows\System32\GDI32.dll
0x00007ff8b1ab0000 - 0x00007ff8b1c46000 	C:\Windows\System32\gdi32full.dll
0x00007ff8b2060000 - 0x00007ff8b20fe000 	C:\Windows\System32\msvcp_win.dll
0x00007ff8b1cb0000 - 0x00007ff8b1daa000 	C:\Windows\System32\ucrtbase.dll
0x00007ff8a7ca0000 - 0x00007ff8a7f24000 	C:\Windows\WinSxS\amd64_microsoft.windows.common-controls_6595b64144ccf1df_6.0.18362.959_none_e6c7bbbf130c62bb\COMCTL32.dll
0x00007ff8b2db0000 - 0x00007ff8b30e5000 	C:\Windows\System32\combase.dll
0x00007ff8b21b0000 - 0x00007ff8b2230000 	C:\Windows\System32\bcryptPrimitives.dll
0x00007ff8b35c0000 - 0x00007ff8b35ee000 	C:\Windows\System32\IMM32.DLL
0x00000000620c0000 - 0x0000000062192000 	C:\Program Files\Java\jdk1.8.0_241\jre\bin\msvcr100.dll
0x0000000061810000 - 0x00000000620bc000 	C:\Program Files\Java\jdk1.8.0_241\jre\bin\server\jvm.dll
0x00007ff8b41a0000 - 0x00007ff8b41a8000 	C:\Windows\System32\PSAPI.DLL
0x00007ff89c1a0000 - 0x00007ff89c1a9000 	C:\Windows\SYSTEM32\WSOCK32.dll
0x00007ff8b35f0000 - 0x00007ff8b365f000 	C:\Windows\System32\WS2_32.dll
0x00007ff8ab300000 - 0x00007ff8ab30a000 	C:\Windows\SYSTEM32\VERSION.dll
0x00007ff8a7f70000 - 0x00007ff8a7f94000 	C:\Windows\SYSTEM32\WINMM.dll
0x00007ff8a7f40000 - 0x00007ff8a7f6d000 	C:\Windows\SYSTEM32\winmmbase.dll
0x00007ff8b2a10000 - 0x00007ff8b2a5a000 	C:\Windows\System32\cfgmgr32.dll
0x00007ff885b70000 - 0x00007ff885b7f000 	C:\Program Files\Java\jdk1.8.0_241\jre\bin\verify.dll
0x00007ff885b40000 - 0x00007ff885b69000 	C:\Program Files\Java\jdk1.8.0_241\jre\bin\java.dll
0x00007ff87b860000 - 0x00007ff87b876000 	C:\Program Files\Java\jdk1.8.0_241\jre\bin\zip.dll
0x00007ff8b36c0000 - 0x00007ff8b3da6000 	C:\Windows\System32\SHELL32.dll
0x00007ff8b2c30000 - 0x00007ff8b2cd9000 	C:\Windows\System32\shcore.dll
0x00007ff8b2230000 - 0x00007ff8b29b2000 	C:\Windows\System32\windows.storage.dll
0x00007ff8b1930000 - 0x00007ff8b1953000 	C:\Windows\System32\profapi.dll
0x00007ff8b18c0000 - 0x00007ff8b190a000 	C:\Windows\System32\powrprof.dll
0x00007ff8b1890000 - 0x00007ff8b18a0000 	C:\Windows\System32\UMPDC.dll
0x00007ff8b2d50000 - 0x00007ff8b2da2000 	C:\Windows\System32\shlwapi.dll
0x00007ff8b1910000 - 0x00007ff8b1921000 	C:\Windows\System32\kernel.appcore.dll
0x00007ff8b29c0000 - 0x00007ff8b29d7000 	C:\Windows\System32\cryptsp.dll
0x00007ff879800000 - 0x00007ff87981a000 	C:\Program Files\Java\jdk1.8.0_241\jre\bin\net.dll
0x00007ff8b10a0000 - 0x00007ff8b1107000 	C:\Windows\system32\mswsock.dll
0x00007ff875120000 - 0x00007ff875132000 	C:\Program Files\Java\jdk1.8.0_241\jre\bin\nio.dll
0x00007ff868190000 - 0x00007ff8681b7000 	C:\Users\ann\.gradle\native\f6784746aeab05261644944871eae4fe03e0ef1612fff0a4a95f87b438bc6780\windows-amd64\native-platform.dll
0x00007ff885af0000 - 0x00007ff885afd000 	C:\Program Files\Java\jdk1.8.0_241\jre\bin\management.dll
0x00007ff8b0c10000 - 0x00007ff8b0c43000 	C:\Windows\system32\rsaenh.dll
0x00007ff8b29e0000 - 0x00007ff8b2a06000 	C:\Windows\System32\bcrypt.dll
0x00007ff8b17b0000 - 0x00007ff8b17d5000 	C:\Windows\SYSTEM32\USERENV.dll
0x00007ff8b1270000 - 0x00007ff8b127c000 	C:\Windows\SYSTEM32\CRYPTBASE.dll
0x00007ff8b0db0000 - 0x00007ff8b0dea000 	C:\Windows\SYSTEM32\IPHLPAPI.DLL
0x00007ff8b4870000 - 0x00007ff8b4878000 	C:\Windows\System32\NSI.dll
0x00007ff8ac0b0000 - 0x00007ff8ac0c6000 	C:\Windows\SYSTEM32\dhcpcsvc6.DLL
0x00007ff8ac390000 - 0x00007ff8ac3ac000 	C:\Windows\SYSTEM32\dhcpcsvc.DLL
0x00007ff8b0df0000 - 0x00007ff8b0ebb000 	C:\Windows\SYSTEM32\DNSAPI.dll
0x00007ff8ac8f0000 - 0x00007ff8ac8fb000 	C:\Windows\SYSTEM32\WINNSI.DLL
0x00007ff8b08f0000 - 0x00007ff8b0921000 	C:\Windows\SYSTEM32\ntmarta.dll

VM Arguments:
jvm_args: -XX:MaxMetaspaceSize=256m -XX:+HeapDumpOnOutOfMemoryError -Xms256m -Xmx512m -Dfile.encoding=windows-1252 -Duser.country=US -Duser.language=en -Duser.variant 
java_command: org.gradle.launcher.daemon.bootstrap.GradleDaemon 6.5
java_class_path (initial): C:\Users\ann\.gradle\wrapper\dists\gradle-6.5-all\2oz4ud9k3tuxjg84bbf55q0tn\gradle-6.5\lib\gradle-launcher-6.5.jar
Launcher Type: SUN_STANDARD

Environment Variables:
JAVA_HOME=C:\Program Files\Java\jdk1.8.0_241
CLASSPATH=C:\Users\ann\eclipse-workspace-cordova\Z Sensor\platforms\android\\gradle\wrapper\gradle-wrapper.jar
PATH=C:/Program Files/Java/jre1.8.0_241/bin/server;C:/Program Files/Java/jre1.8.0_241/bin;C:/Program Files/Java/jre1.8.0_241/lib/amd64;C:\Python38\Scripts\;C:\Python38\;C:\Program Files (x86)\Intel\iCLS Client\;C:\Program Files\Intel\iCLS Client\;C:\Windows\system32;C:\Windows;C:\Windows\System32\Wbem;C:\Windows\System32\WindowsPowerShell\v1.0\;C:\Windows\System32\OpenSSH\;C:\Program Files (x86)\Common Files\Acronis\VirtualFile\;C:\Program Files (x86)\Common Files\Acronis\VirtualFile64\;C:\Program Files (x86)\Common Files\Acronis\FileProtector\;C:\Program Files (x86)\Common Files\Acronis\FileProtector64\;C:\Program Files (x86)\Common Files\Acronis\SnapAPI\;C:\Program Files (x86)\Common Files\Oracle\Java\javapath;C:\Program Files\Git\cmd;C:\Program Files (x86)\Intel\Intel(R) Management Engine Components\DAL;C:\Program Files\Intel\Intel(R) Management Engine Components\DAL;C:\Program Files (x86)\Intel\Intel(R) Management Engine Components\IPT;C:\Program Files\Intel\Intel(R) Management Engine Components\IPT;C:\Program Files\Intel\WiFi\bin\;C:\Program Files\Common Files\Intel\WirelessCommon\;C:\Users\ann\AppData\Local\Android\Sdk\tools;C:\Users\ann\AppData\Local\Android\Sdk\platform-tools;C:\Users\ann\AppData\Local\Android\Sdk\tools\bin;C:\Program Files\nodejs\;C:\ProgramData\chocolatey\bin;C:\Gradle\gradle-6.5\bin;C:\Program Files\MySQL\MySQL Shell 8.0\bin\;C:\Users\ann\AppData\Local\Microsoft\WindowsApps;C:\Users\ann\AppData\Roaming\npm;C:\software\eclipse;;C:\Program Files\Java\jdk1.8.0_241\bin
USERNAME=ann
OS=Windows_NT
PROCESSOR_IDENTIFIER=Intel64 Family 6 Model 69 Stepping 1, GenuineIntel



---------------  S Y S T E M  ---------------

OS: Windows 10.0 , 64 bit Build 18362 (10.0.18362.959)

CPU:total 4 (initial active 4) (2 cores per cpu, 2 threads per core) family 6 model 69 stepping 1, cmov, cx8, fxsr, mmx, sse, sse2, sse3, ssse3, sse4.1, sse4.2, popcnt, avx, avx2, aes, clmul, erms, lzcnt, ht, tsc, tscinvbit, bmi1, bmi2

Memory: 4k page, physical 8291728k(997860k free), swap 23856780k(108k free)

vm_info: Java HotSpot(TM) 64-Bit Server VM (25.241-b07) for windows-amd64 JRE (1.8.0_241-b07), built on Dec 11 2019 10:21:40 by "rejava" with MS VC++ 10.0 (VS2010)

time: Fri Jul 17 08:10:08 2020
timezone: W. Europe Daylight Time
elapsed time: 15586 seconds (0d 4h 19m 46s)

