#
# There is insufficient memory for the Java Runtime Environment to continue.
# Native memory allocation (malloc) failed to allocate 338096 bytes for Chunk::new
# Possible reasons:
#   The system is out of physical RAM or swap space
#   The process is running with CompressedOops enabled, and the Java Heap may be blocking the growth of the native heap
# Possible solutions:
#   Reduce memory load on the system
#   Increase physical memory or swap space
#   Check if swap backing store is full
#   Decrease Java heap size (-Xmx/-Xms)
#   Decrease number of Java threads
#   Decrease Java thread stack sizes (-Xss)
#   Set larger code cache with -XX:ReservedCodeCacheSize=
#   JVM is running with Unscaled Compressed Oops mode in which the Java heap is
#     placed in the first 4GB address space. The Java Heap base address is the
#     maximum limit for the native heap growth. Please use -XX:HeapBaseMinAddress
#     to set the Java Heap base and to place the Java Heap above 4GB virtual address.
# This output file may be truncated or incomplete.
#
#  Out of Memory Error (allocation.cpp:389), pid=17136, tid=0x00000000000055e0
#
# JRE version: Java(TM) SE Runtime Environment (8.0_241-b07) (build 1.8.0_241-b07)
# Java VM: Java HotSpot(TM) 64-Bit Server VM (25.241-b07 mixed mode windows-amd64 compressed oops)
# Failed to write core dump. Minidumps are not enabled by default on client versions of Windows
#

---------------  T H R E A D  ---------------

Current thread (0x000000001463a800):  JavaThread "C2 CompilerThread0" daemon [_thread_in_native, id=21984, stack(0x0000000015c80000,0x0000000015d80000)]

Stack: [0x0000000015c80000,0x0000000015d80000]
[error occurred during error reporting (printing stack bounds), id 0xc0000005]

Native frames: (J=compiled Java code, j=interpreted, Vv=VM code, C=native code)


Current CompileTask:
C2:16811422 8987   !   4       org.gradle.internal.event.DefaultListenerManager$EventBroadcast$ListenerDispatch::dispatch (55 bytes)


---------------  P R O C E S S  ---------------

Java Threads: ( => current thread )
  0x000000001b4a3800 JavaThread "Memory manager" [_thread_in_vm, id=13592, stack(0x000000002a340000,0x000000002a440000)]
  0x0000000016321800 JavaThread "Cache worker for file content cache (C:\Users\ann\.gradle\caches\6.5\fileContent)" [_thread_blocked, id=11324, stack(0x000000001ea40000,0x000000001eb40000)]
  0x000000001464b800 JavaThread "Cache worker for execution history cache (C:\Users\ann\.gradle\caches\6.5\executionHistory)" [_thread_blocked, id=7532, stack(0x000000001e240000,0x000000001e340000)]
  0x000000001464a000 JavaThread "Cache worker for file hash cache (C:\Users\ann\.gradle\caches\6.5\fileHashes)" [_thread_blocked, id=19728, stack(0x000000001a6a0000,0x000000001a7a0000)]
  0x000000001464f800 JavaThread "File lock request listener" [_thread_in_native, id=20612, stack(0x000000001a5a0000,0x000000001a6a0000)]
  0x000000001464b000 JavaThread "Cache worker for journal cache (C:\Users\ann\.gradle\caches\journal-1)" [_thread_blocked, id=20948, stack(0x000000001a1a0000,0x000000001a2a0000)]
  0x00000000181f7000 JavaThread "Stdin handler" [_thread_blocked, id=18748, stack(0x0000000019fa0000,0x000000001a0a0000)]
  0x00000000181f3800 JavaThread "Asynchronous log dispatcher for DefaultDaemonConnection: socket connection from /127.0.0.1:62142 to /127.0.0.1:62143" [_thread_blocked, id=22060, stack(0x0000000019ea0000,0x0000000019fa0000)]
  0x00000000181fb800 JavaThread "Daemon worker" [_thread_blocked, id=19216, stack(0x0000000019da0000,0x0000000019ea0000)]
  0x00000000181e3000 JavaThread "Daemon" [_thread_blocked, id=10288, stack(0x00000000198a0000,0x00000000199a0000)]
  0x0000000017843000 JavaThread "Daemon health stats" [_thread_blocked, id=12368, stack(0x0000000018d20000,0x0000000018e20000)]
  0x0000000015fb8800 JavaThread "Service Thread" daemon [_thread_blocked, id=13276, stack(0x0000000016380000,0x0000000016480000)]
  0x000000001464e000 JavaThread "C1 CompilerThread2" daemon [_thread_blocked, id=18312, stack(0x0000000015e80000,0x0000000015f80000)]
  0x0000000014641000 JavaThread "C2 CompilerThread1" daemon [_thread_blocked, id=22124, stack(0x0000000015d80000,0x0000000015e80000)]
=>0x000000001463a800 JavaThread "C2 CompilerThread0" daemon [_thread_in_native, id=21984, stack(0x0000000015c80000,0x0000000015d80000)]
  0x0000000014638800 JavaThread "Attach Listener" daemon [_thread_blocked, id=2152, stack(0x0000000015b80000,0x0000000015c80000)]
  0x0000000014637800 JavaThread "Signal Dispatcher" daemon [_thread_blocked, id=2696, stack(0x0000000015a80000,0x0000000015b80000)]
  0x000000000320c800 JavaThread "Finalizer" daemon [_thread_blocked, id=9348, stack(0x0000000015880000,0x0000000015980000)]
  0x0000000003203800 JavaThread "Reference Handler" daemon [_thread_blocked, id=9956, stack(0x0000000015780000,0x0000000015880000)]
  0x0000000003112800 JavaThread "main" [_thread_blocked, id=12156, stack(0x0000000002f40000,0x0000000003040000)]

Other Threads:
  0x00000000145f7800 VMThread [stack: 0x0000000015680000,0x0000000015780000] [id=10596]
  0x000000001468c000 WatcherThread [stack: 0x0000000016480000,0x0000000016580000] [id=10216]

VM state:not at safepoint (normal execution)

VM Mutex/Monitor currently owned by a thread: None

heap address: 0x00000000e0000000, size: 512 MB, Compressed Oops mode: 32-bit
Narrow klass base: 0x0000000000000000, Narrow klass shift: 3
Compressed class space size: 1073741824 Address: 0x0000000100000000

Heap:
 PSYoungGen      total 147968K, used 119186K [0x00000000f5580000, 0x0000000100000000, 0x0000000100000000)
  eden space 126464K, 77% used [0x00000000f5580000,0x00000000fb546fe0,0x00000000fd100000)
  from space 21504K, 98% used [0x00000000fd100000,0x00000000fe59da70,0x00000000fe600000)
  to   space 26112K, 0% used [0x00000000fe680000,0x00000000fe680000,0x0000000100000000)
 ParOldGen       total 220672K, used 56027K [0x00000000e0000000, 0x00000000ed780000, 0x00000000f5580000)
  object space 220672K, 25% used [0x00000000e0000000,0x00000000e36b6fe0,0x00000000ed780000)
 Metaspace       used 73864K, capacity 77478K, committed 77568K, reserved 1116160K
  class space    used 10218K, capacity 10945K, committed 11008K, reserved 1048576K

Card table byte_map: [0x00000000125d0000,0x00000000126e0000] byte_map_base: 0x0000000011ed0000

Marking Bits: (ParMarkBitMap*) 0x000000006203be30
 Begin Bits: [0x0000000012b90000, 0x0000000013390000)
 End Bits:   [0x0000000013390000, 0x0000000013b90000)

Polling page: 0x00000000012a0000

CodeCache: size=245760Kb used=24976Kb max_used=24988Kb free=220783Kb
 bounds [0x0000000003210000, 0x0000000004aa0000, 0x0000000012210000]
 total_blobs=8556 nmethods=7740 adapters=728
 compilation: enabled

Compilation events (10 events):
Event: 4363.740 Thread 0x000000001463a800 nmethod 8981 0x000000000423e7d0 code [0x000000000423e980, 0x000000000423edf0]
Event: 5178.996 Thread 0x0000000014641000 8984       4       java.io.PipedInputStream::checkStateForReceive (69 bytes)
Event: 5179.000 Thread 0x0000000014641000 nmethod 8984 0x000000000364bbd0 code [0x000000000364bd20, 0x000000000364bdd8]
Event: 5243.719 Thread 0x000000001463a800 8985       4       java.lang.management.MemoryUsage::<init> (284 bytes)
Event: 5243.724 Thread 0x000000001463a800 nmethod 8985 0x0000000003644b90 code [0x0000000003644ce0, 0x0000000003644f18]
Event: 5756.475 Thread 0x0000000014641000 8986       4       java.util.Collections$EmptyList::iterator (4 bytes)
Event: 5756.478 Thread 0x0000000014641000 nmethod 8986 0x0000000003b42850 code [0x0000000003b42980, 0x0000000003b429f8]
Event: 16811.367 Thread 0x0000000014641000 8988       4       org.gradle.internal.event.DefaultListenerManager$EventBroadcast::takeOwnership (45 bytes)
Event: 16811.367 Thread 0x000000001463a800 8987   !   4       org.gradle.internal.event.DefaultListenerManager$EventBroadcast$ListenerDispatch::dispatch (55 bytes)
Event: 16811.377 Thread 0x0000000014641000 nmethod 8988 0x000000000446a810 code [0x000000000446a9a0, 0x000000000446ad10]

GC Heap History (10 events):
Event: 14.508 GC heap before
{Heap before GC invocations=12 (full 2):
 PSYoungGen      total 162816K, used 139121K [0x00000000f5580000, 0x0000000100000000, 0x0000000100000000)
  eden space 151040K, 84% used [0x00000000f5580000,0x00000000fd1e15a8,0x00000000fe900000)
  from space 11776K, 99% used [0x00000000fe900000,0x00000000ff47af20,0x00000000ff480000)
  to   space 11776K, 0% used [0x00000000ff480000,0x00000000ff480000,0x0000000100000000)
 ParOldGen       total 175104K, used 26223K [0x00000000e0000000, 0x00000000eab00000, 0x00000000f5580000)
  object space 175104K, 14% used [0x00000000e0000000,0x00000000e199bf68,0x00000000eab00000)
 Metaspace       used 56615K, capacity 59146K, committed 59160K, reserved 1099776K
  class space    used 7811K, capacity 8317K, committed 8320K, reserved 1048576K
Event: 14.541 GC heap after
Heap after GC invocations=12 (full 2):
 PSYoungGen      total 144384K, used 11763K [0x00000000f5580000, 0x0000000100000000, 0x0000000100000000)
  eden space 132608K, 0% used [0x00000000f5580000,0x00000000f5580000,0x00000000fd700000)
  from space 11776K, 99% used [0x00000000ff480000,0x00000000ffffcf10,0x0000000100000000)
  to   space 20992K, 0% used [0x00000000fd700000,0x00000000fd700000,0x00000000feb80000)
 ParOldGen       total 175104K, used 37497K [0x00000000e0000000, 0x00000000eab00000, 0x00000000f5580000)
  object space 175104K, 21% used [0x00000000e0000000,0x00000000e249e7c0,0x00000000eab00000)
 Metaspace       used 56615K, capacity 59146K, committed 59160K, reserved 1099776K
  class space    used 7811K, capacity 8317K, committed 8320K, reserved 1048576K
}
Event: 14.541 GC heap before
{Heap before GC invocations=13 (full 3):
 PSYoungGen      total 144384K, used 11763K [0x00000000f5580000, 0x0000000100000000, 0x0000000100000000)
  eden space 132608K, 0% used [0x00000000f5580000,0x00000000f5580000,0x00000000fd700000)
  from space 11776K, 99% used [0x00000000ff480000,0x00000000ffffcf10,0x0000000100000000)
  to   space 20992K, 0% used [0x00000000fd700000,0x00000000fd700000,0x00000000feb80000)
 ParOldGen       total 175104K, used 37497K [0x00000000e0000000, 0x00000000eab00000, 0x00000000f5580000)
  object space 175104K, 21% used [0x00000000e0000000,0x00000000e249e7c0,0x00000000eab00000)
 Metaspace       used 56615K, capacity 59146K, committed 59160K, reserved 1099776K
  class space    used 7811K, capacity 8317K, committed 8320K, reserved 1048576K
Event: 14.884 GC heap after
Heap after GC invocations=13 (full 3):
 PSYoungGen      total 144384K, used 0K [0x00000000f5580000, 0x0000000100000000, 0x0000000100000000)
  eden space 132608K, 0% used [0x00000000f5580000,0x00000000f5580000,0x00000000fd700000)
  from space 11776K, 0% used [0x00000000ff480000,0x00000000ff480000,0x0000000100000000)
  to   space 20992K, 0% used [0x00000000fd700000,0x00000000fd700000,0x00000000feb80000)
 ParOldGen       total 220672K, used 45806K [0x00000000e0000000, 0x00000000ed780000, 0x00000000f5580000)
  object space 220672K, 20% used [0x00000000e0000000,0x00000000e2cbb9f8,0x00000000ed780000)
 Metaspace       used 56614K, capacity 59140K, committed 59160K, reserved 1099776K
  class space    used 7810K, capacity 8316K, committed 8320K, reserved 1048576K
}
Event: 17.773 GC heap before
{Heap before GC invocations=14 (full 3):
 PSYoungGen      total 144384K, used 132608K [0x00000000f5580000, 0x0000000100000000, 0x0000000100000000)
  eden space 132608K, 100% used [0x00000000f5580000,0x00000000fd700000,0x00000000fd700000)
  from space 11776K, 0% used [0x00000000ff480000,0x00000000ff480000,0x0000000100000000)
  to   space 20992K, 0% used [0x00000000fd700000,0x00000000fd700000,0x00000000feb80000)
 ParOldGen       total 220672K, used 45806K [0x00000000e0000000, 0x00000000ed780000, 0x00000000f5580000)
  object space 220672K, 20% used [0x00000000e0000000,0x00000000e2cbb9f8,0x00000000ed780000)
 Metaspace       used 62192K, capacity 64962K, committed 65152K, reserved 1105920K
  class space    used 8746K, capacity 9293K, committed 9344K, reserved 1048576K
Event: 17.792 GC heap after
Heap after GC invocations=14 (full 3):
 PSYoungGen      total 153600K, used 12112K [0x00000000f5580000, 0x0000000100000000, 0x0000000100000000)
  eden space 132608K, 0% used [0x00000000f5580000,0x00000000f5580000,0x00000000fd700000)
  from space 20992K, 57% used [0x00000000fd700000,0x00000000fe2d4100,0x00000000feb80000)
  to   space 20480K, 0% used [0x00000000fec00000,0x00000000fec00000,0x0000000100000000)
 ParOldGen       total 220672K, used 45814K [0x00000000e0000000, 0x00000000ed780000, 0x00000000f5580000)
  object space 220672K, 20% used [0x00000000e0000000,0x00000000e2cbd9f8,0x00000000ed780000)
 Metaspace       used 62192K, capacity 64962K, committed 65152K, reserved 1105920K
  class space    used 8746K, capacity 9293K, committed 9344K, reserved 1048576K
}
Event: 21.503 GC heap before
{Heap before GC invocations=15 (full 3):
 PSYoungGen      total 153600K, used 144720K [0x00000000f5580000, 0x0000000100000000, 0x0000000100000000)
  eden space 132608K, 100% used [0x00000000f5580000,0x00000000fd700000,0x00000000fd700000)
  from space 20992K, 57% used [0x00000000fd700000,0x00000000fe2d4100,0x00000000feb80000)
  to   space 20480K, 0% used [0x00000000fec00000,0x00000000fec00000,0x0000000100000000)
 ParOldGen       total 220672K, used 45814K [0x00000000e0000000, 0x00000000ed780000, 0x00000000f5580000)
  object space 220672K, 20% used [0x00000000e0000000,0x00000000e2cbd9f8,0x00000000ed780000)
 Metaspace       used 66901K, capacity 70228K, committed 70400K, reserved 1110016K
  class space    used 9495K, capacity 10140K, committed 10240K, reserved 1048576K
Event: 21.533 GC heap after
Heap after GC invocations=15 (full 3):
 PSYoungGen      total 146944K, used 20451K [0x00000000f5580000, 0x0000000100000000, 0x0000000100000000)
  eden space 126464K, 0% used [0x00000000f5580000,0x00000000f5580000,0x00000000fd100000)
  from space 20480K, 99% used [0x00000000fec00000,0x00000000ffff8dd0,0x0000000100000000)
  to   space 24064K, 0% used [0x00000000fd100000,0x00000000fd100000,0x00000000fe880000)
 ParOldGen       total 220672K, used 48351K [0x00000000e0000000, 0x00000000ed780000, 0x00000000f5580000)
  object space 220672K, 21% used [0x00000000e0000000,0x00000000e2f37c30,0x00000000ed780000)
 Metaspace       used 66901K, capacity 70228K, committed 70400K, reserved 1110016K
  class space    used 9495K, capacity 10140K, committed 10240K, reserved 1048576K
}
Event: 415.217 GC heap before
{Heap before GC invocations=16 (full 3):
 PSYoungGen      total 146944K, used 146915K [0x00000000f5580000, 0x0000000100000000, 0x0000000100000000)
  eden space 126464K, 100% used [0x00000000f5580000,0x00000000fd100000,0x00000000fd100000)
  from space 20480K, 99% used [0x00000000fec00000,0x00000000ffff8dd0,0x0000000100000000)
  to   space 24064K, 0% used [0x00000000fd100000,0x00000000fd100000,0x00000000fe880000)
 ParOldGen       total 220672K, used 48351K [0x00000000e0000000, 0x00000000ed780000, 0x00000000f5580000)
  object space 220672K, 21% used [0x00000000e0000000,0x00000000e2f37c30,0x00000000ed780000)
 Metaspace       used 73603K, capacity 77208K, committed 77568K, reserved 1116160K
  class space    used 10202K, capacity 10932K, committed 11008K, reserved 1048576K
Event: 415.287 GC heap after
Heap after GC invocations=16 (full 3):
 PSYoungGen      total 147968K, used 21110K [0x00000000f5580000, 0x0000000100000000, 0x0000000100000000)
  eden space 126464K, 0% used [0x00000000f5580000,0x00000000f5580000,0x00000000fd100000)
  from space 21504K, 98% used [0x00000000fd100000,0x00000000fe59da70,0x00000000fe600000)
  to   space 26112K, 0% used [0x00000000fe680000,0x00000000fe680000,0x0000000100000000)
 ParOldGen       total 220672K, used 56027K [0x00000000e0000000, 0x00000000ed780000, 0x00000000f5580000)
  object space 220672K, 25% used [0x00000000e0000000,0x00000000e36b6fe0,0x00000000ed780000)
 Metaspace       used 73603K, capacity 77208K, committed 77568K, reserved 1116160K
  class space    used 10202K, capacity 10932K, committed 11008K, reserved 1048576K
}

Deoptimization events (10 events):
Event: 1444.609 Thread 0x000000001d9b2000 Uncommon trap: reason=speculate_class_check action=maybe_recompile pc=0x00000000049af750 method=java.lang.Object.toString()Ljava/lang/String; @ 23
Event: 1444.609 Thread 0x000000001d9b2000 Uncommon trap: reason=unstable_if action=reinterpret pc=0x00000000044a9858 method=sun.nio.ch.SocketChannelImpl.read(Ljava/nio/ByteBuffer;)I @ 210
Event: 1444.609 Thread 0x000000001d9b2000 Uncommon trap: reason=unstable_if action=reinterpret pc=0x0000000003fec298 method=com.esotericsoftware.kryo.io.Input.require(I)I @ 180
Event: 1444.609 Thread 0x00000000181e3000 Uncommon trap: reason=unstable_if action=reinterpret pc=0x00000000049b4240 method=org.slf4j.helpers.MessageFormatter.deeplyAppendParameter(Ljava/lang/StringBuilder;Ljava/lang/Object;Ljava/util/Map;)V @ 1
Event: 1444.610 Thread 0x000000001d9b8000 Uncommon trap: reason=speculate_class_check action=maybe_recompile pc=0x00000000049af750 method=java.lang.Object.toString()Ljava/lang/String; @ 23
Event: 1444.614 Thread 0x00000000181f3800 Uncommon trap: reason=unstable_if action=reinterpret pc=0x0000000004a224fc method=org.gradle.launcher.daemon.server.exec.LogToClient$AsynchronousLogDispatcher.run()V @ 21
Event: 1444.622 Thread 0x0000000018167800 Uncommon trap: reason=unloaded action=reinterpret pc=0x0000000003640518 method=java.nio.channels.spi.AbstractInterruptibleChannel.end(Z)V @ 41
Event: 1444.637 Thread 0x00000000181e3000 Uncommon trap: reason=speculate_class_check action=maybe_recompile pc=0x00000000049af750 method=java.lang.Object.toString()Ljava/lang/String; @ 23
Event: 1444.658 Thread 0x00000000181e4000 Uncommon trap: reason=class_check action=maybe_recompile pc=0x0000000003fec1ac method=org.gradle.internal.serialize.DefaultSerializerRegistry$TaggedTypeSerializer.read(Lorg/gradle/internal/serialize/Decoder;)Ljava/lang/Object; @ 60
Event: 1444.659 Thread 0x00000000181e4000 Uncommon trap: reason=unstable_if action=reinterpret pc=0x00000000036415a0 method=com.esotericsoftware.kryo.io.Input.require(I)I @ 180

Classes redefined (0 events):
No events

Internal exceptions (10 events):
Event: 22.362 Thread 0x000000001b49d800 Exception <a 'java/lang/NoSuchMethodError': java.lang.Object.lambda$static$0(Lcom/android/apksig/util/RunnablesProvider;)V> (0x00000000f8343c38) thrown at [C:\ade\jenkins\workspace\8-2-build-windows-amd64-cygwin\jdk8u241\331\hotspot\src\share\vm\interpret
Event: 23.059 Thread 0x00000000181fb800 Exception <a 'sun/nio/fs/WindowsException'> (0x00000000f8aca1c0) thrown at [C:\ade\jenkins\workspace\8-2-build-windows-amd64-cygwin\jdk8u241\331\hotspot\src\share\vm\prims\jni.cpp, line 710]
Event: 23.087 Thread 0x00000000181fb800 Exception <a 'sun/nio/fs/WindowsException'> (0x00000000f8b73d10) thrown at [C:\ade\jenkins\workspace\8-2-build-windows-amd64-cygwin\jdk8u241\331\hotspot\src\share\vm\prims\jni.cpp, line 710]
Event: 1444.593 Thread 0x000000001d9b2000 Exception <a 'java/lang/NoSuchMethodError': <clinit>> (0x00000000fa84e9c0) thrown at [C:\ade\jenkins\workspace\8-2-build-windows-amd64-cygwin\jdk8u241\331\hotspot\src\share\vm\prims\jni.cpp, line 1614]
Event: 1444.595 Thread 0x000000001d9b2000 Exception <a 'java/lang/NoSuchMethodError': <clinit>> (0x00000000fa856168) thrown at [C:\ade\jenkins\workspace\8-2-build-windows-amd64-cygwin\jdk8u241\331\hotspot\src\share\vm\prims\jni.cpp, line 1614]
Event: 1444.609 Thread 0x00000000181e3000 Implicit null exception at 0x00000000049b15b3 to 0x00000000049b41f5
Event: 1444.622 Thread 0x0000000018167800 Exception <a 'java/io/IOException'> (0x00000000fa796450) thrown at [C:\ade\jenkins\workspace\8-2-build-windows-amd64-cygwin\jdk8u241\331\hotspot\src\share\vm\prims\jni.cpp, line 710]
Event: 1444.627 Thread 0x00000000181e3000 Exception <a 'java/lang/NoSuchMethodError': <clinit>> (0x00000000fa8ed818) thrown at [C:\ade\jenkins\workspace\8-2-build-windows-amd64-cygwin\jdk8u241\331\hotspot\src\share\vm\prims\jni.cpp, line 1614]
Event: 1444.629 Thread 0x00000000181e3000 Exception <a 'java/lang/NoSuchMethodError': <clinit>> (0x00000000fa8ef160) thrown at [C:\ade\jenkins\workspace\8-2-build-windows-amd64-cygwin\jdk8u241\331\hotspot\src\share\vm\prims\jni.cpp, line 1614]
Event: 1444.636 Thread 0x00000000181e3000 Exception <a 'java/lang/NoSuchMethodError': <clinit>> (0x00000000fa91c078) thrown at [C:\ade\jenkins\workspace\8-2-build-windows-amd64-cygwin\jdk8u241\331\hotspot\src\share\vm\prims\jni.cpp, line 1614]

Events (10 events):
Event: 1936.481 Thread 0x000000001464e000 flushing nmethod 0x0000000003be2c50
Event: 1936.487 Thread 0x000000001464e000 flushing nmethod 0x0000000003c9aa90
Event: 1936.490 Thread 0x000000001464e000 flushing nmethod 0x0000000003d824d0
Event: 1971.527 Thread 0x000000001463a800 flushing nmethod 0x00000000041fe2d0
Event: 1971.527 Thread 0x000000001463a800 flushing nmethod 0x000000000423e7d0
Event: 1973.565 Thread 0x0000000014641000 flushing nmethod 0x000000000446a810
Event: 2061.956 Thread 0x00000000181f3800 DEOPT PACKING pc=0x0000000004a7bd5f sp=0x0000000019f9f260
Event: 2061.956 Thread 0x00000000181f3800 DEOPT UNPACKING pc=0x0000000003257890 sp=0x0000000019f9f008 mode 0
Event: 2086.484 Thread 0x000000001464e000 flushing nmethod 0x00000000045418d0
Event: 2086.492 Thread 0x000000001464e000 flushing nmethod 0x00000000046763d0


Dynamic libraries:
0x00007ff72c410000 - 0x00007ff72c447000 	C:\Program Files\Java\jdk1.8.0_241\bin\java.exe
0x00007ff8b49e0000 - 0x00007ff8b4bd0000 	C:\Windows\SYSTEM32\ntdll.dll
0x00007ff8b3ea0000 - 0x00007ff8b3f52000 	C:\Windows\System32\KERNEL32.DLL
0x00007ff8b1db0000 - 0x00007ff8b2054000 	C:\Windows\System32\KERNELBASE.dll
0x00007ff8b2b80000 - 0x00007ff8b2c23000 	C:\Windows\System32\ADVAPI32.dll
0x00007ff8b4100000 - 0x00007ff8b419e000 	C:\Windows\System32\msvcrt.dll
0x00007ff8b47d0000 - 0x00007ff8b4867000 	C:\Windows\System32\sechost.dll
0x00007ff8b4880000 - 0x00007ff8b49a0000 	C:\Windows\System32\RPCRT4.dll
0x00007ff8b3f60000 - 0x00007ff8b40f4000 	C:\Windows\System32\USER32.dll
0x00007ff8b2a60000 - 0x00007ff8b2a81000 	C:\Windows\System32\win32u.dll
0x00007ff8b3250000 - 0x00007ff8b3276000 	C:\Windows\System32\GDI32.dll
0x00007ff8b1ab0000 - 0x00007ff8b1c46000 	C:\Windows\System32\gdi32full.dll
0x00007ff8b2060000 - 0x00007ff8b20fe000 	C:\Windows\System32\msvcp_win.dll
0x00007ff8b1cb0000 - 0x00007ff8b1daa000 	C:\Windows\System32\ucrtbase.dll
0x00007ff8a7ca0000 - 0x00007ff8a7f24000 	C:\Windows\WinSxS\amd64_microsoft.windows.common-controls_6595b64144ccf1df_6.0.18362.959_none_e6c7bbbf130c62bb\COMCTL32.dll
0x00007ff8b2db0000 - 0x00007ff8b30e5000 	C:\Windows\System32\combase.dll
0x00007ff8b21b0000 - 0x00007ff8b2230000 	C:\Windows\System32\bcryptPrimitives.dll
0x00007ff8b35c0000 - 0x00007ff8b35ee000 	C:\Windows\System32\IMM32.DLL
0x00000000620c0000 - 0x0000000062192000 	C:\Program Files\Java\jdk1.8.0_241\jre\bin\msvcr100.dll
0x0000000061810000 - 0x00000000620bc000 	C:\Program Files\Java\jdk1.8.0_241\jre\bin\server\jvm.dll
0x00007ff8b41a0000 - 0x00007ff8b41a8000 	C:\Windows\System32\PSAPI.DLL
0x00007ff8ab300000 - 0x00007ff8ab30a000 	C:\Windows\SYSTEM32\VERSION.dll
0x00007ff8a7f70000 - 0x00007ff8a7f94000 	C:\Windows\SYSTEM32\WINMM.dll
0x00007ff89c1a0000 - 0x00007ff89c1a9000 	C:\Windows\SYSTEM32\WSOCK32.dll
0x00007ff8b35f0000 - 0x00007ff8b365f000 	C:\Windows\System32\WS2_32.dll
0x00007ff8a7f40000 - 0x00007ff8a7f6d000 	C:\Windows\SYSTEM32\WINMMBASE.dll
0x00007ff8b2a10000 - 0x00007ff8b2a5a000 	C:\Windows\System32\cfgmgr32.dll
0x00007ff885b70000 - 0x00007ff885b7f000 	C:\Program Files\Java\jdk1.8.0_241\jre\bin\verify.dll
0x00007ff885b40000 - 0x00007ff885b69000 	C:\Program Files\Java\jdk1.8.0_241\jre\bin\java.dll
0x00007ff87b860000 - 0x00007ff87b876000 	C:\Program Files\Java\jdk1.8.0_241\jre\bin\zip.dll
0x00007ff8b36c0000 - 0x00007ff8b3da6000 	C:\Windows\System32\SHELL32.dll
0x00007ff8b2c30000 - 0x00007ff8b2cd9000 	C:\Windows\System32\shcore.dll
0x00007ff8b2230000 - 0x00007ff8b29b2000 	C:\Windows\System32\windows.storage.dll
0x00007ff8b1930000 - 0x00007ff8b1953000 	C:\Windows\System32\profapi.dll
0x00007ff8b18c0000 - 0x00007ff8b190a000 	C:\Windows\System32\powrprof.dll
0x00007ff8b1890000 - 0x00007ff8b18a0000 	C:\Windows\System32\UMPDC.dll
0x00007ff8b2d50000 - 0x00007ff8b2da2000 	C:\Windows\System32\shlwapi.dll
0x00007ff8b1910000 - 0x00007ff8b1921000 	C:\Windows\System32\kernel.appcore.dll
0x00007ff8b29c0000 - 0x00007ff8b29d7000 	C:\Windows\System32\cryptsp.dll
0x00007ff879800000 - 0x00007ff87981a000 	C:\Program Files\Java\jdk1.8.0_241\jre\bin\net.dll
0x00007ff8b10a0000 - 0x00007ff8b1107000 	C:\Windows\system32\mswsock.dll
0x00007ff875120000 - 0x00007ff875132000 	C:\Program Files\Java\jdk1.8.0_241\jre\bin\nio.dll
0x00007ff868190000 - 0x00007ff8681b7000 	C:\Users\ann\.gradle\native\f6784746aeab05261644944871eae4fe03e0ef1612fff0a4a95f87b438bc6780\windows-amd64\native-platform.dll
0x00007ff885af0000 - 0x00007ff885afd000 	C:\Program Files\Java\jdk1.8.0_241\jre\bin\management.dll
0x00007ff8b0c10000 - 0x00007ff8b0c43000 	C:\Windows\system32\rsaenh.dll
0x00007ff8b29e0000 - 0x00007ff8b2a06000 	C:\Windows\System32\bcrypt.dll
0x00007ff8b17b0000 - 0x00007ff8b17d5000 	C:\Windows\SYSTEM32\USERENV.dll
0x00007ff8b1270000 - 0x00007ff8b127c000 	C:\Windows\SYSTEM32\CRYPTBASE.dll
0x00007ff8b0db0000 - 0x00007ff8b0dea000 	C:\Windows\SYSTEM32\IPHLPAPI.DLL
0x00007ff8b4870000 - 0x00007ff8b4878000 	C:\Windows\System32\NSI.dll
0x00007ff8ac0b0000 - 0x00007ff8ac0c6000 	C:\Windows\SYSTEM32\dhcpcsvc6.DLL
0x00007ff8ac390000 - 0x00007ff8ac3ac000 	C:\Windows\SYSTEM32\dhcpcsvc.DLL
0x00007ff8b0df0000 - 0x00007ff8b0ebb000 	C:\Windows\SYSTEM32\DNSAPI.dll
0x00007ff8ac8f0000 - 0x00007ff8ac8fb000 	C:\Windows\SYSTEM32\WINNSI.DLL
0x00007ff8b08f0000 - 0x00007ff8b0921000 	C:\Windows\SYSTEM32\ntmarta.dll

VM Arguments:
jvm_args: -XX:MaxMetaspaceSize=256m -XX:+HeapDumpOnOutOfMemoryError -Xms256m -Xmx512m -Dfile.encoding=windows-1252 -Duser.country=US -Duser.language=en -Duser.variant 
java_command: org.gradle.launcher.daemon.bootstrap.GradleDaemon 6.5
java_class_path (initial): C:\Users\ann\.gradle\wrapper\dists\gradle-6.5-all\2oz4ud9k3tuxjg84bbf55q0tn\gradle-6.5\lib\gradle-launcher-6.5.jar
Launcher Type: SUN_STANDARD

Environment Variables:
JAVA_HOME=C:\Program Files\Java\jdk1.8.0_241
CLASSPATH=C:\Users\ann\eclipse-workspace-cordova\Z Sensor\platforms\android\\gradle\wrapper\gradle-wrapper.jar
PATH=C:/Program Files/Java/jre1.8.0_241/bin/server;C:/Program Files/Java/jre1.8.0_241/bin;C:/Program Files/Java/jre1.8.0_241/lib/amd64;C:\Python38\Scripts\;C:\Python38\;C:\Program Files (x86)\Intel\iCLS Client\;C:\Program Files\Intel\iCLS Client\;C:\Windows\system32;C:\Windows;C:\Windows\System32\Wbem;C:\Windows\System32\WindowsPowerShell\v1.0\;C:\Windows\System32\OpenSSH\;C:\Program Files (x86)\Common Files\Acronis\VirtualFile\;C:\Program Files (x86)\Common Files\Acronis\VirtualFile64\;C:\Program Files (x86)\Common Files\Acronis\FileProtector\;C:\Program Files (x86)\Common Files\Acronis\FileProtector64\;C:\Program Files (x86)\Common Files\Acronis\SnapAPI\;C:\Program Files (x86)\Common Files\Oracle\Java\javapath;C:\Program Files\Git\cmd;C:\Program Files (x86)\Intel\Intel(R) Management Engine Components\DAL;C:\Program Files\Intel\Intel(R) Management Engine Components\DAL;C:\Program Files (x86)\Intel\Intel(R) Management Engine Components\IPT;C:\Program Files\Intel\Intel(R) Management Engine Components\IPT;C:\Program Files\Intel\WiFi\bin\;C:\Program Files\Common Files\Intel\WirelessCommon\;C:\Users\ann\AppData\Local\Android\Sdk\tools;C:\Users\ann\AppData\Local\Android\Sdk\platform-tools;C:\Users\ann\AppData\Local\Android\Sdk\tools\bin;C:\Program Files\nodejs\;C:\ProgramData\chocolatey\bin;C:\Gradle\gradle-6.5\bin;C:\Program Files\MySQL\MySQL Shell 8.0\bin\;C:\Users\ann\AppData\Local\Microsoft\WindowsApps;C:\Users\ann\AppData\Roaming\npm;C:\software\eclipse;;C:\Program Files\Java\jdk1.8.0_241\bin
USERNAME=ann
OS=Windows_NT
PROCESSOR_IDENTIFIER=Intel64 Family 6 Model 69 Stepping 1, GenuineIntel



---------------  S Y S T E M  ---------------

OS: Windows 10.0 , 64 bit Build 18362 (10.0.18362.959)

CPU:total 4 (initial active 4) (2 cores per cpu, 2 threads per core) family 6 model 69 stepping 1, cmov, cx8, fxsr, mmx, sse, sse2, sse3, ssse3, sse4.1, sse4.2, popcnt, avx, avx2, aes, clmul, erms, lzcnt, ht, tsc, tscinvbit, bmi1, bmi2

Memory: 4k page, physical 8291728k(813128k free), swap 23856780k(4k free)

vm_info: Java HotSpot(TM) 64-Bit Server VM (25.241-b07) for windows-amd64 JRE (1.8.0_241-b07), built on Dec 11 2019 10:21:40 by "rejava" with MS VC++ 10.0 (VS2010)

time: Fri Jul 17 08:10:09 2020
timezone: W. Europe Daylight Time
elapsed time: 16811 seconds (0d 4h 40m 11s)

