#
# There is insufficient memory for the Java Runtime Environment to continue.
# Native memory allocation (malloc) failed to allocate 172496 bytes for Chunk::new
# Possible reasons:
#   The system is out of physical RAM or swap space
#   The process is running with CompressedOops enabled, and the Java Heap may be blocking the growth of the native heap
# Possible solutions:
#   Reduce memory load on the system
#   Increase physical memory or swap space
#   Check if swap backing store is full
#   Decrease Java heap size (-Xmx/-Xms)
#   Decrease number of Java threads
#   Decrease Java thread stack sizes (-Xss)
#   Set larger code cache with -XX:ReservedCodeCacheSize=
#   JVM is running with Unscaled Compressed Oops mode in which the Java heap is
#     placed in the first 4GB address space. The Java Heap base address is the
#     maximum limit for the native heap growth. Please use -XX:HeapBaseMinAddress
#     to set the Java Heap base and to place the Java Heap above 4GB virtual address.
# This output file may be truncated or incomplete.
#
#  Out of Memory Error (allocation.cpp:389), pid=21444, tid=0x000000000000477c
#
# JRE version: Java(TM) SE Runtime Environment (8.0_241-b07) (build 1.8.0_241-b07)
# Java VM: Java HotSpot(TM) 64-Bit Server VM (25.241-b07 mixed mode windows-amd64 compressed oops)
# Failed to write core dump. Minidumps are not enabled by default on client versions of Windows
#

---------------  T H R E A D  ---------------

Current thread (0x0000000013a2d800):  JavaThread "C2 CompilerThread1" daemon [_thread_in_native, id=18300, stack(0x0000000015170000,0x0000000015270000)]

Stack: [0x0000000015170000,0x0000000015270000]
[error occurred during error reporting (printing stack bounds), id 0xc0000005]

Native frames: (J=compiled Java code, j=interpreted, Vv=VM code, C=native code)


Current CompileTask:
C2:23874998 8973       4       com.sun.jmx.mbeanserver.Repository::retrieveNamedObject (63 bytes)


---------------  P R O C E S S  ---------------

Java Threads: ( => current thread )
  0x000000001639a000 JavaThread "Memory manager" [_thread_in_vm, id=15800, stack(0x0000000029b80000,0x0000000029c80000)]
  0x00000000175b4800 JavaThread "Cache worker for file content cache (C:\Users\ann\.gradle\caches\6.5\fileContent)" [_thread_blocked, id=2452, stack(0x000000001ddf0000,0x000000001def0000)]
  0x00000000175b3800 JavaThread "Cache worker for execution history cache (C:\Users\ann\.gradle\caches\6.5\executionHistory)" [_thread_blocked, id=15952, stack(0x000000001d5f0000,0x000000001d6f0000)]
  0x00000000175b6800 JavaThread "Cache worker for file hash cache (C:\Users\ann\.gradle\caches\6.5\fileHashes)" [_thread_blocked, id=8072, stack(0x0000000019a90000,0x0000000019b90000)]
  0x00000000175b9800 JavaThread "File lock request listener" [_thread_in_native, id=8188, stack(0x0000000019990000,0x0000000019a90000)]
  0x00000000175b7800 JavaThread "Cache worker for journal cache (C:\Users\ann\.gradle\caches\journal-1)" [_thread_blocked, id=18760, stack(0x0000000019790000,0x0000000019890000)]
  0x00000000173fa800 JavaThread "Stdin handler" [_thread_blocked, id=18656, stack(0x0000000019390000,0x0000000019490000)]
  0x000000001753d800 JavaThread "Asynchronous log dispatcher for DefaultDaemonConnection: socket connection from /127.0.0.1:65119 to /127.0.0.1:65120" [_thread_blocked, id=7716, stack(0x0000000019290000,0x0000000019390000)]
  0x00000000173f9800 JavaThread "Daemon worker" [_thread_blocked, id=21432, stack(0x0000000019190000,0x0000000019290000)]
  0x00000000173e3000 JavaThread "Daemon" [_thread_blocked, id=18728, stack(0x0000000018c90000,0x0000000018d90000)]
  0x0000000017324800 JavaThread "Daemon health stats" [_thread_in_Java, id=4264, stack(0x0000000018110000,0x0000000018210000)]
  0x0000000013a7e000 JavaThread "Service Thread" daemon [_thread_blocked, id=19756, stack(0x0000000015770000,0x0000000015870000)]
  0x0000000013a36000 JavaThread "C1 CompilerThread2" daemon [_thread_blocked, id=20548, stack(0x0000000015270000,0x0000000015370000)]
=>0x0000000013a2d800 JavaThread "C2 CompilerThread1" daemon [_thread_in_native, id=18300, stack(0x0000000015170000,0x0000000015270000)]
  0x0000000013a29800 JavaThread "C2 CompilerThread0" daemon [_thread_in_vm, id=15712, stack(0x0000000015070000,0x0000000015170000)]
  0x0000000013a27800 JavaThread "Attach Listener" daemon [_thread_blocked, id=572, stack(0x0000000014f70000,0x0000000015070000)]
  0x0000000013a26000 JavaThread "Signal Dispatcher" daemon [_thread_blocked, id=13628, stack(0x0000000014e70000,0x0000000014f70000)]
  0x00000000025fb000 JavaThread "Finalizer" daemon [_thread_blocked, id=72, stack(0x0000000014c70000,0x0000000014d70000)]
  0x0000000013a0a000 JavaThread "Reference Handler" daemon [_thread_blocked, id=14468, stack(0x0000000014b70000,0x0000000014c70000)]
  0x0000000002502800 JavaThread "main" [_thread_blocked, id=18864, stack(0x00000000023b0000,0x00000000024b0000)]

Other Threads:
  0x00000000139e7800 VMThread [stack: 0x0000000014a70000,0x0000000014b70000] [id=8488]
  0x00000000153b4800 WatcherThread [stack: 0x0000000015870000,0x0000000015970000] [id=19508]

VM state:not at safepoint (normal execution)

VM Mutex/Monitor currently owned by a thread: None

heap address: 0x00000000e0000000, size: 512 MB, Compressed Oops mode: 32-bit
Narrow klass base: 0x0000000000000000, Narrow klass shift: 3
Compressed class space size: 1073741824 Address: 0x0000000100000000

Heap:
 PSYoungGen      total 151040K, used 129638K [0x00000000f5580000, 0x0000000100000000, 0x0000000100000000)
  eden space 127488K, 83% used [0x00000000f5580000,0x00000000fbd19a98,0x00000000fd200000)
  from space 23552K, 99% used [0x00000000fd200000,0x00000000fe8ffe28,0x00000000fe900000)
  to   space 23552K, 0% used [0x00000000fe900000,0x00000000fe900000,0x0000000100000000)
 ParOldGen       total 218624K, used 52734K [0x00000000e0000000, 0x00000000ed580000, 0x00000000f5580000)
  object space 218624K, 24% used [0x00000000e0000000,0x00000000e337f9b8,0x00000000ed580000)
 Metaspace       used 73856K, capacity 77518K, committed 77824K, reserved 1116160K
  class space    used 10215K, capacity 10941K, committed 11008K, reserved 1048576K

Card table byte_map: [0x00000000119c0000,0x0000000011ad0000] byte_map_base: 0x00000000112c0000

Marking Bits: (ParMarkBitMap*) 0x000000006203be30
 Begin Bits: [0x0000000011f80000, 0x0000000012780000)
 End Bits:   [0x0000000012780000, 0x0000000012f80000)

Polling page: 0x0000000000730000

CodeCache: size=245760Kb used=25006Kb max_used=25018Kb free=220753Kb
 bounds [0x0000000002600000, 0x0000000003e90000, 0x0000000011600000]
 total_blobs=8579 nmethods=7763 adapters=728
 compilation: enabled

Compilation events (10 events):
Event: 23874.831 Thread 0x0000000013a2d800 8969       4       javax.management.ObjectName::getCanonicalKeyPropertyListString (44 bytes)
Event: 23874.831 Thread 0x0000000013a29800 8970       4       java.util.concurrent.locks.AbstractQueuedSynchronizer::doReleaseShared (79 bytes)
Event: 23874.835 Thread 0x0000000013a29800 nmethod 8970 0x00000000030a4cd0 code [0x00000000030a4e00, 0x00000000030a4e98]
Event: 23874.855 Thread 0x0000000013a2d800 nmethod 8969 0x0000000003e88550 code [0x0000000003e886c0, 0x0000000003e88b38]
Event: 23874.927 Thread 0x0000000013a29800 8971       4       com.sun.jmx.interceptor.DefaultMBeanServerInterceptor::nonDefaultDomain (43 bytes)
Event: 23874.929 Thread 0x0000000013a2d800 8972       4       java.util.concurrent.locks.ReentrantReadWriteLock$Sync::tryAcquireShared (177 bytes)
Event: 23874.937 Thread 0x0000000013a2d800 nmethod 8972 0x0000000003e5ae10 code [0x0000000003e5af60, 0x0000000003e5b138]
Event: 23874.938 Thread 0x0000000013a29800 nmethod 8971 0x0000000003e87b10 code [0x0000000003e87c80, 0x0000000003e880b8]
Event: 23874.938 Thread 0x0000000013a2d800 8973       4       com.sun.jmx.mbeanserver.Repository::retrieveNamedObject (63 bytes)
Event: 23874.994 Thread 0x0000000013a29800 8974       4       com.sun.jmx.interceptor.DefaultMBeanServerInterceptor::getMBean (97 bytes)

GC Heap History (10 events):
Event: 12.388 GC heap before
{Heap before GC invocations=12 (full 2):
 PSYoungGen      total 162304K, used 125634K [0x00000000f5580000, 0x0000000100000000, 0x0000000100000000)
  eden space 151040K, 75% used [0x00000000f5580000,0x00000000fc535a48,0x00000000fe900000)
  from space 11264K, 99% used [0x00000000fe900000,0x00000000ff3faf30,0x00000000ff400000)
  to   space 12288K, 0% used [0x00000000ff400000,0x00000000ff400000,0x0000000100000000)
 ParOldGen       total 175104K, used 26930K [0x00000000e0000000, 0x00000000eab00000, 0x00000000f5580000)
  object space 175104K, 15% used [0x00000000e0000000,0x00000000e1a4c890,0x00000000eab00000)
 Metaspace       used 56532K, capacity 59090K, committed 59160K, reserved 1099776K
  class space    used 7803K, capacity 8319K, committed 8320K, reserved 1048576K
Event: 12.428 GC heap after
Heap after GC invocations=12 (full 2):
 PSYoungGen      total 145920K, used 12267K [0x00000000f5580000, 0x0000000100000000, 0x0000000100000000)
  eden space 133632K, 0% used [0x00000000f5580000,0x00000000f5580000,0x00000000fd800000)
  from space 12288K, 99% used [0x00000000ff400000,0x00000000ffffaf00,0x0000000100000000)
  to   space 20480K, 0% used [0x00000000fd800000,0x00000000fd800000,0x00000000fec00000)
 ParOldGen       total 175104K, used 36203K [0x00000000e0000000, 0x00000000eab00000, 0x00000000f5580000)
  object space 175104K, 20% used [0x00000000e0000000,0x00000000e235afc0,0x00000000eab00000)
 Metaspace       used 56532K, capacity 59090K, committed 59160K, reserved 1099776K
  class space    used 7803K, capacity 8319K, committed 8320K, reserved 1048576K
}
Event: 12.428 GC heap before
{Heap before GC invocations=13 (full 3):
 PSYoungGen      total 145920K, used 12267K [0x00000000f5580000, 0x0000000100000000, 0x0000000100000000)
  eden space 133632K, 0% used [0x00000000f5580000,0x00000000f5580000,0x00000000fd800000)
  from space 12288K, 99% used [0x00000000ff400000,0x00000000ffffaf00,0x0000000100000000)
  to   space 20480K, 0% used [0x00000000fd800000,0x00000000fd800000,0x00000000fec00000)
 ParOldGen       total 175104K, used 36203K [0x00000000e0000000, 0x00000000eab00000, 0x00000000f5580000)
  object space 175104K, 20% used [0x00000000e0000000,0x00000000e235afc0,0x00000000eab00000)
 Metaspace       used 56532K, capacity 59090K, committed 59160K, reserved 1099776K
  class space    used 7803K, capacity 8319K, committed 8320K, reserved 1048576K
Event: 12.762 GC heap after
Heap after GC invocations=13 (full 3):
 PSYoungGen      total 145920K, used 0K [0x00000000f5580000, 0x0000000100000000, 0x0000000100000000)
  eden space 133632K, 0% used [0x00000000f5580000,0x00000000f5580000,0x00000000fd800000)
  from space 12288K, 0% used [0x00000000ff400000,0x00000000ff400000,0x0000000100000000)
  to   space 20480K, 0% used [0x00000000fd800000,0x00000000fd800000,0x00000000fec00000)
 ParOldGen       total 218624K, used 45102K [0x00000000e0000000, 0x00000000ed580000, 0x00000000f5580000)
  object space 218624K, 20% used [0x00000000e0000000,0x00000000e2c0b8b8,0x00000000ed580000)
 Metaspace       used 56526K, capacity 59072K, committed 59160K, reserved 1099776K
  class space    used 7801K, capacity 8316K, committed 8320K, reserved 1048576K
}
Event: 14.835 GC heap before
{Heap before GC invocations=14 (full 3):
 PSYoungGen      total 145920K, used 133632K [0x00000000f5580000, 0x0000000100000000, 0x0000000100000000)
  eden space 133632K, 100% used [0x00000000f5580000,0x00000000fd800000,0x00000000fd800000)
  from space 12288K, 0% used [0x00000000ff400000,0x00000000ff400000,0x0000000100000000)
  to   space 20480K, 0% used [0x00000000fd800000,0x00000000fd800000,0x00000000fec00000)
 ParOldGen       total 218624K, used 45102K [0x00000000e0000000, 0x00000000ed580000, 0x00000000f5580000)
  object space 218624K, 20% used [0x00000000e0000000,0x00000000e2c0b8b8,0x00000000ed580000)
 Metaspace       used 62161K, capacity 64968K, committed 65152K, reserved 1105920K
  class space    used 8743K, capacity 9292K, committed 9344K, reserved 1048576K
Event: 14.861 GC heap after
Heap after GC invocations=14 (full 3):
 PSYoungGen      total 154112K, used 12215K [0x00000000f5580000, 0x0000000100000000, 0x0000000100000000)
  eden space 133632K, 0% used [0x00000000f5580000,0x00000000f5580000,0x00000000fd800000)
  from space 20480K, 59% used [0x00000000fd800000,0x00000000fe3ede30,0x00000000fec00000)
  to   space 19968K, 0% used [0x00000000fec80000,0x00000000fec80000,0x0000000100000000)
 ParOldGen       total 218624K, used 45110K [0x00000000e0000000, 0x00000000ed580000, 0x00000000f5580000)
  object space 218624K, 20% used [0x00000000e0000000,0x00000000e2c0d8b8,0x00000000ed580000)
 Metaspace       used 62161K, capacity 64968K, committed 65152K, reserved 1105920K
  class space    used 8743K, capacity 9292K, committed 9344K, reserved 1048576K
}
Event: 16.837 GC heap before
{Heap before GC invocations=15 (full 3):
 PSYoungGen      total 154112K, used 145847K [0x00000000f5580000, 0x0000000100000000, 0x0000000100000000)
  eden space 133632K, 100% used [0x00000000f5580000,0x00000000fd800000,0x00000000fd800000)
  from space 20480K, 59% used [0x00000000fd800000,0x00000000fe3ede30,0x00000000fec00000)
  to   space 19968K, 0% used [0x00000000fec80000,0x00000000fec80000,0x0000000100000000)
 ParOldGen       total 218624K, used 45110K [0x00000000e0000000, 0x00000000ed580000, 0x00000000f5580000)
  object space 218624K, 20% used [0x00000000e0000000,0x00000000e2c0d8b8,0x00000000ed580000)
 Metaspace       used 66885K, capacity 70278K, committed 70400K, reserved 1110016K
  class space    used 9494K, capacity 10137K, committed 10240K, reserved 1048576K
Event: 16.862 GC heap after
Heap after GC invocations=15 (full 3):
 PSYoungGen      total 147456K, used 19949K [0x00000000f5580000, 0x0000000100000000, 0x0000000100000000)
  eden space 127488K, 0% used [0x00000000f5580000,0x00000000f5580000,0x00000000fd200000)
  from space 19968K, 99% used [0x00000000fec80000,0x00000000ffffb510,0x0000000100000000)
  to   space 23552K, 0% used [0x00000000fd200000,0x00000000fd200000,0x00000000fe900000)
 ParOldGen       total 218624K, used 48160K [0x00000000e0000000, 0x00000000ed580000, 0x00000000f5580000)
  object space 218624K, 22% used [0x00000000e0000000,0x00000000e2f081b0,0x00000000ed580000)
 Metaspace       used 66885K, capacity 70278K, committed 70400K, reserved 1110016K
  class space    used 9494K, capacity 10137K, committed 10240K, reserved 1048576K
}
Event: 3185.406 GC heap before
{Heap before GC invocations=16 (full 3):
 PSYoungGen      total 147456K, used 147437K [0x00000000f5580000, 0x0000000100000000, 0x0000000100000000)
  eden space 127488K, 100% used [0x00000000f5580000,0x00000000fd200000,0x00000000fd200000)
  from space 19968K, 99% used [0x00000000fec80000,0x00000000ffffb510,0x0000000100000000)
  to   space 23552K, 0% used [0x00000000fd200000,0x00000000fd200000,0x00000000fe900000)
 ParOldGen       total 218624K, used 48160K [0x00000000e0000000, 0x00000000ed580000, 0x00000000f5580000)
  object space 218624K, 22% used [0x00000000e0000000,0x00000000e2f081b0,0x00000000ed580000)
 Metaspace       used 73739K, capacity 77280K, committed 77568K, reserved 1116160K
  class space    used 10199K, capacity 10896K, committed 11008K, reserved 1048576K
Event: 3187.005 GC heap after
Heap after GC invocations=16 (full 3):
 PSYoungGen      total 151040K, used 23551K [0x00000000f5580000, 0x0000000100000000, 0x0000000100000000)
  eden space 127488K, 0% used [0x00000000f5580000,0x00000000f5580000,0x00000000fd200000)
  from space 23552K, 99% used [0x00000000fd200000,0x00000000fe8ffe28,0x00000000fe900000)
  to   space 23552K, 0% used [0x00000000fe900000,0x00000000fe900000,0x0000000100000000)
 ParOldGen       total 218624K, used 52734K [0x00000000e0000000, 0x00000000ed580000, 0x00000000f5580000)
  object space 218624K, 24% used [0x00000000e0000000,0x00000000e337f9b8,0x00000000ed580000)
 Metaspace       used 73739K, capacity 77280K, committed 77568K, reserved 1116160K
  class space    used 10199K, capacity 10896K, committed 11008K, reserved 1048576K
}

Deoptimization events (10 events):
Event: 92.610 Thread 0x000000001745c800 Uncommon trap: reason=bimorphic action=maybe_recompile pc=0x00000000034aee10 method=java.util.HashMap.removeNode(ILjava/lang/Object;Ljava/lang/Object;ZZ)Ljava/util/HashMap$Node; @ 283
Event: 242.835 Thread 0x000000001c929000 Uncommon trap: reason=unstable_if action=reinterpret pc=0x0000000002cace5c method=java.lang.Long.getChars(JI[C)V @ 9
Event: 3187.006 Thread 0x0000000013a0a000 Uncommon trap: reason=unstable_if action=reinterpret pc=0x0000000003354238 method=java.lang.ref.Reference.tryHandlePending(Z)Z @ 20
Event: 3187.017 Thread 0x00000000025fb000 Uncommon trap: reason=unstable_if action=reinterpret pc=0x0000000003c60acc method=java.util.HashMap$HashIterator.<init>(Ljava/util/HashMap;)V @ 45
Event: 8492.817 Thread 0x000000001745c800 Uncommon trap: reason=unstable_if action=reinterpret pc=0x0000000003d472b8 method=java.io.DataInputStream.readBoolean()Z @ 21
Event: 9278.336 Thread 0x000000001c92d800 Uncommon trap: reason=unstable_if action=reinterpret pc=0x0000000003d0f22c method=sun.nio.ch.WindowsSelectorImpl$SubSelector.processFDSet(J[IIZ)I @ 143
Event: 9278.564 Thread 0x000000001753d800 Uncommon trap: reason=unstable_if action=reinterpret pc=0x0000000003d9fd34 method=org.gradle.launcher.daemon.server.exec.LogToClient$AsynchronousLogDispatcher.run()V @ 21
Event: 9278.570 Thread 0x000000001745c800 Uncommon trap: reason=unstable_if action=reinterpret pc=0x0000000003e1ae08 method=java.util.concurrent.locks.AbstractQueuedSynchronizer$ConditionObject.awaitNanos(J)J @ 89
Event: 9278.571 Thread 0x00000000173e3000 Uncommon trap: reason=unstable_if action=reinterpret pc=0x0000000003e10174 method=org.slf4j.helpers.MessageFormatter.deeplyAppendParameter(Ljava/lang/StringBuilder;Ljava/lang/Object;Ljava/util/Map;)V @ 1
Event: 9278.572 Thread 0x000000001c92d800 Uncommon trap: reason=unstable_if action=reinterpret pc=0x0000000002f664c8 method=com.esotericsoftware.kryo.io.Input.require(I)I @ 180

Classes redefined (0 events):
No events

Internal exceptions (10 events):
Event: 17.345 Thread 0x000000001639e800 Exception <a 'java/lang/NoSuchMethodError': java.lang.Object.lambda$static$0(Lcom/android/apksig/util/RunnablesProvider;)V> (0x00000000f826a438) thrown at [C:\ade\jenkins\workspace\8-2-build-windows-amd64-cygwin\jdk8u241\331\hotspot\src\share\vm\interpret
Event: 17.609 Thread 0x00000000173f9800 Exception <a 'sun/nio/fs/WindowsException'> (0x00000000f897e090) thrown at [C:\ade\jenkins\workspace\8-2-build-windows-amd64-cygwin\jdk8u241\331\hotspot\src\share\vm\prims\jni.cpp, line 710]
Event: 17.620 Thread 0x00000000173f9800 Exception <a 'sun/nio/fs/WindowsException'> (0x00000000f8a27be0) thrown at [C:\ade\jenkins\workspace\8-2-build-windows-amd64-cygwin\jdk8u241\331\hotspot\src\share\vm\prims\jni.cpp, line 710]
Event: 9278.458 Thread 0x000000001c92d800 Exception <a 'java/lang/NoSuchMethodError': <clinit>> (0x00000000fb3f9090) thrown at [C:\ade\jenkins\workspace\8-2-build-windows-amd64-cygwin\jdk8u241\331\hotspot\src\share\vm\prims\jni.cpp, line 1614]
Event: 9278.477 Thread 0x000000001c92d800 Exception <a 'java/lang/NoSuchMethodError': <clinit>> (0x00000000fb400838) thrown at [C:\ade\jenkins\workspace\8-2-build-windows-amd64-cygwin\jdk8u241\331\hotspot\src\share\vm\prims\jni.cpp, line 1614]
Event: 9278.570 Thread 0x00000000173e3000 Implicit null exception at 0x0000000003e0dd6f to 0x0000000003e10131
Event: 9278.601 Thread 0x0000000017413800 Exception <a 'java/io/IOException'> (0x00000000fb33e5b0) thrown at [C:\ade\jenkins\workspace\8-2-build-windows-amd64-cygwin\jdk8u241\331\hotspot\src\share\vm\prims\jni.cpp, line 710]
Event: 9278.687 Thread 0x00000000173e3000 Exception <a 'java/lang/NoSuchMethodError': <clinit>> (0x00000000fb6dccf8) thrown at [C:\ade\jenkins\workspace\8-2-build-windows-amd64-cygwin\jdk8u241\331\hotspot\src\share\vm\prims\jni.cpp, line 1614]
Event: 9278.689 Thread 0x00000000173e3000 Exception <a 'java/lang/NoSuchMethodError': <clinit>> (0x00000000fb6de640) thrown at [C:\ade\jenkins\workspace\8-2-build-windows-amd64-cygwin\jdk8u241\331\hotspot\src\share\vm\prims\jni.cpp, line 1614]
Event: 9278.733 Thread 0x00000000173e3000 Exception <a 'java/lang/NoSuchMethodError': <clinit>> (0x00000000fb70b558) thrown at [C:\ade\jenkins\workspace\8-2-build-windows-amd64-cygwin\jdk8u241\331\hotspot\src\share\vm\prims\jni.cpp, line 1614]

Events (10 events):
Event: 9278.684 loading class org/gradle/internal/serialize/ExceptionPlaceholder$1 done
Event: 9278.688 loading class java/util/Collections$EmptyListIterator
Event: 9278.689 loading class java/util/Collections$EmptyListIterator done
Event: 9278.737 Thread 0x00000000173f0800 Thread exited: 0x00000000173f0800
Event: 9279.038 Thread 0x00000000173ea800 Thread exited: 0x00000000173ea800
Event: 9338.638 Executing VM operation: RevokeBias
Event: 9338.638 Executing VM operation: RevokeBias done
Event: 9338.638 Thread 0x000000001c929000 Thread exited: 0x000000001c929000
Event: 9899.511 Thread 0x000000001753d800 DEOPT PACKING pc=0x0000000003e6141f sp=0x000000001938f270
Event: 9899.511 Thread 0x000000001753d800 DEOPT UNPACKING pc=0x0000000002647890 sp=0x000000001938f018 mode 0


Dynamic libraries:
0x00007ff72c410000 - 0x00007ff72c447000 	C:\Program Files\Java\jdk1.8.0_241\bin\java.exe
0x00007ff8b49e0000 - 0x00007ff8b4bd0000 	C:\Windows\SYSTEM32\ntdll.dll
0x00007ff8b3ea0000 - 0x00007ff8b3f52000 	C:\Windows\System32\KERNEL32.DLL
0x00007ff8b1db0000 - 0x00007ff8b2054000 	C:\Windows\System32\KERNELBASE.dll
0x00007ff8b2b80000 - 0x00007ff8b2c23000 	C:\Windows\System32\ADVAPI32.dll
0x00007ff8b4100000 - 0x00007ff8b419e000 	C:\Windows\System32\msvcrt.dll
0x00007ff8b47d0000 - 0x00007ff8b4867000 	C:\Windows\System32\sechost.dll
0x00007ff8b4880000 - 0x00007ff8b49a0000 	C:\Windows\System32\RPCRT4.dll
0x00007ff8b3f60000 - 0x00007ff8b40f4000 	C:\Windows\System32\USER32.dll
0x00007ff8b2a60000 - 0x00007ff8b2a81000 	C:\Windows\System32\win32u.dll
0x00007ff8b3250000 - 0x00007ff8b3276000 	C:\Windows\System32\GDI32.dll
0x00007ff8b1ab0000 - 0x00007ff8b1c46000 	C:\Windows\System32\gdi32full.dll
0x00007ff8b2060000 - 0x00007ff8b20fe000 	C:\Windows\System32\msvcp_win.dll
0x00007ff8b1cb0000 - 0x00007ff8b1daa000 	C:\Windows\System32\ucrtbase.dll
0x00007ff8a7ca0000 - 0x00007ff8a7f24000 	C:\Windows\WinSxS\amd64_microsoft.windows.common-controls_6595b64144ccf1df_6.0.18362.959_none_e6c7bbbf130c62bb\COMCTL32.dll
0x00007ff8b2db0000 - 0x00007ff8b30e5000 	C:\Windows\System32\combase.dll
0x00007ff8b21b0000 - 0x00007ff8b2230000 	C:\Windows\System32\bcryptPrimitives.dll
0x00007ff8b35c0000 - 0x00007ff8b35ee000 	C:\Windows\System32\IMM32.DLL
0x00000000620c0000 - 0x0000000062192000 	C:\Program Files\Java\jdk1.8.0_241\jre\bin\msvcr100.dll
0x0000000061810000 - 0x00000000620bc000 	C:\Program Files\Java\jdk1.8.0_241\jre\bin\server\jvm.dll
0x00007ff8b41a0000 - 0x00007ff8b41a8000 	C:\Windows\System32\PSAPI.DLL
0x00007ff8a7f70000 - 0x00007ff8a7f94000 	C:\Windows\SYSTEM32\WINMM.dll
0x00007ff8ab300000 - 0x00007ff8ab30a000 	C:\Windows\SYSTEM32\VERSION.dll
0x00007ff89c1a0000 - 0x00007ff89c1a9000 	C:\Windows\SYSTEM32\WSOCK32.dll
0x00007ff8a7f40000 - 0x00007ff8a7f6d000 	C:\Windows\SYSTEM32\winmmbase.dll
0x00007ff8b35f0000 - 0x00007ff8b365f000 	C:\Windows\System32\WS2_32.dll
0x00007ff8b2a10000 - 0x00007ff8b2a5a000 	C:\Windows\System32\cfgmgr32.dll
0x00007ff885b70000 - 0x00007ff885b7f000 	C:\Program Files\Java\jdk1.8.0_241\jre\bin\verify.dll
0x00007ff885b40000 - 0x00007ff885b69000 	C:\Program Files\Java\jdk1.8.0_241\jre\bin\java.dll
0x00007ff87b860000 - 0x00007ff87b876000 	C:\Program Files\Java\jdk1.8.0_241\jre\bin\zip.dll
0x00007ff8b36c0000 - 0x00007ff8b3da6000 	C:\Windows\System32\SHELL32.dll
0x00007ff8b2c30000 - 0x00007ff8b2cd9000 	C:\Windows\System32\shcore.dll
0x00007ff8b2230000 - 0x00007ff8b29b2000 	C:\Windows\System32\windows.storage.dll
0x00007ff8b1930000 - 0x00007ff8b1953000 	C:\Windows\System32\profapi.dll
0x00007ff8b18c0000 - 0x00007ff8b190a000 	C:\Windows\System32\powrprof.dll
0x00007ff8b1890000 - 0x00007ff8b18a0000 	C:\Windows\System32\UMPDC.dll
0x00007ff8b2d50000 - 0x00007ff8b2da2000 	C:\Windows\System32\shlwapi.dll
0x00007ff8b1910000 - 0x00007ff8b1921000 	C:\Windows\System32\kernel.appcore.dll
0x00007ff8b29c0000 - 0x00007ff8b29d7000 	C:\Windows\System32\cryptsp.dll
0x00007ff879800000 - 0x00007ff87981a000 	C:\Program Files\Java\jdk1.8.0_241\jre\bin\net.dll
0x00007ff8b10a0000 - 0x00007ff8b1107000 	C:\Windows\system32\mswsock.dll
0x00007ff875120000 - 0x00007ff875132000 	C:\Program Files\Java\jdk1.8.0_241\jre\bin\nio.dll
0x00007ff868190000 - 0x00007ff8681b7000 	C:\Users\ann\.gradle\native\f6784746aeab05261644944871eae4fe03e0ef1612fff0a4a95f87b438bc6780\windows-amd64\native-platform.dll
0x00007ff885af0000 - 0x00007ff885afd000 	C:\Program Files\Java\jdk1.8.0_241\jre\bin\management.dll
0x00007ff8b0c10000 - 0x00007ff8b0c43000 	C:\Windows\system32\rsaenh.dll
0x00007ff8b29e0000 - 0x00007ff8b2a06000 	C:\Windows\System32\bcrypt.dll
0x00007ff8b17b0000 - 0x00007ff8b17d5000 	C:\Windows\SYSTEM32\USERENV.dll
0x00007ff8b1270000 - 0x00007ff8b127c000 	C:\Windows\SYSTEM32\CRYPTBASE.dll
0x00007ff8b0db0000 - 0x00007ff8b0dea000 	C:\Windows\SYSTEM32\IPHLPAPI.DLL
0x00007ff8b4870000 - 0x00007ff8b4878000 	C:\Windows\System32\NSI.dll
0x00007ff8ac0b0000 - 0x00007ff8ac0c6000 	C:\Windows\SYSTEM32\dhcpcsvc6.DLL
0x00007ff8ac390000 - 0x00007ff8ac3ac000 	C:\Windows\SYSTEM32\dhcpcsvc.DLL
0x00007ff8b0df0000 - 0x00007ff8b0ebb000 	C:\Windows\SYSTEM32\DNSAPI.dll
0x00007ff8ac8f0000 - 0x00007ff8ac8fb000 	C:\Windows\SYSTEM32\WINNSI.DLL
0x00007ff8b08f0000 - 0x00007ff8b0921000 	C:\Windows\SYSTEM32\ntmarta.dll

VM Arguments:
jvm_args: -XX:MaxMetaspaceSize=256m -XX:+HeapDumpOnOutOfMemoryError -Xms256m -Xmx512m -Dfile.encoding=windows-1252 -Duser.country=US -Duser.language=en -Duser.variant 
java_command: org.gradle.launcher.daemon.bootstrap.GradleDaemon 6.5
java_class_path (initial): C:\Users\ann\.gradle\wrapper\dists\gradle-6.5-all\2oz4ud9k3tuxjg84bbf55q0tn\gradle-6.5\lib\gradle-launcher-6.5.jar
Launcher Type: SUN_STANDARD

Environment Variables:
JAVA_HOME=C:\Program Files\Java\jdk1.8.0_241
CLASSPATH=C:\Users\ann\eclipse-workspace-cordova\Z Sensor\platforms\android\\gradle\wrapper\gradle-wrapper.jar
PATH=C:/Program Files/Java/jre1.8.0_241/bin/server;C:/Program Files/Java/jre1.8.0_241/bin;C:/Program Files/Java/jre1.8.0_241/lib/amd64;C:\Python38\Scripts\;C:\Python38\;C:\Program Files (x86)\Intel\iCLS Client\;C:\Program Files\Intel\iCLS Client\;C:\Windows\system32;C:\Windows;C:\Windows\System32\Wbem;C:\Windows\System32\WindowsPowerShell\v1.0\;C:\Windows\System32\OpenSSH\;C:\Program Files (x86)\Common Files\Acronis\VirtualFile\;C:\Program Files (x86)\Common Files\Acronis\VirtualFile64\;C:\Program Files (x86)\Common Files\Acronis\FileProtector\;C:\Program Files (x86)\Common Files\Acronis\FileProtector64\;C:\Program Files (x86)\Common Files\Acronis\SnapAPI\;C:\Program Files (x86)\Common Files\Oracle\Java\javapath;C:\Program Files\Git\cmd;C:\Program Files (x86)\Intel\Intel(R) Management Engine Components\DAL;C:\Program Files\Intel\Intel(R) Management Engine Components\DAL;C:\Program Files (x86)\Intel\Intel(R) Management Engine Components\IPT;C:\Program Files\Intel\Intel(R) Management Engine Components\IPT;C:\Program Files\Intel\WiFi\bin\;C:\Program Files\Common Files\Intel\WirelessCommon\;C:\Users\ann\AppData\Local\Android\Sdk\tools;C:\Users\ann\AppData\Local\Android\Sdk\platform-tools;C:\Users\ann\AppData\Local\Android\Sdk\tools\bin;C:\Program Files\nodejs\;C:\ProgramData\chocolatey\bin;C:\Gradle\gradle-6.5\bin;C:\Program Files\MySQL\MySQL Shell 8.0\bin\;C:\Users\ann\AppData\Local\Microsoft\WindowsApps;C:\Users\ann\AppData\Roaming\npm;C:\software\eclipse;;C:\Program Files\Java\jdk1.8.0_241\bin
USERNAME=ann
OS=Windows_NT
PROCESSOR_IDENTIFIER=Intel64 Family 6 Model 69 Stepping 1, GenuineIntel



---------------  S Y S T E M  ---------------

OS: Windows 10.0 , 64 bit Build 18362 (10.0.18362.959)

CPU:total 4 (initial active 4) (2 cores per cpu, 2 threads per core) family 6 model 69 stepping 1, cmov, cx8, fxsr, mmx, sse, sse2, sse3, ssse3, sse4.1, sse4.2, popcnt, avx, avx2, aes, clmul, erms, lzcnt, ht, tsc, tscinvbit, bmi1, bmi2

Memory: 4k page, physical 8291728k(1018764k free), swap 23856780k(0k free)

vm_info: Java HotSpot(TM) 64-Bit Server VM (25.241-b07) for windows-amd64 JRE (1.8.0_241-b07), built on Dec 11 2019 10:21:40 by "rejava" with MS VC++ 10.0 (VS2010)

time: Fri Jul 17 08:10:08 2020
timezone: W. Europe Daylight Time
elapsed time: 23875 seconds (0d 6h 37m 55s)

