#
# There is insufficient memory for the Java Runtime Environment to continue.
# Native memory allocation (malloc) failed to allocate 1048576 bytes for AllocateHeap
# Possible reasons:
#   The system is out of physical RAM or swap space
#   The process is running with CompressedOops enabled, and the Java Heap may be blocking the growth of the native heap
# Possible solutions:
#   Reduce memory load on the system
#   Increase physical memory or swap space
#   Check if swap backing store is full
#   Decrease Java heap size (-Xmx/-Xms)
#   Decrease number of Java threads
#   Decrease Java thread stack sizes (-Xss)
#   Set larger code cache with -XX:ReservedCodeCacheSize=
#   JVM is running with Unscaled Compressed Oops mode in which the Java heap is
#     placed in the first 4GB address space. The Java Heap base address is the
#     maximum limit for the native heap growth. Please use -XX:HeapBaseMinAddress
#     to set the Java Heap base and to place the Java Heap above 4GB virtual address.
# This output file may be truncated or incomplete.
#
#  Out of Memory Error (memory/allocation.inline.hpp:61), pid=9904, tid=0x00000000000003d8
#
# JRE version:  (8.0_241-b07) (build )
# Java VM: Java HotSpot(TM) 64-Bit Server VM (25.241-b07 mixed mode windows-amd64 compressed oops)
# Failed to write core dump. Minidumps are not enabled by default on client versions of Windows
#

---------------  T H R E A D  ---------------

Current thread (0x0000000002b92800):  JavaThread "Unknown thread" [_thread_in_vm, id=984, stack(0x0000000002a90000,0x0000000002b90000)]

Stack: [0x0000000002a90000,0x0000000002b90000]
[error occurred during error reporting (printing stack bounds), id 0xc0000005]

Native frames: (J=compiled Java code, j=interpreted, Vv=VM code, C=native code)


---------------  P R O C E S S  ---------------

Java Threads: ( => current thread )

Other Threads:

=>0x0000000002b92800 (exited) JavaThread "Unknown thread" [_thread_in_vm, id=984, stack(0x0000000002a90000,0x0000000002b90000)]

VM state:not at safepoint (normal execution)

VM Mutex/Monitor currently owned by a thread: None

heap address: 0x0000000081600000, size: 2026 MB, Compressed Oops mode: 32-bit
Narrow klass base: 0x0000000000000000, Narrow klass shift: 3
Compressed class space size: 1073741824 Address: 0x0000000100000000

Heap:
 PSYoungGen      total 2048K, used 30K [0x00000000d5d00000, 0x00000000d5f80000, 0x0000000100000000)
  eden space 1536K, 2% used [0x00000000d5d00000,0x00000000d5d07af0,0x00000000d5e80000)
  from space 512K, 0% used [0x00000000d5f00000,0x00000000d5f00000,0x00000000d5f80000)
  to   space 512K, 0% used [0x00000000d5e80000,0x00000000d5e80000,0x00000000d5f00000)
 ParOldGen       total 5632K, used 0K [0x0000000081600000, 0x0000000081b80000, 0x00000000d5d00000)
  object space 5632K, 0% used [0x0000000081600000,0x0000000081600000,0x0000000081b80000)
 Metaspace       used 786K, capacity 1156K, committed 1408K, reserved 1060864K
  class space    used 76K, capacity 384K, committed 384K, reserved 1048576K

Card table byte_map: [0x0000000012050000,0x0000000012450000] byte_map_base: 0x0000000011c45000

Marking Bits: (ParMarkBitMap*) 0x0000000056d8be30
 Begin Bits: [0x0000000012b00000, 0x0000000014aa8000)
 End Bits:   [0x0000000014aa8000, 0x0000000016a50000)

Polling page: 0x00000000009f0000

CodeCache: size=245760Kb used=328Kb max_used=328Kb free=245431Kb
 bounds [0x0000000002c90000, 0x0000000002f00000, 0x0000000011c90000]
 total_blobs=58 nmethods=0 adapters=38
 compilation: enabled

Compilation events (0 events):
No events

GC Heap History (0 events):
No events

Deoptimization events (0 events):
No events

Classes redefined (0 events):
No events

Internal exceptions (0 events):
No events

Events (10 events):
Event: 0.036 loading class java/lang/Short
Event: 0.036 loading class java/lang/Short done
Event: 0.036 loading class java/lang/Integer
Event: 0.036 loading class java/lang/Integer done
Event: 0.036 loading class java/lang/Long
Event: 0.036 loading class java/lang/Long done
Event: 0.037 loading class java/lang/NullPointerException
Event: 0.037 loading class java/lang/NullPointerException done
Event: 0.037 loading class java/lang/ArithmeticException
Event: 0.037 loading class java/lang/ArithmeticException done


Dynamic libraries:
0x00007ff7b9740000 - 0x00007ff7b9747000 	C:\Program Files\Java\jdk1.8.0_241\bin\javac.exe
0x00007fff298e0000 - 0x00007fff29ad0000 	C:\Windows\SYSTEM32\ntdll.dll
0x00007fff27bc0000 - 0x00007fff27c72000 	C:\Windows\System32\KERNEL32.DLL
0x00007fff26ac0000 - 0x00007fff26d64000 	C:\Windows\System32\KERNELBASE.dll
0x00007fff22af0000 - 0x00007fff22b1f000 	C:\Program Files\Java\jdk1.8.0_241\bin\jli.dll
0x0000000056480000 - 0x0000000056552000 	C:\Program Files\Java\jdk1.8.0_241\bin\MSVCR100.dll
0x00007fff28a70000 - 0x00007fff28b13000 	C:\Windows\System32\ADVAPI32.dll
0x00007fff28060000 - 0x00007fff280fe000 	C:\Windows\System32\msvcrt.dll
0x00007fff27ce0000 - 0x00007fff27d77000 	C:\Windows\System32\sechost.dll
0x00007fff292f0000 - 0x00007fff29410000 	C:\Windows\System32\RPCRT4.dll
0x00007fff27a10000 - 0x00007fff27ba4000 	C:\Windows\System32\USER32.dll
0x00007fff27960000 - 0x00007fff27981000 	C:\Windows\System32\win32u.dll
0x00007fff28b50000 - 0x00007fff28b76000 	C:\Windows\System32\GDI32.dll
0x00007fff27790000 - 0x00007fff27925000 	C:\Windows\System32\gdi32full.dll
0x00007fff276f0000 - 0x00007fff2778e000 	C:\Windows\System32\msvcp_win.dll
0x00007fff27550000 - 0x00007fff2764a000 	C:\Windows\System32\ucrtbase.dll
0x00007fff19970000 - 0x00007fff19bf4000 	C:\Windows\WinSxS\amd64_microsoft.windows.common-controls_6595b64144ccf1df_6.0.18362.900_none_e6beb9d913147d17\COMCTL32.dll
0x00007fff28110000 - 0x00007fff28445000 	C:\Windows\System32\combase.dll
0x00007fff27670000 - 0x00007fff276f0000 	C:\Windows\System32\bcryptPrimitives.dll
0x00007fff28b20000 - 0x00007fff28b4e000 	C:\Windows\System32\IMM32.DLL
0x0000000056e10000 - 0x0000000056ee2000 	C:\Program Files\Java\jdk1.8.0_241\jre\bin\msvcr100.dll
0x0000000056560000 - 0x0000000056e0c000 	C:\Program Files\Java\jdk1.8.0_241\jre\bin\server\jvm.dll
0x00007fff28100000 - 0x00007fff28108000 	C:\Windows\System32\PSAPI.DLL
0x00007fff13aa0000 - 0x00007fff13aa9000 	C:\Windows\SYSTEM32\WSOCK32.dll
0x00007fff29410000 - 0x00007fff2947f000 	C:\Windows\System32\WS2_32.dll
0x00007fff1eca0000 - 0x00007fff1ecaa000 	C:\Windows\SYSTEM32\VERSION.dll
0x00007fff22a30000 - 0x00007fff22a54000 	C:\Windows\SYSTEM32\WINMM.dll
0x00007fff229c0000 - 0x00007fff229ed000 	C:\Windows\SYSTEM32\WINMMBASE.dll
0x00007fff26920000 - 0x00007fff2696a000 	C:\Windows\System32\cfgmgr32.dll
0x00007fff050c0000 - 0x00007fff050cf000 	C:\Program Files\Java\jdk1.8.0_241\jre\bin\verify.dll
0x00007fff05090000 - 0x00007fff050b9000 	C:\Program Files\Java\jdk1.8.0_241\jre\bin\java.dll
0x00007fff02a80000 - 0x00007fff02a96000 	C:\Program Files\Java\jdk1.8.0_241\jre\bin\zip.dll

VM Arguments:
jvm_args: -Dapplication.home=C:\Program Files\Java\jdk1.8.0_241 -Xms8m 
java_command: com.sun.tools.javac.Main -version
java_class_path (initial): C:\Program Files\Java\jdk1.8.0_241/lib/tools.jar;C:\Program Files\Java\jdk1.8.0_241/classes
Launcher Type: SUN_STANDARD

Environment Variables:
JAVA_HOME=C:\Program Files\Java\jdk1.8.0_241
PATH=C:/Program Files/Java/jre1.8.0_241/bin/server;C:/Program Files/Java/jre1.8.0_241/bin;C:/Program Files/Java/jre1.8.0_241/lib/amd64;C:\Python38\Scripts\;C:\Python38\;C:\Program Files (x86)\Intel\iCLS Client\;C:\Program Files\Intel\iCLS Client\;C:\Windows\system32;C:\Windows;C:\Windows\System32\Wbem;C:\Windows\System32\WindowsPowerShell\v1.0\;C:\Windows\System32\OpenSSH\;C:\Program Files (x86)\Common Files\Acronis\VirtualFile\;C:\Program Files (x86)\Common Files\Acronis\VirtualFile64\;C:\Program Files (x86)\Common Files\Acronis\FileProtector\;C:\Program Files (x86)\Common Files\Acronis\FileProtector64\;C:\Program Files (x86)\Common Files\Acronis\SnapAPI\;C:\Program Files (x86)\Common Files\Oracle\Java\javapath;C:\Program Files\Git\cmd;C:\Program Files (x86)\Intel\Intel(R) Management Engine Components\DAL;C:\Program Files\Intel\Intel(R) Management Engine Components\DAL;C:\Program Files (x86)\Intel\Intel(R) Management Engine Components\IPT;C:\Program Files\Intel\Intel(R) Management Engine Components\IPT;C:\Program Files\Intel\WiFi\bin\;C:\Program Files\Common Files\Intel\WirelessCommon\;C:\Users\ann\AppData\Local\Android\Sdk\tools;C:\Users\ann\AppData\Local\Android\Sdk\platform-tools;C:\Users\ann\AppData\Local\Android\Sdk\tools\bin;C:\Program Files\nodejs\;C:\ProgramData\chocolatey\bin;C:\Gradle\gradle-6.5\bin;C:\Program Files\MySQL\MySQL Shell 8.0\bin\;C:\Users\ann\AppData\Local\Microsoft\WindowsApps;C:\Users\ann\AppData\Roaming\npm;C:\software\eclipse;;C:\Program Files\Java\jdk1.8.0_241\bin
USERNAME=ann
OS=Windows_NT
PROCESSOR_IDENTIFIER=Intel64 Family 6 Model 69 Stepping 1, GenuineIntel



---------------  S Y S T E M  ---------------

OS: Windows 10.0 , 64 bit Build 18362 (10.0.18362.900)

CPU:total 4 (initial active 4) (2 cores per cpu, 2 threads per core) family 6 model 69 stepping 1, cmov, cx8, fxsr, mmx, sse, sse2, sse3, ssse3, sse4.1, sse4.2, popcnt, avx, avx2, aes, clmul, erms, lzcnt, ht, tsc, tscinvbit, bmi1, bmi2

Memory: 4k page, physical 8291728k(694704k free), swap 23856780k(5272k free)

vm_info: Java HotSpot(TM) 64-Bit Server VM (25.241-b07) for windows-amd64 JRE (1.8.0_241-b07), built on Dec 11 2019 10:21:40 by "rejava" with MS VC++ 10.0 (VS2010)

time: Mon Jul 13 01:27:11 2020
timezone: W. Europe Daylight Time
elapsed time: 0 seconds (0d 0h 0m 0s)

