#
# There is insufficient memory for the Java Runtime Environment to continue.
# Native memory allocation (malloc) failed to allocate 515056 bytes for Chunk::new
# Possible reasons:
#   The system is out of physical RAM or swap space
#   The process is running with CompressedOops enabled, and the Java Heap may be blocking the growth of the native heap
# Possible solutions:
#   Reduce memory load on the system
#   Increase physical memory or swap space
#   Check if swap backing store is full
#   Decrease Java heap size (-Xmx/-Xms)
#   Decrease number of Java threads
#   Decrease Java thread stack sizes (-Xss)
#   Set larger code cache with -XX:ReservedCodeCacheSize=
#   JVM is running with Unscaled Compressed Oops mode in which the Java heap is
#     placed in the first 4GB address space. The Java Heap base address is the
#     maximum limit for the native heap growth. Please use -XX:HeapBaseMinAddress
#     to set the Java Heap base and to place the Java Heap above 4GB virtual address.
# This output file may be truncated or incomplete.
#
#  Out of Memory Error (allocation.cpp:389), pid=11656, tid=0x00000000000031f0
#
# JRE version: Java(TM) SE Runtime Environment (8.0_241-b07) (build 1.8.0_241-b07)
# Java VM: Java HotSpot(TM) 64-Bit Server VM (25.241-b07 mixed mode windows-amd64 compressed oops)
# Failed to write core dump. Minidumps are not enabled by default on client versions of Windows
#

---------------  T H R E A D  ---------------

Current thread (0x000000001392c800):  JavaThread "C2 CompilerThread1" daemon [_thread_in_native, id=12784, stack(0x0000000015080000,0x0000000015180000)]

Stack: [0x0000000015080000,0x0000000015180000]
[error occurred during error reporting (printing stack bounds), id 0xc0000005]

Native frames: (J=compiled Java code, j=interpreted, Vv=VM code, C=native code)


Current CompileTask:
C2:   5062 1443   !   4       java.lang.ClassLoader::loadClass (122 bytes)


---------------  P R O C E S S  ---------------

Java Threads: ( => current thread )
  0x00000000173da000 JavaThread "Thread-9" [_thread_blocked, id=12464, stack(0x00000000193a0000,0x00000000194a0000)]
  0x00000000173eb000 JavaThread "Stdin handler" [_thread_blocked, id=21544, stack(0x00000000192a0000,0x00000000193a0000)]
  0x00000000173ea800 JavaThread "Asynchronous log dispatcher for DefaultDaemonConnection: socket connection from /127.0.0.1:64605 to /127.0.0.1:64606" [_thread_blocked, id=19784, stack(0x00000000191a0000,0x00000000192a0000)]
  0x00000000172c3000 JavaThread "Daemon worker" [_thread_in_native, id=18528, stack(0x00000000190a0000,0x00000000191a0000)]
  0x0000000017279800 JavaThread "Cancel handler" [_thread_blocked, id=1260, stack(0x0000000018fa0000,0x00000000190a0000)]
  0x0000000017279000 JavaThread "Handler for socket connection from /127.0.0.1:64605 to /127.0.0.1:64606" [_thread_in_native, id=12096, stack(0x0000000018ea0000,0x0000000018fa0000)]
  0x000000001726b000 JavaThread "Daemon" [_thread_blocked, id=17616, stack(0x0000000018da0000,0x0000000018ea0000)]
  0x0000000017257800 JavaThread "Daemon periodic checks" [_thread_blocked, id=21160, stack(0x0000000018aa0000,0x0000000018ba0000)]
  0x00000000171f6000 JavaThread "Incoming local TCP Connector on port 64605" [_thread_in_native, id=3884, stack(0x0000000018860000,0x0000000018960000)]
  0x00000000171bb800 JavaThread "Daemon health stats" [_thread_blocked, id=2068, stack(0x0000000018020000,0x0000000018120000)]
  0x00000000152a8800 JavaThread "Service Thread" daemon [_thread_blocked, id=9748, stack(0x0000000015680000,0x0000000015780000)]
  0x0000000013934800 JavaThread "C1 CompilerThread2" daemon [_thread_blocked, id=20364, stack(0x0000000015180000,0x0000000015280000)]
=>0x000000001392c800 JavaThread "C2 CompilerThread1" daemon [_thread_in_native, id=12784, stack(0x0000000015080000,0x0000000015180000)]
  0x0000000013928800 JavaThread "C2 CompilerThread0" daemon [_thread_blocked, id=14380, stack(0x0000000014f80000,0x0000000015080000)]
  0x0000000013926800 JavaThread "Attach Listener" daemon [_thread_blocked, id=3312, stack(0x0000000014e80000,0x0000000014f80000)]
  0x0000000013925000 JavaThread "Signal Dispatcher" daemon [_thread_blocked, id=9772, stack(0x0000000014d80000,0x0000000014e80000)]
  0x00000000024cb000 JavaThread "Finalizer" daemon [_thread_blocked, id=20576, stack(0x0000000014b80000,0x0000000014c80000)]
  0x0000000013909800 JavaThread "Reference Handler" daemon [_thread_blocked, id=21076, stack(0x0000000014a80000,0x0000000014b80000)]
  0x00000000023d2800 JavaThread "main" [_thread_blocked, id=16876, stack(0x0000000002290000,0x0000000002390000)]

Other Threads:
  0x00000000138e7800 VMThread [stack: 0x0000000014980000,0x0000000014a80000] [id=20328]
  0x00000000152aa000 WatcherThread [stack: 0x0000000015780000,0x0000000015880000] [id=3020]

VM state:not at safepoint (normal execution)

VM Mutex/Monitor currently owned by a thread: None

heap address: 0x00000000e0000000, size: 512 MB, Compressed Oops mode: 32-bit
Narrow klass base: 0x0000000000000000, Narrow klass shift: 3
Compressed class space size: 1073741824 Address: 0x0000000100000000

Heap:
 PSYoungGen      total 76288K, used 52422K [0x00000000f5580000, 0x00000000faa80000, 0x0000000100000000)
  eden space 65536K, 71% used [0x00000000f5580000,0x00000000f8309a10,0x00000000f9580000)
  from space 10752K, 53% used [0x00000000f9580000,0x00000000f9b27fb0,0x00000000fa000000)
  to   space 10752K, 0% used [0x00000000fa000000,0x00000000fa000000,0x00000000faa80000)
 ParOldGen       total 175104K, used 8K [0x00000000e0000000, 0x00000000eab00000, 0x00000000f5580000)
  object space 175104K, 0% used [0x00000000e0000000,0x00000000e0002000,0x00000000eab00000)
 Metaspace       used 12600K, capacity 12938K, committed 13184K, reserved 1060864K
  class space    used 1766K, capacity 1861K, committed 1920K, reserved 1048576K

Card table byte_map: [0x0000000011970000,0x0000000011a80000] byte_map_base: 0x0000000011270000

Marking Bits: (ParMarkBitMap*) 0x000000006203be30
 Begin Bits: [0x0000000011e80000, 0x0000000012680000)
 End Bits:   [0x0000000012680000, 0x0000000012e80000)

Polling page: 0x0000000002390000

CodeCache: size=245760Kb used=5199Kb max_used=5211Kb free=240560Kb
 bounds [0x00000000025b0000, 0x0000000002ad0000, 0x00000000115b0000]
 total_blobs=1830 nmethods=1455 adapters=287
 compilation: enabled

Compilation events (10 events):
Event: 5.037 Thread 0x0000000013934800 nmethod 1451 0x0000000002ab6050 code [0x0000000002ab61a0, 0x0000000002ab62b0]
Event: 5.037 Thread 0x0000000013934800 1452       1       sun.reflect.generics.tree.SimpleClassTypeSignature::getName (5 bytes)
Event: 5.037 Thread 0x0000000013934800 nmethod 1452 0x0000000002ac03d0 code [0x0000000002ac0520, 0x0000000002ac0630]
Event: 5.037 Thread 0x0000000013934800 1453       1       sun.reflect.generics.tree.SimpleClassTypeSignature::getDollar (5 bytes)
Event: 5.038 Thread 0x0000000013934800 nmethod 1453 0x0000000002ac2210 code [0x0000000002ac2360, 0x0000000002ac2470]
Event: 5.049 Thread 0x0000000013928800 nmethod 1447% 0x0000000002ac6ad0 code [0x0000000002ac6cc0, 0x0000000002ac8690]
Event: 5.051 Thread 0x0000000013934800 1454       3       java.util.LinkedList::listIterator (15 bytes)
Event: 5.052 Thread 0x0000000013934800 nmethod 1454 0x0000000002ac62d0 code [0x0000000002ac6480, 0x0000000002ac6908]
Event: 5.052 Thread 0x0000000013934800 1455       3       java.util.LinkedList$ListItr::<init> (47 bytes)
Event: 5.052 Thread 0x0000000013934800 nmethod 1455 0x0000000002ac5d90 code [0x0000000002ac5f00, 0x0000000002ac61c8]

GC Heap History (2 events):
Event: 2.557 GC heap before
{Heap before GC invocations=1 (full 0):
 PSYoungGen      total 76288K, used 65536K [0x00000000f5580000, 0x00000000faa80000, 0x0000000100000000)
  eden space 65536K, 100% used [0x00000000f5580000,0x00000000f9580000,0x00000000f9580000)
  from space 10752K, 0% used [0x00000000fa000000,0x00000000fa000000,0x00000000faa80000)
  to   space 10752K, 0% used [0x00000000f9580000,0x00000000f9580000,0x00000000fa000000)
 ParOldGen       total 175104K, used 0K [0x00000000e0000000, 0x00000000eab00000, 0x00000000f5580000)
  object space 175104K, 0% used [0x00000000e0000000,0x00000000e0000000,0x00000000eab00000)
 Metaspace       used 7427K, capacity 7730K, committed 8064K, reserved 1056768K
  class space    used 942K, capacity 1045K, committed 1152K, reserved 1048576K
Event: 2.569 GC heap after
Heap after GC invocations=1 (full 0):
 PSYoungGen      total 76288K, used 5791K [0x00000000f5580000, 0x00000000faa80000, 0x0000000100000000)
  eden space 65536K, 0% used [0x00000000f5580000,0x00000000f5580000,0x00000000f9580000)
  from space 10752K, 53% used [0x00000000f9580000,0x00000000f9b27fb0,0x00000000fa000000)
  to   space 10752K, 0% used [0x00000000fa000000,0x00000000fa000000,0x00000000faa80000)
 ParOldGen       total 175104K, used 8K [0x00000000e0000000, 0x00000000eab00000, 0x00000000f5580000)
  object space 175104K, 0% used [0x00000000e0000000,0x00000000e0002000,0x00000000eab00000)
 Metaspace       used 7427K, capacity 7730K, committed 8064K, reserved 1056768K
  class space    used 942K, capacity 1045K, committed 1152K, reserved 1048576K
}

Deoptimization events (10 events):
Event: 1.309 Thread 0x00000000023d2800 Uncommon trap: reason=unstable_if action=reinterpret pc=0x00000000027c1558 method=java.lang.String.indexOf([CII[CIII)I @ 3
Event: 2.157 Thread 0x00000000023d2800 Uncommon trap: reason=unstable_if action=reinterpret pc=0x00000000027eddb4 method=java.lang.String.lastIndexOf([CII[CIII)I @ 66
Event: 2.418 Thread 0x00000000023d2800 Uncommon trap: reason=null_assert action=make_not_entrant pc=0x0000000002877540 method=java.util.zip.ZipEntry.<init>(Ljava/util/zip/ZipEntry;)V @ 70
Event: 2.829 Thread 0x00000000023d2800 Uncommon trap: reason=class_check action=maybe_recompile pc=0x00000000028d379c method=java.util.regex.Matcher.match(II)Z @ 86
Event: 3.741 Thread 0x00000000023d2800 Uncommon trap: reason=unstable_if action=reinterpret pc=0x000000000288f4f0 method=java.io.WinNTFileSystem.normalize(Ljava/lang/String;)Ljava/lang/String; @ 128
Event: 4.702 Thread 0x00000000172c3000 Uncommon trap: reason=bimorphic action=maybe_recompile pc=0x00000000028b5220 method=java.util.HashMap.putVal(ILjava/lang/Object;Ljava/lang/Object;ZZ)Ljava/lang/Object; @ 253
Event: 4.702 Thread 0x00000000172c3000 Uncommon trap: reason=bimorphic action=maybe_recompile pc=0x00000000028b5220 method=java.util.HashMap.putVal(ILjava/lang/Object;Ljava/lang/Object;ZZ)Ljava/lang/Object; @ 253
Event: 4.702 Thread 0x00000000172c3000 Uncommon trap: reason=bimorphic action=maybe_recompile pc=0x00000000028b5220 method=java.util.HashMap.putVal(ILjava/lang/Object;Ljava/lang/Object;ZZ)Ljava/lang/Object; @ 253
Event: 4.702 Thread 0x00000000172c3000 Uncommon trap: reason=bimorphic action=maybe_recompile pc=0x00000000028b5220 method=java.util.HashMap.putVal(ILjava/lang/Object;Ljava/lang/Object;ZZ)Ljava/lang/Object; @ 253
Event: 4.702 Thread 0x00000000172c3000 Uncommon trap: reason=bimorphic action=maybe_recompile pc=0x00000000028a581c method=java.util.HashMap.putVal(ILjava/lang/Object;Ljava/lang/Object;ZZ)Ljava/lang/Object; @ 253

Classes redefined (0 events):
No events

Internal exceptions (10 events):
Event: 1.338 Thread 0x00000000023d2800 Exception <a 'java/lang/ArrayIndexOutOfBoundsException'> (0x00000000f6802230) thrown at [C:\ade\jenkins\workspace\8-2-build-windows-amd64-cygwin\jdk8u241\331\hotspot\src\share\vm\runtime\sharedRuntime.cpp, line 605]
Event: 1.338 Thread 0x00000000023d2800 Exception <a 'java/lang/ArrayIndexOutOfBoundsException'> (0x00000000f6804668) thrown at [C:\ade\jenkins\workspace\8-2-build-windows-amd64-cygwin\jdk8u241\331\hotspot\src\share\vm\runtime\sharedRuntime.cpp, line 605]
Event: 1.406 Thread 0x00000000023d2800 Exception <a 'java/lang/ArrayIndexOutOfBoundsException'> (0x00000000f6b072b8) thrown at [C:\ade\jenkins\workspace\8-2-build-windows-amd64-cygwin\jdk8u241\331\hotspot\src\share\vm\runtime\sharedRuntime.cpp, line 605]
Event: 1.406 Thread 0x00000000023d2800 Exception <a 'java/lang/ArrayIndexOutOfBoundsException'> (0x00000000f6b12638) thrown at [C:\ade\jenkins\workspace\8-2-build-windows-amd64-cygwin\jdk8u241\331\hotspot\src\share\vm\runtime\sharedRuntime.cpp, line 605]
Event: 1.407 Thread 0x00000000023d2800 Exception <a 'java/lang/ArrayIndexOutOfBoundsException'> (0x00000000f6b14778) thrown at [C:\ade\jenkins\workspace\8-2-build-windows-amd64-cygwin\jdk8u241\331\hotspot\src\share\vm\runtime\sharedRuntime.cpp, line 605]
Event: 1.408 Thread 0x00000000023d2800 Exception <a 'java/lang/ArrayIndexOutOfBoundsException'> (0x00000000f6b23c10) thrown at [C:\ade\jenkins\workspace\8-2-build-windows-amd64-cygwin\jdk8u241\331\hotspot\src\share\vm\runtime\sharedRuntime.cpp, line 605]
Event: 1.409 Thread 0x00000000023d2800 Exception <a 'java/lang/ArrayIndexOutOfBoundsException'> (0x00000000f6b32dd8) thrown at [C:\ade\jenkins\workspace\8-2-build-windows-amd64-cygwin\jdk8u241\331\hotspot\src\share\vm\runtime\sharedRuntime.cpp, line 605]
Event: 1.411 Thread 0x00000000023d2800 Exception <a 'java/lang/ArrayIndexOutOfBoundsException'> (0x00000000f6b4a310) thrown at [C:\ade\jenkins\workspace\8-2-build-windows-amd64-cygwin\jdk8u241\331\hotspot\src\share\vm\runtime\sharedRuntime.cpp, line 605]
Event: 1.411 Thread 0x00000000023d2800 Exception <a 'java/lang/ArrayIndexOutOfBoundsException'> (0x00000000f6b4ecf8) thrown at [C:\ade\jenkins\workspace\8-2-build-windows-amd64-cygwin\jdk8u241\331\hotspot\src\share\vm\runtime\sharedRuntime.cpp, line 605]
Event: 4.502 Thread 0x00000000023d2800 Exception <a 'java/io/IOException'> (0x00000000f71e4038) thrown at [C:\ade\jenkins\workspace\8-2-build-windows-amd64-cygwin\jdk8u241\331\hotspot\src\share\vm\prims\jni.cpp, line 710]

Events (10 events):
Event: 5.056 loading class org/gradle/platform/base/internal/toolchain/ToolSearchResult
Event: 5.056 loading class org/gradle/platform/base/internal/toolchain/ToolSearchResult done
Event: 5.056 loading class org/gradle/nativeplatform/toolchain/internal/msvcpp/WindowsKitInstall
Event: 5.056 loading class org/gradle/nativeplatform/toolchain/internal/msvcpp/WindowsKitInstall done
Event: 5.057 loading class org/gradle/nativeplatform/toolchain/internal/msvcpp/UcrtInstall
Event: 5.057 loading class org/gradle/nativeplatform/toolchain/internal/msvcpp/UcrtInstall done
Event: 5.058 loading class org/gradle/nativeplatform/toolchain/internal/xcode/MacOSSdkPathLocator
Event: 5.058 loading class org/gradle/nativeplatform/toolchain/internal/xcode/MacOSSdkPathLocator done
Event: 5.058 loading class org/gradle/nativeplatform/toolchain/internal/xcode/AbstractLocator
Event: 5.058 loading class org/gradle/nativeplatform/toolchain/internal/xcode/AbstractLocator done


Dynamic libraries:
0x00007ff72c410000 - 0x00007ff72c447000 	C:\Program Files\Java\jdk1.8.0_241\bin\java.exe
0x00007ff8b49e0000 - 0x00007ff8b4bd0000 	C:\Windows\SYSTEM32\ntdll.dll
0x00007ff8b3ea0000 - 0x00007ff8b3f52000 	C:\Windows\System32\KERNEL32.DLL
0x00007ff8b1db0000 - 0x00007ff8b2054000 	C:\Windows\System32\KERNELBASE.dll
0x00007ff8b2b80000 - 0x00007ff8b2c23000 	C:\Windows\System32\ADVAPI32.dll
0x00007ff8b4100000 - 0x00007ff8b419e000 	C:\Windows\System32\msvcrt.dll
0x00007ff8b47d0000 - 0x00007ff8b4867000 	C:\Windows\System32\sechost.dll
0x00007ff8b4880000 - 0x00007ff8b49a0000 	C:\Windows\System32\RPCRT4.dll
0x00007ff8b3f60000 - 0x00007ff8b40f4000 	C:\Windows\System32\USER32.dll
0x00007ff8b2a60000 - 0x00007ff8b2a81000 	C:\Windows\System32\win32u.dll
0x00007ff8b3250000 - 0x00007ff8b3276000 	C:\Windows\System32\GDI32.dll
0x00007ff8b1ab0000 - 0x00007ff8b1c46000 	C:\Windows\System32\gdi32full.dll
0x00007ff8b2060000 - 0x00007ff8b20fe000 	C:\Windows\System32\msvcp_win.dll
0x00007ff8b1cb0000 - 0x00007ff8b1daa000 	C:\Windows\System32\ucrtbase.dll
0x00007ff8a7ca0000 - 0x00007ff8a7f24000 	C:\Windows\WinSxS\amd64_microsoft.windows.common-controls_6595b64144ccf1df_6.0.18362.959_none_e6c7bbbf130c62bb\COMCTL32.dll
0x00007ff8b2db0000 - 0x00007ff8b30e5000 	C:\Windows\System32\combase.dll
0x00007ff8b21b0000 - 0x00007ff8b2230000 	C:\Windows\System32\bcryptPrimitives.dll
0x00007ff8b35c0000 - 0x00007ff8b35ee000 	C:\Windows\System32\IMM32.DLL
0x00000000620c0000 - 0x0000000062192000 	C:\Program Files\Java\jdk1.8.0_241\jre\bin\msvcr100.dll
0x0000000061810000 - 0x00000000620bc000 	C:\Program Files\Java\jdk1.8.0_241\jre\bin\server\jvm.dll
0x00007ff8b41a0000 - 0x00007ff8b41a8000 	C:\Windows\System32\PSAPI.DLL
0x00007ff8a7f70000 - 0x00007ff8a7f94000 	C:\Windows\SYSTEM32\WINMM.dll
0x00007ff89c1a0000 - 0x00007ff89c1a9000 	C:\Windows\SYSTEM32\WSOCK32.dll
0x00007ff8b35f0000 - 0x00007ff8b365f000 	C:\Windows\System32\WS2_32.dll
0x00007ff8a7f40000 - 0x00007ff8a7f6d000 	C:\Windows\SYSTEM32\WINMMBASE.dll
0x00007ff8b2a10000 - 0x00007ff8b2a5a000 	C:\Windows\System32\cfgmgr32.dll
0x00007ff8ab300000 - 0x00007ff8ab30a000 	C:\Windows\SYSTEM32\VERSION.dll
0x00007ff885b70000 - 0x00007ff885b7f000 	C:\Program Files\Java\jdk1.8.0_241\jre\bin\verify.dll
0x00007ff885b40000 - 0x00007ff885b69000 	C:\Program Files\Java\jdk1.8.0_241\jre\bin\java.dll
0x00007ff87b860000 - 0x00007ff87b876000 	C:\Program Files\Java\jdk1.8.0_241\jre\bin\zip.dll
0x00007ff8b36c0000 - 0x00007ff8b3da6000 	C:\Windows\System32\SHELL32.dll
0x00007ff8b2c30000 - 0x00007ff8b2cd9000 	C:\Windows\System32\shcore.dll
0x00007ff8b2230000 - 0x00007ff8b29b2000 	C:\Windows\System32\windows.storage.dll
0x00007ff8b1930000 - 0x00007ff8b1953000 	C:\Windows\System32\profapi.dll
0x00007ff8b18c0000 - 0x00007ff8b190a000 	C:\Windows\System32\powrprof.dll
0x00007ff8b1890000 - 0x00007ff8b18a0000 	C:\Windows\System32\UMPDC.dll
0x00007ff8b2d50000 - 0x00007ff8b2da2000 	C:\Windows\System32\shlwapi.dll
0x00007ff8b1910000 - 0x00007ff8b1921000 	C:\Windows\System32\kernel.appcore.dll
0x00007ff8b29c0000 - 0x00007ff8b29d7000 	C:\Windows\System32\cryptsp.dll
0x00007ff879800000 - 0x00007ff87981a000 	C:\Program Files\Java\jdk1.8.0_241\jre\bin\net.dll
0x00007ff8b10a0000 - 0x00007ff8b1107000 	C:\Windows\system32\mswsock.dll
0x00007ff875120000 - 0x00007ff875132000 	C:\Program Files\Java\jdk1.8.0_241\jre\bin\nio.dll
0x00007ff868190000 - 0x00007ff8681b7000 	C:\Users\ann\.gradle\native\f6784746aeab05261644944871eae4fe03e0ef1612fff0a4a95f87b438bc6780\windows-amd64\native-platform.dll
0x00007ff885af0000 - 0x00007ff885afd000 	C:\Program Files\Java\jdk1.8.0_241\jre\bin\management.dll
0x00007ff8b0c10000 - 0x00007ff8b0c43000 	C:\Windows\system32\rsaenh.dll
0x00007ff8b29e0000 - 0x00007ff8b2a06000 	C:\Windows\System32\bcrypt.dll
0x00007ff8b17b0000 - 0x00007ff8b17d5000 	C:\Windows\SYSTEM32\USERENV.dll
0x00007ff8b1270000 - 0x00007ff8b127c000 	C:\Windows\SYSTEM32\CRYPTBASE.dll
0x00007ff8b0db0000 - 0x00007ff8b0dea000 	C:\Windows\SYSTEM32\IPHLPAPI.DLL
0x00007ff8b4870000 - 0x00007ff8b4878000 	C:\Windows\System32\NSI.dll
0x00007ff8ac0b0000 - 0x00007ff8ac0c6000 	C:\Windows\SYSTEM32\dhcpcsvc6.DLL
0x00007ff8ac390000 - 0x00007ff8ac3ac000 	C:\Windows\SYSTEM32\dhcpcsvc.DLL
0x00007ff8b0df0000 - 0x00007ff8b0ebb000 	C:\Windows\SYSTEM32\DNSAPI.dll
0x00007ff8ac8f0000 - 0x00007ff8ac8fb000 	C:\Windows\SYSTEM32\WINNSI.DLL

VM Arguments:
jvm_args: -XX:MaxMetaspaceSize=256m -XX:+HeapDumpOnOutOfMemoryError -Xms256m -Xmx512m -Dfile.encoding=windows-1252 -Duser.country=US -Duser.language=en -Duser.variant 
java_command: org.gradle.launcher.daemon.bootstrap.GradleDaemon 6.5
java_class_path (initial): C:\Users\ann\.gradle\wrapper\dists\gradle-6.5-all\2oz4ud9k3tuxjg84bbf55q0tn\gradle-6.5\lib\gradle-launcher-6.5.jar
Launcher Type: SUN_STANDARD

Environment Variables:
JAVA_HOME=C:\Program Files\Java\jdk1.8.0_241
CLASSPATH=C:\Users\ann\eclipse-workspace-cordova\Z Sensor\platforms\android\\gradle\wrapper\gradle-wrapper.jar
PATH=C:/Program Files/Java/jre1.8.0_241/bin/server;C:/Program Files/Java/jre1.8.0_241/bin;C:/Program Files/Java/jre1.8.0_241/lib/amd64;C:\Python38\Scripts\;C:\Python38\;C:\Program Files (x86)\Intel\iCLS Client\;C:\Program Files\Intel\iCLS Client\;C:\Windows\system32;C:\Windows;C:\Windows\System32\Wbem;C:\Windows\System32\WindowsPowerShell\v1.0\;C:\Windows\System32\OpenSSH\;C:\Program Files (x86)\Common Files\Acronis\VirtualFile\;C:\Program Files (x86)\Common Files\Acronis\VirtualFile64\;C:\Program Files (x86)\Common Files\Acronis\FileProtector\;C:\Program Files (x86)\Common Files\Acronis\FileProtector64\;C:\Program Files (x86)\Common Files\Acronis\SnapAPI\;C:\Program Files (x86)\Common Files\Oracle\Java\javapath;C:\Program Files\Git\cmd;C:\Program Files (x86)\Intel\Intel(R) Management Engine Components\DAL;C:\Program Files\Intel\Intel(R) Management Engine Components\DAL;C:\Program Files (x86)\Intel\Intel(R) Management Engine Components\IPT;C:\Program Files\Intel\Intel(R) Management Engine Components\IPT;C:\Program Files\Intel\WiFi\bin\;C:\Program Files\Common Files\Intel\WirelessCommon\;C:\Users\ann\AppData\Local\Android\Sdk\tools;C:\Users\ann\AppData\Local\Android\Sdk\platform-tools;C:\Users\ann\AppData\Local\Android\Sdk\tools\bin;C:\Program Files\nodejs\;C:\ProgramData\chocolatey\bin;C:\Gradle\gradle-6.5\bin;C:\Program Files\MySQL\MySQL Shell 8.0\bin\;C:\Users\ann\AppData\Local\Microsoft\WindowsApps;C:\Users\ann\AppData\Roaming\npm;C:\software\eclipse;;C:\Program Files\Java\jdk1.8.0_241\bin
USERNAME=ann
OS=Windows_NT
PROCESSOR_IDENTIFIER=Intel64 Family 6 Model 69 Stepping 1, GenuineIntel



---------------  S Y S T E M  ---------------

OS: Windows 10.0 , 64 bit Build 18362 (10.0.18362.959)

CPU:total 4 (initial active 4) (2 cores per cpu, 2 threads per core) family 6 model 69 stepping 1, cmov, cx8, fxsr, mmx, sse, sse2, sse3, ssse3, sse4.1, sse4.2, popcnt, avx, avx2, aes, clmul, erms, lzcnt, ht, tsc, tscinvbit, bmi1, bmi2

Memory: 4k page, physical 8291728k(339624k free), swap 23856780k(3720k free)

vm_info: Java HotSpot(TM) 64-Bit Server VM (25.241-b07) for windows-amd64 JRE (1.8.0_241-b07), built on Dec 11 2019 10:21:40 by "rejava" with MS VC++ 10.0 (VS2010)

time: Fri Jul 17 03:52:45 2020
timezone: W. Europe Daylight Time
elapsed time: 5 seconds (0d 0h 0m 5s)

