#
# There is insufficient memory for the Java Runtime Environment to continue.
# Native memory allocation (malloc) failed to allocate 32744 bytes for ChunkPool::allocate
# Possible reasons:
#   The system is out of physical RAM or swap space
#   The process is running with CompressedOops enabled, and the Java Heap may be blocking the growth of the native heap
# Possible solutions:
#   Reduce memory load on the system
#   Increase physical memory or swap space
#   Check if swap backing store is full
#   Decrease Java heap size (-Xmx/-Xms)
#   Decrease number of Java threads
#   Decrease Java thread stack sizes (-Xss)
#   Set larger code cache with -XX:ReservedCodeCacheSize=
#   JVM is running with Unscaled Compressed Oops mode in which the Java heap is
#     placed in the first 4GB address space. The Java Heap base address is the
#     maximum limit for the native heap growth. Please use -XX:HeapBaseMinAddress
#     to set the Java Heap base and to place the Java Heap above 4GB virtual address.
# This output file may be truncated or incomplete.
#
#  Out of Memory Error (allocation.cpp:272), pid=13352, tid=0x0000000000002420
#
# JRE version: Java(TM) SE Runtime Environment (8.0_241-b07) (build 1.8.0_241-b07)
# Java VM: Java HotSpot(TM) 64-Bit Server VM (25.241-b07 mixed mode windows-amd64 compressed oops)
# Failed to write core dump. Minidumps are not enabled by default on client versions of Windows
#

---------------  T H R E A D  ---------------

Current thread (0x0000000013d1a000):  JavaThread "C2 CompilerThread0" daemon [_thread_in_native, id=9248, stack(0x0000000015370000,0x0000000015470000)]

Stack: [0x0000000015370000,0x0000000015470000]
[error occurred during error reporting (printing stack bounds), id 0xc0000005]

Native frames: (J=compiled Java code, j=interpreted, Vv=VM code, C=native code)


Current CompileTask:
C2:23635908 9056   !   4       org.gradle.process.internal.health.memory.MBeanAttributeProvider::getMbeanAttribute (105 bytes)


---------------  P R O C E S S  ---------------

Java Threads: ( => current thread )
  0x000000001a65c000 JavaThread "Memory manager" [_thread_in_vm, id=4456, stack(0x00000000289f0000,0x0000000028af0000)]
  0x0000000016829000 JavaThread "Cache worker for file content cache (C:\Users\ann\.gradle\caches\6.5\fileContent)" [_thread_blocked, id=11472, stack(0x000000001e0b0000,0x000000001e1b0000)]
  0x0000000013d2c800 JavaThread "Cache worker for execution history cache (C:\Users\ann\.gradle\caches\6.5\executionHistory)" [_thread_blocked, id=356, stack(0x000000001d8b0000,0x000000001d9b0000)]
  0x0000000013d2d000 JavaThread "Cache worker for file hash cache (C:\Users\ann\.gradle\caches\6.5\fileHashes)" [_thread_blocked, id=17200, stack(0x0000000019d90000,0x0000000019e90000)]
  0x0000000013d33000 JavaThread "File lock request listener" [_thread_in_native, id=16912, stack(0x0000000019c90000,0x0000000019d90000)]
  0x0000000013d31800 JavaThread "Cache worker for journal cache (C:\Users\ann\.gradle\caches\journal-1)" [_thread_blocked, id=4272, stack(0x0000000019890000,0x0000000019990000)]
  0x0000000017846800 JavaThread "Stdin handler" [_thread_blocked, id=11680, stack(0x0000000019690000,0x0000000019790000)]
  0x000000001781f800 JavaThread "Asynchronous log dispatcher for DefaultDaemonConnection: socket connection from /127.0.0.1:49335 to /127.0.0.1:49337" [_thread_blocked, id=18292, stack(0x0000000019590000,0x0000000019690000)]
  0x000000001780e000 JavaThread "Daemon worker" [_thread_blocked, id=13140, stack(0x0000000019490000,0x0000000019590000)]
  0x00000000177d9800 JavaThread "Daemon" [_thread_blocked, id=8440, stack(0x0000000019190000,0x0000000019290000)]
  0x00000000176cc000 JavaThread "Daemon health stats" [_thread_blocked, id=15416, stack(0x0000000018610000,0x0000000018710000)]
  0x00000000156a0800 JavaThread "Service Thread" daemon [_thread_blocked, id=11296, stack(0x0000000015a70000,0x0000000015b70000)]
  0x0000000013d2e800 JavaThread "C1 CompilerThread2" daemon [_thread_blocked, id=764, stack(0x0000000015570000,0x0000000015670000)]
  0x0000000013d1f000 JavaThread "C2 CompilerThread1" daemon [_thread_in_native, id=13020, stack(0x0000000015470000,0x0000000015570000)]
=>0x0000000013d1a000 JavaThread "C2 CompilerThread0" daemon [_thread_in_native, id=9248, stack(0x0000000015370000,0x0000000015470000)]
  0x0000000013d18800 JavaThread "Attach Listener" daemon [_thread_blocked, id=20208, stack(0x0000000015270000,0x0000000015370000)]
  0x0000000013d15000 JavaThread "Signal Dispatcher" daemon [_thread_blocked, id=19688, stack(0x0000000015170000,0x0000000015270000)]
  0x000000000299b000 JavaThread "Finalizer" daemon [_thread_blocked, id=14456, stack(0x0000000014f70000,0x0000000015070000)]
  0x0000000013cf9800 JavaThread "Reference Handler" daemon [_thread_blocked, id=7056, stack(0x0000000014e70000,0x0000000014f70000)]
  0x00000000028a2800 JavaThread "main" [_thread_blocked, id=13252, stack(0x00000000026e0000,0x00000000027e0000)]

Other Threads:
  0x0000000013cd7800 VMThread [stack: 0x0000000014d70000,0x0000000014e70000] [id=10072]
  0x00000000156ca000 WatcherThread [stack: 0x0000000015b70000,0x0000000015c70000] [id=17288]

VM state:not at safepoint (normal execution)

VM Mutex/Monitor currently owned by a thread: None

heap address: 0x00000000e0000000, size: 512 MB, Compressed Oops mode: 32-bit
Narrow klass base: 0x0000000000000000, Narrow klass shift: 3
Compressed class space size: 1073741824 Address: 0x0000000100000000

Heap:
 PSYoungGen      total 148480K, used 140885K [0x00000000f5580000, 0x0000000100000000, 0x0000000100000000)
  eden space 124416K, 93% used [0x00000000f5580000,0x00000000fc795c28,0x00000000fcf00000)
  from space 24064K, 99% used [0x00000000fd100000,0x00000000fe87fa60,0x00000000fe880000)
  to   space 24064K, 0% used [0x00000000fe880000,0x00000000fe880000,0x0000000100000000)
 ParOldGen       total 245248K, used 44372K [0x00000000e0000000, 0x00000000eef80000, 0x00000000f5580000)
  object space 245248K, 18% used [0x00000000e0000000,0x00000000e2b553f0,0x00000000eef80000)
 Metaspace       used 73905K, capacity 77540K, committed 77824K, reserved 1116160K
  class space    used 10209K, capacity 10908K, committed 11008K, reserved 1048576K

Card table byte_map: [0x0000000011d60000,0x0000000011e70000] byte_map_base: 0x0000000011660000

Marking Bits: (ParMarkBitMap*) 0x000000006203be30
 Begin Bits: [0x0000000012270000, 0x0000000012a70000)
 End Bits:   [0x0000000012a70000, 0x0000000013270000)

Polling page: 0x0000000000e80000

CodeCache: size=245760Kb used=25106Kb max_used=25122Kb free=220653Kb
 bounds [0x00000000029a0000, 0x0000000004250000, 0x00000000119a0000]
 total_blobs=8599 nmethods=7783 adapters=728
 compilation: enabled

Compilation events (10 events):
Event: 23635.740 Thread 0x0000000013d1a000 nmethod 9052 0x00000000040b0cd0 code [0x00000000040b0e00, 0x00000000040b0e98]
Event: 23635.769 Thread 0x0000000013d1f000 nmethod 9051 0x000000000409b590 code [0x000000000409b700, 0x000000000409bb58]
Event: 23635.800 Thread 0x0000000013d1a000 9053       4       com.sun.jmx.interceptor.DefaultMBeanServerInterceptor::nonDefaultDomain (43 bytes)
Event: 23635.803 Thread 0x0000000013d1f000 9054       4       java.util.concurrent.locks.ReentrantReadWriteLock$Sync::tryAcquireShared (177 bytes)
Event: 23635.809 Thread 0x0000000013d1f000 nmethod 9054 0x00000000037a1210 code [0x00000000037a1360, 0x00000000037a1538]
Event: 23635.809 Thread 0x0000000013d1f000 9055       4       com.sun.jmx.mbeanserver.Repository::retrieveNamedObject (63 bytes)
Event: 23635.809 Thread 0x0000000013d1a000 nmethod 9053 0x00000000040a0110 code [0x00000000040a0280, 0x00000000040a06b8]
Event: 23635.819 Thread 0x0000000013d1a000 9056   !   4       org.gradle.process.internal.health.memory.MBeanAttributeProvider::getMbeanAttribute (105 bytes)
Event: 23635.879 Thread 0x0000000013d1f000 nmethod 9055 0x0000000004242790 code [0x00000000042429c0, 0x0000000004243ce0]
Event: 23635.879 Thread 0x0000000013d1f000 9057       4       javax.management.StandardMBean::getAttribute (9 bytes)

GC Heap History (10 events):
Event: 18.039 GC heap before
{Heap before GC invocations=12 (full 2):
 PSYoungGen      total 159232K, used 144350K [0x00000000f5580000, 0x0000000100000000, 0x0000000100000000)
  eden space 147456K, 89% used [0x00000000f5580000,0x00000000fd6f8cd0,0x00000000fe580000)
  from space 11776K, 99% used [0x00000000fe580000,0x00000000ff0fef00,0x00000000ff100000)
  to   space 15360K, 0% used [0x00000000ff100000,0x00000000ff100000,0x0000000100000000)
 ParOldGen       total 175104K, used 25913K [0x00000000e0000000, 0x00000000eab00000, 0x00000000f5580000)
  object space 175104K, 14% used [0x00000000e0000000,0x00000000e194e598,0x00000000eab00000)
 Metaspace       used 56473K, capacity 59020K, committed 59160K, reserved 1099776K
  class space    used 7793K, capacity 8292K, committed 8320K, reserved 1048576K
Event: 18.069 GC heap after
Heap after GC invocations=12 (full 2):
 PSYoungGen      total 147968K, used 15355K [0x00000000f5580000, 0x0000000100000000, 0x0000000100000000)
  eden space 132608K, 0% used [0x00000000f5580000,0x00000000f5580000,0x00000000fd700000)
  from space 15360K, 99% used [0x00000000ff100000,0x00000000ffffef00,0x0000000100000000)
  to   space 20992K, 0% used [0x00000000fd700000,0x00000000fd700000,0x00000000feb80000)
 ParOldGen       total 175104K, used 33791K [0x00000000e0000000, 0x00000000eab00000, 0x00000000f5580000)
  object space 175104K, 19% used [0x00000000e0000000,0x00000000e20ffc50,0x00000000eab00000)
 Metaspace       used 56473K, capacity 59020K, committed 59160K, reserved 1099776K
  class space    used 7793K, capacity 8292K, committed 8320K, reserved 1048576K
}
Event: 18.069 GC heap before
{Heap before GC invocations=13 (full 3):
 PSYoungGen      total 147968K, used 15355K [0x00000000f5580000, 0x0000000100000000, 0x0000000100000000)
  eden space 132608K, 0% used [0x00000000f5580000,0x00000000f5580000,0x00000000fd700000)
  from space 15360K, 99% used [0x00000000ff100000,0x00000000ffffef00,0x0000000100000000)
  to   space 20992K, 0% used [0x00000000fd700000,0x00000000fd700000,0x00000000feb80000)
 ParOldGen       total 175104K, used 33791K [0x00000000e0000000, 0x00000000eab00000, 0x00000000f5580000)
  object space 175104K, 19% used [0x00000000e0000000,0x00000000e20ffc50,0x00000000eab00000)
 Metaspace       used 56473K, capacity 59020K, committed 59160K, reserved 1099776K
  class space    used 7793K, capacity 8292K, committed 8320K, reserved 1048576K
Event: 18.576 GC heap after
Heap after GC invocations=13 (full 3):
 PSYoungGen      total 147968K, used 0K [0x00000000f5580000, 0x0000000100000000, 0x0000000100000000)
  eden space 132608K, 0% used [0x00000000f5580000,0x00000000f5580000,0x00000000fd700000)
  from space 15360K, 0% used [0x00000000ff100000,0x00000000ff100000,0x0000000100000000)
  to   space 20992K, 0% used [0x00000000fd700000,0x00000000fd700000,0x00000000feb80000)
 ParOldGen       total 245248K, used 37435K [0x00000000e0000000, 0x00000000eef80000, 0x00000000f5580000)
  object space 245248K, 15% used [0x00000000e0000000,0x00000000e248ec58,0x00000000eef80000)
 Metaspace       used 56452K, capacity 58948K, committed 59160K, reserved 1099776K
  class space    used 7786K, capacity 8280K, committed 8320K, reserved 1048576K
}
Event: 21.610 GC heap before
{Heap before GC invocations=14 (full 3):
 PSYoungGen      total 147968K, used 132608K [0x00000000f5580000, 0x0000000100000000, 0x0000000100000000)
  eden space 132608K, 100% used [0x00000000f5580000,0x00000000fd700000,0x00000000fd700000)
  from space 15360K, 0% used [0x00000000ff100000,0x00000000ff100000,0x0000000100000000)
  to   space 20992K, 0% used [0x00000000fd700000,0x00000000fd700000,0x00000000feb80000)
 ParOldGen       total 245248K, used 37435K [0x00000000e0000000, 0x00000000eef80000, 0x00000000f5580000)
  object space 245248K, 15% used [0x00000000e0000000,0x00000000e248ec58,0x00000000eef80000)
 Metaspace       used 62155K, capacity 64956K, committed 65152K, reserved 1105920K
  class space    used 8738K, capacity 9292K, committed 9344K, reserved 1048576K
Event: 21.633 GC heap after
Heap after GC invocations=14 (full 3):
 PSYoungGen      total 153600K, used 12077K [0x00000000f5580000, 0x0000000100000000, 0x0000000100000000)
  eden space 132608K, 0% used [0x00000000f5580000,0x00000000f5580000,0x00000000fd700000)
  from space 20992K, 57% used [0x00000000fd700000,0x00000000fe2cb4d8,0x00000000feb80000)
  to   space 20480K, 0% used [0x00000000fec00000,0x00000000fec00000,0x0000000100000000)
 ParOldGen       total 245248K, used 37443K [0x00000000e0000000, 0x00000000eef80000, 0x00000000f5580000)
  object space 245248K, 15% used [0x00000000e0000000,0x00000000e2490c58,0x00000000eef80000)
 Metaspace       used 62155K, capacity 64956K, committed 65152K, reserved 1105920K
  class space    used 8738K, capacity 9292K, committed 9344K, reserved 1048576K
}
Event: 25.331 GC heap before
{Heap before GC invocations=15 (full 3):
 PSYoungGen      total 153600K, used 144685K [0x00000000f5580000, 0x0000000100000000, 0x0000000100000000)
  eden space 132608K, 100% used [0x00000000f5580000,0x00000000fd700000,0x00000000fd700000)
  from space 20992K, 57% used [0x00000000fd700000,0x00000000fe2cb4d8,0x00000000feb80000)
  to   space 20480K, 0% used [0x00000000fec00000,0x00000000fec00000,0x0000000100000000)
 ParOldGen       total 245248K, used 37443K [0x00000000e0000000, 0x00000000eef80000, 0x00000000f5580000)
  object space 245248K, 15% used [0x00000000e0000000,0x00000000e2490c58,0x00000000eef80000)
 Metaspace       used 66804K, capacity 70206K, committed 70400K, reserved 1110016K
  class space    used 9477K, capacity 10137K, committed 10240K, reserved 1048576K
Event: 25.362 GC heap after
Heap after GC invocations=15 (full 3):
 PSYoungGen      total 146944K, used 20468K [0x00000000f5580000, 0x0000000100000000, 0x0000000100000000)
  eden space 126464K, 0% used [0x00000000f5580000,0x00000000f5580000,0x00000000fd100000)
  from space 20480K, 99% used [0x00000000fec00000,0x00000000ffffd1b0,0x0000000100000000)
  to   space 24064K, 0% used [0x00000000fd100000,0x00000000fd100000,0x00000000fe880000)
 ParOldGen       total 245248K, used 39850K [0x00000000e0000000, 0x00000000eef80000, 0x00000000f5580000)
  object space 245248K, 16% used [0x00000000e0000000,0x00000000e26ea920,0x00000000eef80000)
 Metaspace       used 66804K, capacity 70206K, committed 70400K, reserved 1110016K
  class space    used 9477K, capacity 10137K, committed 10240K, reserved 1048576K
}
Event: 2173.069 GC heap before
{Heap before GC invocations=16 (full 3):
 PSYoungGen      total 146944K, used 146932K [0x00000000f5580000, 0x0000000100000000, 0x0000000100000000)
  eden space 126464K, 100% used [0x00000000f5580000,0x00000000fd100000,0x00000000fd100000)
  from space 20480K, 99% used [0x00000000fec00000,0x00000000ffffd1b0,0x0000000100000000)
  to   space 24064K, 0% used [0x00000000fd100000,0x00000000fd100000,0x00000000fe880000)
 ParOldGen       total 245248K, used 39850K [0x00000000e0000000, 0x00000000eef80000, 0x00000000f5580000)
  object space 245248K, 16% used [0x00000000e0000000,0x00000000e26ea920,0x00000000eef80000)
 Metaspace       used 73772K, capacity 77398K, committed 77824K, reserved 1116160K
  class space    used 10194K, capacity 10895K, committed 11008K, reserved 1048576K
Event: 2173.130 GC heap after
Heap after GC invocations=16 (full 3):
 PSYoungGen      total 148480K, used 24062K [0x00000000f5580000, 0x0000000100000000, 0x0000000100000000)
  eden space 124416K, 0% used [0x00000000f5580000,0x00000000f5580000,0x00000000fcf00000)
  from space 24064K, 99% used [0x00000000fd100000,0x00000000fe87fa60,0x00000000fe880000)
  to   space 24064K, 0% used [0x00000000fe880000,0x00000000fe880000,0x0000000100000000)
 ParOldGen       total 245248K, used 44372K [0x00000000e0000000, 0x00000000eef80000, 0x00000000f5580000)
  object space 245248K, 18% used [0x00000000e0000000,0x00000000e2b553f0,0x00000000eef80000)
 Metaspace       used 73772K, capacity 77398K, committed 77824K, reserved 1116160K
  class space    used 10194K, capacity 10895K, committed 11008K, reserved 1048576K
}

Deoptimization events (10 events):
Event: 1430.281 Thread 0x000000001a65c000 Uncommon trap: reason=unstable_if action=reinterpret pc=0x00000000041933a8 method=java.util.GregorianCalendar.computeFields(II)I @ 199
Event: 2173.130 Thread 0x0000000013cf9800 Uncommon trap: reason=unstable_if action=reinterpret pc=0x0000000003a0a778 method=java.lang.ref.Reference.tryHandlePending(Z)Z @ 20
Event: 2173.135 Thread 0x000000000299b000 Uncommon trap: reason=unstable_if action=reinterpret pc=0x0000000003bf1e4c method=java.util.HashMap$HashIterator.<init>(Ljava/util/HashMap;)V @ 45
Event: 8263.074 Thread 0x0000000017791800 Uncommon trap: reason=unstable_if action=reinterpret pc=0x00000000032efcb8 method=java.io.DataInputStream.readBoolean()Z @ 21
Event: 9035.931 Thread 0x0000000015fa5800 Uncommon trap: reason=unstable_if action=reinterpret pc=0x00000000040ff068 method=sun.nio.ch.WindowsSelectorImpl$SubSelector.processFDSet(J[IIZ)I @ 143
Event: 9036.097 Thread 0x00000000177d9800 Uncommon trap: reason=unstable_if action=reinterpret pc=0x000000000411fbcc method=org.slf4j.helpers.MessageFormatter.deeplyAppendParameter(Ljava/lang/StringBuilder;Ljava/lang/Object;Ljava/util/Map;)V @ 1
Event: 9036.098 Thread 0x0000000015fa5800 Uncommon trap: reason=unstable_if action=reinterpret pc=0x0000000004102a14 method=com.esotericsoftware.kryo.io.Input.require(I)I @ 180
Event: 9036.101 Thread 0x000000001781f800 Uncommon trap: reason=unstable_if action=reinterpret pc=0x0000000002df8474 method=org.gradle.launcher.daemon.server.exec.LogToClient$AsynchronousLogDispatcher.run()V @ 21
Event: 9036.109 Thread 0x0000000017791800 Uncommon trap: reason=unstable_if action=reinterpret pc=0x00000000041cd278 method=java.util.concurrent.locks.AbstractQueuedSynchronizer$ConditionObject.awaitNanos(J)J @ 89
Event: 9036.417 Thread 0x0000000017808800 Uncommon trap: reason=unstable_if action=reinterpret pc=0x0000000002eafba4 method=com.esotericsoftware.kryo.io.Input.require(I)I @ 180

Classes redefined (0 events):
No events

Internal exceptions (10 events):
Event: 26.068 Thread 0x000000001a65d800 Exception <a 'java/lang/NoSuchMethodError': java.lang.Object.lambda$static$0(Lcom/android/apksig/util/RunnablesProvider;)V> (0x00000000f851a460) thrown at [C:\ade\jenkins\workspace\8-2-build-windows-amd64-cygwin\jdk8u241\331\hotspot\src\share\vm\interpret
Event: 26.463 Thread 0x000000001780e000 Exception <a 'sun/nio/fs/WindowsException'> (0x00000000f8c42100) thrown at [C:\ade\jenkins\workspace\8-2-build-windows-amd64-cygwin\jdk8u241\331\hotspot\src\share\vm\prims\jni.cpp, line 710]
Event: 26.487 Thread 0x000000001780e000 Exception <a 'sun/nio/fs/WindowsException'> (0x00000000f8cebc50) thrown at [C:\ade\jenkins\workspace\8-2-build-windows-amd64-cygwin\jdk8u241\331\hotspot\src\share\vm\prims\jni.cpp, line 710]
Event: 9036.028 Thread 0x0000000015fa5800 Exception <a 'java/lang/NoSuchMethodError': <clinit>> (0x00000000fbd213b8) thrown at [C:\ade\jenkins\workspace\8-2-build-windows-amd64-cygwin\jdk8u241\331\hotspot\src\share\vm\prims\jni.cpp, line 1614]
Event: 9036.046 Thread 0x0000000015fa5800 Exception <a 'java/lang/NoSuchMethodError': <clinit>> (0x00000000fbd28b60) thrown at [C:\ade\jenkins\workspace\8-2-build-windows-amd64-cygwin\jdk8u241\331\hotspot\src\share\vm\prims\jni.cpp, line 1614]
Event: 9036.097 Thread 0x00000000177d9800 Implicit null exception at 0x000000000411cef3 to 0x000000000411fb81
Event: 9036.134 Thread 0x000000001778e800 Exception <a 'java/io/IOException'> (0x00000000fbc6bdc8) thrown at [C:\ade\jenkins\workspace\8-2-build-windows-amd64-cygwin\jdk8u241\331\hotspot\src\share\vm\prims\jni.cpp, line 710]
Event: 9036.192 Thread 0x00000000177d9800 Exception <a 'java/lang/NoSuchMethodError': <clinit>> (0x00000000fbdbf0d8) thrown at [C:\ade\jenkins\workspace\8-2-build-windows-amd64-cygwin\jdk8u241\331\hotspot\src\share\vm\prims\jni.cpp, line 1614]
Event: 9036.193 Thread 0x00000000177d9800 Exception <a 'java/lang/NoSuchMethodError': <clinit>> (0x00000000fbdc0a20) thrown at [C:\ade\jenkins\workspace\8-2-build-windows-amd64-cygwin\jdk8u241\331\hotspot\src\share\vm\prims\jni.cpp, line 1614]
Event: 9036.226 Thread 0x00000000177d9800 Exception <a 'java/lang/NoSuchMethodError': <clinit>> (0x00000000fbded938) thrown at [C:\ade\jenkins\workspace\8-2-build-windows-amd64-cygwin\jdk8u241\331\hotspot\src\share\vm\prims\jni.cpp, line 1614]

Events (10 events):
Event: 9036.192 loading class java/util/Collections$EmptyListIterator
Event: 9036.193 loading class java/util/Collections$EmptyListIterator done
Event: 9036.232 Thread 0x000000001780d000 Thread exited: 0x000000001780d000
Event: 9036.417 Thread 0x0000000017808800 Uncommon trap: trap_request=0xffffff65 fr.pc=0x0000000002eafba4
Event: 9036.417 Thread 0x0000000017808800 DEOPT PACKING pc=0x0000000002eafba4 sp=0x000000001938e930
Event: 9036.417 Thread 0x0000000017808800 DEOPT UNPACKING pc=0x00000000029e583b sp=0x000000001938e8f0 mode 2
Event: 9036.422 Thread 0x0000000017808800 Thread exited: 0x0000000017808800
Event: 9096.145 Thread 0x0000000015fa6800 Thread exited: 0x0000000015fa6800
Event: 9657.309 Thread 0x000000001781f800 DEOPT PACKING pc=0x000000000420dfdf sp=0x000000001968f540
Event: 9657.309 Thread 0x000000001781f800 DEOPT UNPACKING pc=0x00000000029e7890 sp=0x000000001968f2e8 mode 0


Dynamic libraries:
0x00007ff72c410000 - 0x00007ff72c447000 	C:\Program Files\Java\jdk1.8.0_241\bin\java.exe
0x00007ff8b49e0000 - 0x00007ff8b4bd0000 	C:\Windows\SYSTEM32\ntdll.dll
0x00007ff8b3ea0000 - 0x00007ff8b3f52000 	C:\Windows\System32\KERNEL32.DLL
0x00007ff8b1db0000 - 0x00007ff8b2054000 	C:\Windows\System32\KERNELBASE.dll
0x00007ff8b2b80000 - 0x00007ff8b2c23000 	C:\Windows\System32\ADVAPI32.dll
0x00007ff8b4100000 - 0x00007ff8b419e000 	C:\Windows\System32\msvcrt.dll
0x00007ff8b47d0000 - 0x00007ff8b4867000 	C:\Windows\System32\sechost.dll
0x00007ff8b4880000 - 0x00007ff8b49a0000 	C:\Windows\System32\RPCRT4.dll
0x00007ff8b3f60000 - 0x00007ff8b40f4000 	C:\Windows\System32\USER32.dll
0x00007ff8b2a60000 - 0x00007ff8b2a81000 	C:\Windows\System32\win32u.dll
0x00007ff8b3250000 - 0x00007ff8b3276000 	C:\Windows\System32\GDI32.dll
0x00007ff8b1ab0000 - 0x00007ff8b1c46000 	C:\Windows\System32\gdi32full.dll
0x00007ff8b2060000 - 0x00007ff8b20fe000 	C:\Windows\System32\msvcp_win.dll
0x00007ff8b1cb0000 - 0x00007ff8b1daa000 	C:\Windows\System32\ucrtbase.dll
0x00007ff8a7ca0000 - 0x00007ff8a7f24000 	C:\Windows\WinSxS\amd64_microsoft.windows.common-controls_6595b64144ccf1df_6.0.18362.959_none_e6c7bbbf130c62bb\COMCTL32.dll
0x00007ff8b2db0000 - 0x00007ff8b30e5000 	C:\Windows\System32\combase.dll
0x00007ff8b21b0000 - 0x00007ff8b2230000 	C:\Windows\System32\bcryptPrimitives.dll
0x00007ff8b35c0000 - 0x00007ff8b35ee000 	C:\Windows\System32\IMM32.DLL
0x00000000620c0000 - 0x0000000062192000 	C:\Program Files\Java\jdk1.8.0_241\jre\bin\msvcr100.dll
0x0000000061810000 - 0x00000000620bc000 	C:\Program Files\Java\jdk1.8.0_241\jre\bin\server\jvm.dll
0x00007ff8b41a0000 - 0x00007ff8b41a8000 	C:\Windows\System32\PSAPI.DLL
0x00007ff8a7f70000 - 0x00007ff8a7f94000 	C:\Windows\SYSTEM32\WINMM.dll
0x00007ff8ab300000 - 0x00007ff8ab30a000 	C:\Windows\SYSTEM32\VERSION.dll
0x00007ff89c1a0000 - 0x00007ff89c1a9000 	C:\Windows\SYSTEM32\WSOCK32.dll
0x00007ff8a7f40000 - 0x00007ff8a7f6d000 	C:\Windows\SYSTEM32\WINMMBASE.dll
0x00007ff8b2a10000 - 0x00007ff8b2a5a000 	C:\Windows\System32\cfgmgr32.dll
0x00007ff8b35f0000 - 0x00007ff8b365f000 	C:\Windows\System32\WS2_32.dll
0x00007ff885b70000 - 0x00007ff885b7f000 	C:\Program Files\Java\jdk1.8.0_241\jre\bin\verify.dll
0x00007ff885b40000 - 0x00007ff885b69000 	C:\Program Files\Java\jdk1.8.0_241\jre\bin\java.dll
0x00007ff87b860000 - 0x00007ff87b876000 	C:\Program Files\Java\jdk1.8.0_241\jre\bin\zip.dll
0x00007ff8b36c0000 - 0x00007ff8b3da6000 	C:\Windows\System32\SHELL32.dll
0x00007ff8b2c30000 - 0x00007ff8b2cd9000 	C:\Windows\System32\shcore.dll
0x00007ff8b2230000 - 0x00007ff8b29b2000 	C:\Windows\System32\windows.storage.dll
0x00007ff8b1930000 - 0x00007ff8b1953000 	C:\Windows\System32\profapi.dll
0x00007ff8b18c0000 - 0x00007ff8b190a000 	C:\Windows\System32\powrprof.dll
0x00007ff8b1890000 - 0x00007ff8b18a0000 	C:\Windows\System32\UMPDC.dll
0x00007ff8b2d50000 - 0x00007ff8b2da2000 	C:\Windows\System32\shlwapi.dll
0x00007ff8b1910000 - 0x00007ff8b1921000 	C:\Windows\System32\kernel.appcore.dll
0x00007ff8b29c0000 - 0x00007ff8b29d7000 	C:\Windows\System32\cryptsp.dll
0x00007ff879800000 - 0x00007ff87981a000 	C:\Program Files\Java\jdk1.8.0_241\jre\bin\net.dll
0x00007ff8b10a0000 - 0x00007ff8b1107000 	C:\Windows\system32\mswsock.dll
0x00007ff875120000 - 0x00007ff875132000 	C:\Program Files\Java\jdk1.8.0_241\jre\bin\nio.dll
0x00007ff868190000 - 0x00007ff8681b7000 	C:\Users\ann\.gradle\native\f6784746aeab05261644944871eae4fe03e0ef1612fff0a4a95f87b438bc6780\windows-amd64\native-platform.dll
0x00007ff885af0000 - 0x00007ff885afd000 	C:\Program Files\Java\jdk1.8.0_241\jre\bin\management.dll
0x00007ff8b0c10000 - 0x00007ff8b0c43000 	C:\Windows\system32\rsaenh.dll
0x00007ff8b29e0000 - 0x00007ff8b2a06000 	C:\Windows\System32\bcrypt.dll
0x00007ff8b17b0000 - 0x00007ff8b17d5000 	C:\Windows\SYSTEM32\USERENV.dll
0x00007ff8b1270000 - 0x00007ff8b127c000 	C:\Windows\SYSTEM32\CRYPTBASE.dll
0x00007ff8b0db0000 - 0x00007ff8b0dea000 	C:\Windows\SYSTEM32\IPHLPAPI.DLL
0x00007ff8b4870000 - 0x00007ff8b4878000 	C:\Windows\System32\NSI.dll
0x00007ff8ac0b0000 - 0x00007ff8ac0c6000 	C:\Windows\SYSTEM32\dhcpcsvc6.DLL
0x00007ff8ac390000 - 0x00007ff8ac3ac000 	C:\Windows\SYSTEM32\dhcpcsvc.DLL
0x00007ff8b0df0000 - 0x00007ff8b0ebb000 	C:\Windows\SYSTEM32\DNSAPI.dll
0x00007ff8ac8f0000 - 0x00007ff8ac8fb000 	C:\Windows\SYSTEM32\WINNSI.DLL
0x00007ff8b08f0000 - 0x00007ff8b0921000 	C:\Windows\SYSTEM32\ntmarta.dll

VM Arguments:
jvm_args: -XX:MaxMetaspaceSize=256m -XX:+HeapDumpOnOutOfMemoryError -Xms256m -Xmx512m -Dfile.encoding=windows-1252 -Duser.country=US -Duser.language=en -Duser.variant 
java_command: org.gradle.launcher.daemon.bootstrap.GradleDaemon 6.5
java_class_path (initial): C:\Users\ann\.gradle\wrapper\dists\gradle-6.5-all\2oz4ud9k3tuxjg84bbf55q0tn\gradle-6.5\lib\gradle-launcher-6.5.jar
Launcher Type: SUN_STANDARD

Environment Variables:
JAVA_HOME=C:\Program Files\Java\jdk1.8.0_241
CLASSPATH=C:\Users\ann\eclipse-workspace-cordova\Z Sensor\platforms\android\\gradle\wrapper\gradle-wrapper.jar
PATH=C:/Program Files/Java/jre1.8.0_241/bin/server;C:/Program Files/Java/jre1.8.0_241/bin;C:/Program Files/Java/jre1.8.0_241/lib/amd64;C:\Python38\Scripts\;C:\Python38\;C:\Program Files (x86)\Intel\iCLS Client\;C:\Program Files\Intel\iCLS Client\;C:\Windows\system32;C:\Windows;C:\Windows\System32\Wbem;C:\Windows\System32\WindowsPowerShell\v1.0\;C:\Windows\System32\OpenSSH\;C:\Program Files (x86)\Common Files\Acronis\VirtualFile\;C:\Program Files (x86)\Common Files\Acronis\VirtualFile64\;C:\Program Files (x86)\Common Files\Acronis\FileProtector\;C:\Program Files (x86)\Common Files\Acronis\FileProtector64\;C:\Program Files (x86)\Common Files\Acronis\SnapAPI\;C:\Program Files (x86)\Common Files\Oracle\Java\javapath;C:\Program Files\Git\cmd;C:\Program Files (x86)\Intel\Intel(R) Management Engine Components\DAL;C:\Program Files\Intel\Intel(R) Management Engine Components\DAL;C:\Program Files (x86)\Intel\Intel(R) Management Engine Components\IPT;C:\Program Files\Intel\Intel(R) Management Engine Components\IPT;C:\Program Files\Intel\WiFi\bin\;C:\Program Files\Common Files\Intel\WirelessCommon\;C:\Users\ann\AppData\Local\Android\Sdk\tools;C:\Users\ann\AppData\Local\Android\Sdk\platform-tools;C:\Users\ann\AppData\Local\Android\Sdk\tools\bin;C:\Program Files\nodejs\;C:\ProgramData\chocolatey\bin;C:\Gradle\gradle-6.5\bin;C:\Program Files\MySQL\MySQL Shell 8.0\bin\;C:\Users\ann\AppData\Local\Microsoft\WindowsApps;C:\Users\ann\AppData\Roaming\npm;C:\software\eclipse;;C:\Program Files\Java\jdk1.8.0_241\bin
USERNAME=ann
OS=Windows_NT
PROCESSOR_IDENTIFIER=Intel64 Family 6 Model 69 Stepping 1, GenuineIntel



---------------  S Y S T E M  ---------------

OS: Windows 10.0 , 64 bit Build 18362 (10.0.18362.959)

CPU:total 4 (initial active 4) (2 cores per cpu, 2 threads per core) family 6 model 69 stepping 1, cmov, cx8, fxsr, mmx, sse, sse2, sse3, ssse3, sse4.1, sse4.2, popcnt, avx, avx2, aes, clmul, erms, lzcnt, ht, tsc, tscinvbit, bmi1, bmi2

Memory: 4k page, physical 8291728k(1008032k free), swap 23856780k(0k free)

vm_info: Java HotSpot(TM) 64-Bit Server VM (25.241-b07) for windows-amd64 JRE (1.8.0_241-b07), built on Dec 11 2019 10:21:40 by "rejava" with MS VC++ 10.0 (VS2010)

time: Fri Jul 17 08:10:08 2020
timezone: W. Europe Daylight Time
elapsed time: 23635 seconds (0d 6h 33m 55s)

